<Event xmlns='http://schemas.microsoft.com/win/2004/08/events/event'><System><Provider Name='Microsoft-Windows-Sysmon' Guid='{5770385f-c22a-43e0-bf4c-06f5698ffbd9}'/><EventID>7</EventID><Version>3</Version><Level>4</Level><Task>7</Task><Opcode>0</Opcode><Keywords>0x8000000000000000</Keywords><TimeCreated SystemTime='2024-06-06T07:28:35.6052788Z'/><EventRecordID>34</EventRecordID><Correlation/><Execution ProcessID='4004' ThreadID='2984'/><Channel>Microsoft-Windows-Sysmon/Operational</Channel><Computer>a23aada3-29ba-41bd-8b71-d13f4f28bde3</Computer><Security UserID='S-1-5-18'/></System><EventData><Data Name='RuleName'>-</Data><Data Name='UtcTime'>2024-06-06 07:28:35.599</Data><Data Name='ProcessGuid'>{6c5fe7fc-6523-6661-6a00-000000000200}</Data><Data Name='ProcessId'>4116</Data><Data Name='Image'>C:\Windows\SystemApps\Microsoft.Windows.Search_cw5n1h2txyewy\SearchApp.exe</Data><Data Name='ImageLoaded'>\\VSMB-{dcc079ae-60ba-4d07-847c-3493609c0870}\os\Windows\System32\logoncli.dll</Data><Data Name='FileVersion'>-</Data><Data Name='Description'>-</Data><Data Name='Product'>-</Data><Data Name='Company'>-</Data><Data Name='OriginalFileName'>-</Data><Data Name='Hashes'>-</Data><Data Name='Signed'>failed: Invalid hash</Data><Data Name='Signature'>-</Data><Data Name='SignatureStatus'>-</Data><Data Name='User'>A23AADA3-29BA-4\WDAGUtilityAccount</Data></EventData></Event>
<Event xmlns='http://schemas.microsoft.com/win/2004/08/events/event'><System><Provider Name='Microsoft-Windows-Sysmon' Guid='{5770385f-c22a-43e0-bf4c-06f5698ffbd9}'/><EventID>12</EventID><Version>2</Version><Level>4</Level><Task>12</Task><Opcode>0</Opcode><Keywords>0x8000000000000000</Keywords><TimeCreated SystemTime='2024-06-06T07:28:35.9143317Z'/><EventRecordID>35</EventRecordID><Correlation/><Execution ProcessID='4004' ThreadID='2984'/><Channel>Microsoft-Windows-Sysmon/Operational</Channel><Computer>a23aada3-29ba-41bd-8b71-d13f4f28bde3</Computer><Security UserID='S-1-5-18'/></System><EventData><Data Name='RuleName'>T1060,RunKey</Data><Data Name='EventType'>DeleteValue</Data><Data Name='UtcTime'>2024-06-06 07:28:35.911</Data><Data Name='ProcessGuid'>{6c5fe7fc-6516-6661-4c00-000000000200}</Data><Data Name='ProcessId'>3216</Data><Data Name='Image'>C:\Windows\Explorer.EXE</Data><Data Name='TargetObject'>HKU\S-1-5-21-2047949552-857980807-821054962-504\SOFTWARE\Microsoft\Windows\CurrentVersion\Runonce\ctfmon.exe</Data><Data Name='User'>A23AADA3-29BA-4\WDAGUtilityAccount</Data></EventData></Event>
<Event xmlns='http://schemas.microsoft.com/win/2004/08/events/event'><System><Provider Name='Microsoft-Windows-Sysmon' Guid='{5770385f-c22a-43e0-bf4c-06f5698ffbd9}'/><EventID>1</EventID><Version>5</Version><Level>4</Level><Task>1</Task><Opcode>0</Opcode><Keywords>0x8000000000000000</Keywords><TimeCreated SystemTime='2024-06-06T07:28:36.0775065Z'/><EventRecordID>36</EventRecordID><Correlation/><Execution ProcessID='4004' ThreadID='2984'/><Channel>Microsoft-Windows-Sysmon/Operational</Channel><Computer>a23aada3-29ba-41bd-8b71-d13f4f28bde3</Computer><Security UserID='S-1-5-18'/></System><EventData><Data Name='RuleName'>-</Data><Data Name='UtcTime'>2024-06-06 07:28:36.076</Data><Data Name='ProcessGuid'>{6c5fe7fc-6524-6661-6d00-000000000200}</Data><Data Name='ProcessId'>4668</Data><Data Name='Image'>C:\Windows\System32\ctfmon.exe</Data><Data Name='FileVersion'>10.0.19041.1 (WinBuild.160101.0800)</Data><Data Name='Description'>CTF Loader</Data><Data Name='Product'>MicrosoftR WindowsR Operating System</Data><Data Name='Company'>Microsoft Corporation</Data><Data Name='OriginalFileName'>CTFMON.EXE</Data><Data Name='CommandLine'>"C:\Windows\System32\ctfmon.exe" /n</Data><Data Name='CurrentDirectory'>C:\Windows\system32\</Data><Data Name='User'>A23AADA3-29BA-4\WDAGUtilityAccount</Data><Data Name='LogonGuid'>{6c5fe7fc-6514-6661-ccbc-030000000000}</Data><Data Name='LogonId'>0x3bccc</Data><Data Name='TerminalSessionId'>1</Data><Data Name='IntegrityLevel'>High</Data><Data Name='Hashes'>MD5=B625C18E177D5BEB5A6F6432CCF46FB3,SHA256=484FED5F039F429ED933931BA607B7EFDA7D1A343D79CFAB60910E1843147012,IMPHASH=6FD43544FB51C12382CAD7C88F550240</Data><Data Name='ParentProcessGuid'>{6c5fe7fc-6516-6661-4c00-000000000200}</Data><Data Name='ParentProcessId'>3216</Data><Data Name='ParentImage'>C:\Windows\explorer.exe</Data><Data Name='ParentCommandLine'>C:\Windows\Explorer.EXE</Data><Data Name='ParentUser'>A23AADA3-29BA-4\WDAGUtilityAccount</Data></EventData></Event>
<Event xmlns='http://schemas.microsoft.com/win/2004/08/events/event'><System><Provider Name='Microsoft-Windows-Sysmon' Guid='{5770385f-c22a-43e0-bf4c-06f5698ffbd9}'/><EventID>1</EventID><Version>5</Version><Level>4</Level><Task>1</Task><Opcode>0</Opcode><Keywords>0x8000000000000000</Keywords><TimeCreated SystemTime='2024-06-06T07:28:52.2607876Z'/><EventRecordID>37</EventRecordID><Correlation/><Execution ProcessID='4004' ThreadID='2984'/><Channel>Microsoft-Windows-Sysmon/Operational</Channel><Computer>a23aada3-29ba-41bd-8b71-d13f4f28bde3</Computer><Security UserID='S-1-5-18'/></System><EventData><Data Name='RuleName'>-</Data><Data Name='UtcTime'>2024-06-06 07:28:52.258</Data><Data Name='ProcessGuid'>{6c5fe7fc-6534-6661-6f00-000000000200}</Data><Data Name='ProcessId'>4660</Data><Data Name='Image'>C:\Windows\System32\wlrmdr.exe</Data><Data Name='FileVersion'>10.0.19041.3636 (WinBuild.160101.0800)</Data><Data Name='Description'>Windows logon reminder</Data><Data Name='Product'>MicrosoftR WindowsR Operating System</Data><Data Name='Company'>Microsoft Corporation</Data><Data Name='OriginalFileName'>WLRMNDR.EXE</Data><Data Name='CommandLine'> -c -s 0 -f 0 -t Empty -m Empty -a 0 -u Empty</Data><Data Name='CurrentDirectory'>C:\Windows\system32\</Data><Data Name='User'>A23AADA3-29BA-4\WDAGUtilityAccount</Data><Data Name='LogonGuid'>{6c5fe7fc-6514-6661-ccbc-030000000000}</Data><Data Name='LogonId'>0x3bccc</Data><Data Name='TerminalSessionId'>1</Data><Data Name='IntegrityLevel'>High</Data><Data Name='Hashes'>MD5=59BD6F822956E54CDEDD0C441372C289,SHA256=2F89115E1081C91BABAF2961CEF0BCF9C8F4EE803D3BE6E88ACE23B383FE7324,IMPHASH=0C029EF03BE0DFE4324558843609A28E</Data><Data Name='ParentProcessGuid'>{6c5fe7fc-6512-6661-3600-000000000200}</Data><Data Name='ParentProcessId'>1840</Data><Data Name='ParentImage'>C:\Windows\System32\winlogon.exe</Data><Data Name='ParentCommandLine'>winlogon.exe</Data><Data Name='ParentUser'>NT AUTHORITY\SYSTEM</Data></EventData></Event>
<Event xmlns='http://schemas.microsoft.com/win/2004/08/events/event'><System><Provider Name='Microsoft-Windows-Sysmon' Guid='{5770385f-c22a-43e0-bf4c-06f5698ffbd9}'/><EventID>1</EventID><Version>5</Version><Level>4</Level><Task>1</Task><Opcode>0</Opcode><Keywords>0x8000000000000000</Keywords><TimeCreated SystemTime='2024-06-06T07:28:52.4976948Z'/><EventRecordID>38</EventRecordID><Correlation/><Execution ProcessID='4004' ThreadID='2984'/><Channel>Microsoft-Windows-Sysmon/Operational</Channel><Computer>a23aada3-29ba-41bd-8b71-d13f4f28bde3</Computer><Security UserID='S-1-5-18'/></System><EventData><Data Name='RuleName'>-</Data><Data Name='UtcTime'>2024-06-06 07:28:52.494</Data><Data Name='ProcessGuid'>{6c5fe7fc-6534-6661-7200-000000000200}</Data><Data Name='ProcessId'>4812</Data><Data Name='Image'>C:\Windows\System32\taskhostw.exe</Data><Data Name='FileVersion'>10.0.19041.3636 (WinBuild.160101.0800)</Data><Data Name='Description'>Host Process for Windows Tasks</Data><Data Name='Product'>MicrosoftR WindowsR Operating System</Data><Data Name='Company'>Microsoft Corporation</Data><Data Name='OriginalFileName'>taskhostw.exe</Data><Data Name='CommandLine'>taskhostw.exe SyncFromCloud</Data><Data Name='CurrentDirectory'>C:\Windows\system32\</Data><Data Name='User'>A23AADA3-29BA-4\WDAGUtilityAccount</Data><Data Name='LogonGuid'>{6c5fe7fc-6514-6661-ccbc-030000000000}</Data><Data Name='LogonId'>0x3bccc</Data><Data Name='TerminalSessionId'>1</Data><Data Name='IntegrityLevel'>High</Data><Data Name='Hashes'>MD5=9D68EEF2D82A328F0ECE1B641E5728CC,SHA256=976BB3FB062818E9643EC7F65BE2F267B90F63BD9F8BE0E6212D131183136140,IMPHASH=3A0C6863CDE566AF997DB2DEFFF9D924</Data><Data Name='ParentProcessGuid'>{00000000-0000-0000-0000-000000000000}</Data><Data Name='ParentProcessId'>616</Data><Data Name='ParentImage'>-</Data><Data Name='ParentCommandLine'>-</Data><Data Name='ParentUser'>-</Data></EventData></Event>
<Event xmlns='http://schemas.microsoft.com/win/2004/08/events/event'><System><Provider Name='Microsoft-Windows-Sysmon' Guid='{5770385f-c22a-43e0-bf4c-06f5698ffbd9}'/><EventID>7</EventID><Version>3</Version><Level>4</Level><Task>7</Task><Opcode>0</Opcode><Keywords>0x8000000000000000</Keywords><TimeCreated SystemTime='2024-06-06T07:28:52.5267914Z'/><EventRecordID>39</EventRecordID><Correlation/><Execution ProcessID='4004' ThreadID='2984'/><Channel>Microsoft-Windows-Sysmon/Operational</Channel><Computer>a23aada3-29ba-41bd-8b71-d13f4f28bde3</Computer><Security UserID='S-1-5-18'/></System><EventData><Data Name='RuleName'>-</Data><Data Name='UtcTime'>2024-06-06 07:28:52.520</Data><Data Name='ProcessGuid'>{6c5fe7fc-6534-6661-7000-000000000200}</Data><Data Name='ProcessId'>4352</Data><Data Name='Image'>C:\Windows\System32\backgroundTaskHost.exe</Data><Data Name='ImageLoaded'>\\VSMB-{dcc079ae-60ba-4d07-847c-3493609c0870}\os\Windows\System32\logoncli.dll</Data><Data Name='FileVersion'>-</Data><Data Name='Description'>-</Data><Data Name='Product'>-</Data><Data Name='Company'>-</Data><Data Name='OriginalFileName'>-</Data><Data Name='Hashes'>-</Data><Data Name='Signed'>failed: Invalid hash</Data><Data Name='Signature'>-</Data><Data Name='SignatureStatus'>-</Data><Data Name='User'>A23AADA3-29BA-4\WDAGUtilityAccount</Data></EventData></Event>
<Event xmlns='http://schemas.microsoft.com/win/2004/08/events/event'><System><Provider Name='Microsoft-Windows-Sysmon' Guid='{5770385f-c22a-43e0-bf4c-06f5698ffbd9}'/><EventID>7</EventID><Version>3</Version><Level>4</Level><Task>7</Task><Opcode>0</Opcode><Keywords>0x8000000000000000</Keywords><TimeCreated SystemTime='2024-06-06T07:28:52.5748523Z'/><EventRecordID>40</EventRecordID><Correlation/><Execution ProcessID='4004' ThreadID='2984'/><Channel>Microsoft-Windows-Sysmon/Operational</Channel><Computer>a23aada3-29ba-41bd-8b71-d13f4f28bde3</Computer><Security UserID='S-1-5-18'/></System><EventData><Data Name='RuleName'>-</Data><Data Name='UtcTime'>2024-06-06 07:28:52.567</Data><Data Name='ProcessGuid'>{6c5fe7fc-6534-6661-7200-000000000200}</Data><Data Name='ProcessId'>4812</Data><Data Name='Image'>C:\Windows\System32\taskhostw.exe</Data><Data Name='ImageLoaded'>\\VSMB-{dcc079ae-60ba-4d07-847c-3493609c0870}\os\Windows\System32\samlib.dll</Data><Data Name='FileVersion'>-</Data><Data Name='Description'>-</Data><Data Name='Product'>-</Data><Data Name='Company'>-</Data><Data Name='OriginalFileName'>-</Data><Data Name='Hashes'>-</Data><Data Name='Signed'>failed: Invalid hash</Data><Data Name='Signature'>-</Data><Data Name='SignatureStatus'>-</Data><Data Name='User'>A23AADA3-29BA-4\WDAGUtilityAccount</Data></EventData></Event>
<Event xmlns='http://schemas.microsoft.com/win/2004/08/events/event'><System><Provider Name='Microsoft-Windows-Sysmon' Guid='{5770385f-c22a-43e0-bf4c-06f5698ffbd9}'/><EventID>7</EventID><Version>3</Version><Level>4</Level><Task>7</Task><Opcode>0</Opcode><Keywords>0x8000000000000000</Keywords><TimeCreated SystemTime='2024-06-06T07:28:52.6068255Z'/><EventRecordID>41</EventRecordID><Correlation/><Execution ProcessID='4004' ThreadID='2984'/><Channel>Microsoft-Windows-Sysmon/Operational</Channel><Computer>a23aada3-29ba-41bd-8b71-d13f4f28bde3</Computer><Security UserID='S-1-5-18'/></System><EventData><Data Name='RuleName'>-</Data><Data Name='UtcTime'>2024-06-06 07:28:52.599</Data><Data Name='ProcessGuid'>{6c5fe7fc-6534-6661-7100-000000000200}</Data><Data Name='ProcessId'>828</Data><Data Name='Image'>C:\Windows\System32\backgroundTaskHost.exe</Data><Data Name='ImageLoaded'>\\VSMB-{dcc079ae-60ba-4d07-847c-3493609c0870}\os\Windows\System32\logoncli.dll</Data><Data Name='FileVersion'>-</Data><Data Name='Description'>-</Data><Data Name='Product'>-</Data><Data Name='Company'>-</Data><Data Name='OriginalFileName'>-</Data><Data Name='Hashes'>-</Data><Data Name='Signed'>failed: Invalid hash</Data><Data Name='Signature'>-</Data><Data Name='SignatureStatus'>-</Data><Data Name='User'>A23AADA3-29BA-4\WDAGUtilityAccount</Data></EventData></Event>
<Event xmlns='http://schemas.microsoft.com/win/2004/08/events/event'><System><Provider Name='Microsoft-Windows-Sysmon' Guid='{5770385f-c22a-43e0-bf4c-06f5698ffbd9}'/><EventID>7</EventID><Version>3</Version><Level>4</Level><Task>7</Task><Opcode>0</Opcode><Keywords>0x8000000000000000</Keywords><TimeCreated SystemTime='2024-06-06T07:28:52.6620440Z'/><EventRecordID>42</EventRecordID><Correlation/><Execution ProcessID='4004' ThreadID='2984'/><Channel>Microsoft-Windows-Sysmon/Operational</Channel><Computer>a23aada3-29ba-41bd-8b71-d13f4f28bde3</Computer><Security UserID='S-1-5-18'/></System><EventData><Data Name='RuleName'>-</Data><Data Name='UtcTime'>2024-06-06 07:28:52.661</Data><Data Name='ProcessGuid'>{6c5fe7fc-6534-6661-7000-000000000200}</Data><Data Name='ProcessId'>4352</Data><Data Name='Image'>C:\Windows\System32\backgroundTaskHost.exe</Data><Data Name='ImageLoaded'>\\VSMB-{dcc079ae-60ba-4d07-847c-3493609c0870}\os\Windows\System32\wintrust.dll</Data><Data Name='FileVersion'>-</Data><Data Name='Description'>-</Data><Data Name='Product'>-</Data><Data Name='Company'>-</Data><Data Name='OriginalFileName'>-</Data><Data Name='Hashes'>-</Data><Data Name='Signed'>failed: Invalid hash</Data><Data Name='Signature'>-</Data><Data Name='SignatureStatus'>-</Data><Data Name='User'>A23AADA3-29BA-4\WDAGUtilityAccount</Data></EventData></Event>
<Event xmlns='http://schemas.microsoft.com/win/2004/08/events/event'><System><Provider Name='Microsoft-Windows-Sysmon' Guid='{5770385f-c22a-43e0-bf4c-06f5698ffbd9}'/><EventID>7</EventID><Version>3</Version><Level>4</Level><Task>7</Task><Opcode>0</Opcode><Keywords>0x8000000000000000</Keywords><TimeCreated SystemTime='2024-06-06T07:28:52.7316970Z'/><EventRecordID>43</EventRecordID><Correlation/><Execution ProcessID='4004' ThreadID='2984'/><Channel>Microsoft-Windows-Sysmon/Operational</Channel><Computer>a23aada3-29ba-41bd-8b71-d13f4f28bde3</Computer><Security UserID='S-1-5-18'/></System><EventData><Data Name='RuleName'>-</Data><Data Name='UtcTime'>2024-06-06 07:28:52.724</Data><Data Name='ProcessGuid'>{6c5fe7fc-6534-6661-7100-000000000200}</Data><Data Name='ProcessId'>828</Data><Data Name='Image'>C:\Windows\System32\backgroundTaskHost.exe</Data><Data Name='ImageLoaded'>\\VSMB-{dcc079ae-60ba-4d07-847c-3493609c0870}\os\Windows\System32\vaultcli.dll</Data><Data Name='FileVersion'>-</Data><Data Name='Description'>-</Data><Data Name='Product'>-</Data><Data Name='Company'>-</Data><Data Name='OriginalFileName'>-</Data><Data Name='Hashes'>-</Data><Data Name='Signed'>failed: Invalid hash</Data><Data Name='Signature'>-</Data><Data Name='SignatureStatus'>-</Data><Data Name='User'>A23AADA3-29BA-4\WDAGUtilityAccount</Data></EventData></Event>
<Event xmlns='http://schemas.microsoft.com/win/2004/08/events/event'><System><Provider Name='Microsoft-Windows-Sysmon' Guid='{5770385f-c22a-43e0-bf4c-06f5698ffbd9}'/><EventID>7</EventID><Version>3</Version><Level>4</Level><Task>7</Task><Opcode>0</Opcode><Keywords>0x8000000000000000</Keywords><TimeCreated SystemTime='2024-06-06T07:28:52.9667985Z'/><EventRecordID>44</EventRecordID><Correlation/><Execution ProcessID='4004' ThreadID='2984'/><Channel>Microsoft-Windows-Sysmon/Operational</Channel><Computer>a23aada3-29ba-41bd-8b71-d13f4f28bde3</Computer><Security UserID='S-1-5-18'/></System><EventData><Data Name='RuleName'>-</Data><Data Name='UtcTime'>2024-06-06 07:28:52.958</Data><Data Name='ProcessGuid'>{6c5fe7fc-6534-6661-7300-000000000200}</Data><Data Name='ProcessId'>4664</Data><Data Name='Image'>C:\Windows\System32\backgroundTaskHost.exe</Data><Data Name='ImageLoaded'>\\VSMB-{dcc079ae-60ba-4d07-847c-3493609c0870}\os\Windows\System32\vaultcli.dll</Data><Data Name='FileVersion'>-</Data><Data Name='Description'>-</Data><Data Name='Product'>-</Data><Data Name='Company'>-</Data><Data Name='OriginalFileName'>-</Data><Data Name='Hashes'>-</Data><Data Name='Signed'>failed: Invalid hash</Data><Data Name='Signature'>-</Data><Data Name='SignatureStatus'>-</Data><Data Name='User'>A23AADA3-29BA-4\WDAGUtilityAccount</Data></EventData></Event>
<Event xmlns='http://schemas.microsoft.com/win/2004/08/events/event'><System><Provider Name='Microsoft-Windows-Sysmon' Guid='{5770385f-c22a-43e0-bf4c-06f5698ffbd9}'/><EventID>7</EventID><Version>3</Version><Level>4</Level><Task>7</Task><Opcode>0</Opcode><Keywords>0x8000000000000000</Keywords><TimeCreated SystemTime='2024-06-06T07:28:53.0184998Z'/><EventRecordID>45</EventRecordID><Correlation/><Execution ProcessID='4004' ThreadID='2984'/><Channel>Microsoft-Windows-Sysmon/Operational</Channel><Computer>a23aada3-29ba-41bd-8b71-d13f4f28bde3</Computer><Security UserID='S-1-5-18'/></System><EventData><Data Name='RuleName'>-</Data><Data Name='UtcTime'>2024-06-06 07:28:53.005</Data><Data Name='ProcessGuid'>{6c5fe7fc-6534-6661-7300-000000000200}</Data><Data Name='ProcessId'>4664</Data><Data Name='Image'>C:\Windows\System32\backgroundTaskHost.exe</Data><Data Name='ImageLoaded'>\\VSMB-{dcc079ae-60ba-4d07-847c-3493609c0870}\os\Windows\System32\logoncli.dll</Data><Data Name='FileVersion'>-</Data><Data Name='Description'>-</Data><Data Name='Product'>-</Data><Data Name='Company'>-</Data><Data Name='OriginalFileName'>-</Data><Data Name='Hashes'>-</Data><Data Name='Signed'>failed: Invalid hash</Data><Data Name='Signature'>-</Data><Data Name='SignatureStatus'>-</Data><Data Name='User'>A23AADA3-29BA-4\WDAGUtilityAccount</Data></EventData></Event>
<Event xmlns='http://schemas.microsoft.com/win/2004/08/events/event'><System><Provider Name='Microsoft-Windows-Sysmon' Guid='{5770385f-c22a-43e0-bf4c-06f5698ffbd9}'/><EventID>7</EventID><Version>3</Version><Level>4</Level><Task>7</Task><Opcode>0</Opcode><Keywords>0x8000000000000000</Keywords><TimeCreated SystemTime='2024-06-06T07:28:53.3766811Z'/><EventRecordID>46</EventRecordID><Correlation/><Execution ProcessID='4004' ThreadID='2984'/><Channel>Microsoft-Windows-Sysmon/Operational</Channel><Computer>a23aada3-29ba-41bd-8b71-d13f4f28bde3</Computer><Security UserID='S-1-5-18'/></System><EventData><Data Name='RuleName'>-</Data><Data Name='UtcTime'>2024-06-06 07:28:53.364</Data><Data Name='ProcessGuid'>{6c5fe7fc-6534-6661-7100-000000000200}</Data><Data Name='ProcessId'>828</Data><Data Name='Image'>C:\Windows\System32\backgroundTaskHost.exe</Data><Data Name='ImageLoaded'>\\VSMB-{dcc079ae-60ba-4d07-847c-3493609c0870}\os\Windows\System32\netapi32.dll</Data><Data Name='FileVersion'>-</Data><Data Name='Description'>-</Data><Data Name='Product'>-</Data><Data Name='Company'>-</Data><Data Name='OriginalFileName'>-</Data><Data Name='Hashes'>-</Data><Data Name='Signed'>failed: Invalid hash</Data><Data Name='Signature'>-</Data><Data Name='SignatureStatus'>-</Data><Data Name='User'>A23AADA3-29BA-4\WDAGUtilityAccount</Data></EventData></Event>
<Event xmlns='http://schemas.microsoft.com/win/2004/08/events/event'><System><Provider Name='Microsoft-Windows-Sysmon' Guid='{5770385f-c22a-43e0-bf4c-06f5698ffbd9}'/><EventID>7</EventID><Version>3</Version><Level>4</Level><Task>7</Task><Opcode>0</Opcode><Keywords>0x8000000000000000</Keywords><TimeCreated SystemTime='2024-06-06T07:28:54.1333875Z'/><EventRecordID>47</EventRecordID><Correlation/><Execution ProcessID='4004' ThreadID='2984'/><Channel>Microsoft-Windows-Sysmon/Operational</Channel><Computer>a23aada3-29ba-41bd-8b71-d13f4f28bde3</Computer><Security UserID='S-1-5-18'/></System><EventData><Data Name='RuleName'>-</Data><Data Name='UtcTime'>2024-06-06 07:28:54.130</Data><Data Name='ProcessGuid'>{6c5fe7fc-6534-6661-7100-000000000200}</Data><Data Name='ProcessId'>828</Data><Data Name='Image'>C:\Windows\System32\backgroundTaskHost.exe</Data><Data Name='ImageLoaded'>\\VSMB-{dcc079ae-60ba-4d07-847c-3493609c0870}\os\Windows\System32\wintrust.dll</Data><Data Name='FileVersion'>-</Data><Data Name='Description'>-</Data><Data Name='Product'>-</Data><Data Name='Company'>-</Data><Data Name='OriginalFileName'>-</Data><Data Name='Hashes'>-</Data><Data Name='Signed'>failed: Invalid hash</Data><Data Name='Signature'>-</Data><Data Name='SignatureStatus'>-</Data><Data Name='User'>A23AADA3-29BA-4\WDAGUtilityAccount</Data></EventData></Event>
<Event xmlns='http://schemas.microsoft.com/win/2004/08/events/event'><System><Provider Name='Microsoft-Windows-Sysmon' Guid='{5770385f-c22a-43e0-bf4c-06f5698ffbd9}'/><EventID>1</EventID><Version>5</Version><Level>4</Level><Task>1</Task><Opcode>0</Opcode><Keywords>0x8000000000000000</Keywords><TimeCreated SystemTime='2024-06-06T07:29:00.0119495Z'/><EventRecordID>48</EventRecordID><Correlation/><Execution ProcessID='4004' ThreadID='2984'/><Channel>Microsoft-Windows-Sysmon/Operational</Channel><Computer>a23aada3-29ba-41bd-8b71-d13f4f28bde3</Computer><Security UserID='S-1-5-18'/></System><EventData><Data Name='RuleName'>-</Data><Data Name='UtcTime'>2024-06-06 07:29:00.008</Data><Data Name='ProcessGuid'>{6c5fe7fc-653c-6661-7600-000000000200}</Data><Data Name='ProcessId'>5324</Data><Data Name='Image'>C:\Windows\System32\notepad.exe</Data><Data Name='FileVersion'>10.0.19041.4355 (WinBuild.160101.0800)</Data><Data Name='Description'>Notepad</Data><Data Name='Product'>MicrosoftR WindowsR Operating System</Data><Data Name='Company'>Microsoft Corporation</Data><Data Name='OriginalFileName'>NOTEPAD.EXE</Data><Data Name='CommandLine'>"notepad.exe"</Data><Data Name='CurrentDirectory'>C:\Windows\system32\</Data><Data Name='User'>A23AADA3-29BA-4\WDAGUtilityAccount</Data><Data Name='LogonGuid'>{6c5fe7fc-6514-6661-ccbc-030000000000}</Data><Data Name='LogonId'>0x3bccc</Data><Data Name='TerminalSessionId'>1</Data><Data Name='IntegrityLevel'>High</Data><Data Name='Hashes'>MD5=BD33AA772F4751C5A79F94636088774E,SHA256=C286747D319818C1205FD487040840353C5F4542FAFFDABAE9131481BDFEB92A,IMPHASH=09ED737A03DB7295BF734A9953F6EB5E</Data><Data Name='ParentProcessGuid'>{00000000-0000-0000-0000-000000000000}</Data><Data Name='ParentProcessId'>616</Data><Data Name='ParentImage'>-</Data><Data Name='ParentCommandLine'>-</Data><Data Name='ParentUser'>-</Data></EventData></Event>
<Event xmlns='http://schemas.microsoft.com/win/2004/08/events/event'><System><Provider Name='Microsoft-Windows-Sysmon' Guid='{5770385f-c22a-43e0-bf4c-06f5698ffbd9}'/><EventID>1</EventID><Version>5</Version><Level>4</Level><Task>1</Task><Opcode>0</Opcode><Keywords>0x8000000000000000</Keywords><TimeCreated SystemTime='2024-06-06T07:29:17.0078193Z'/><EventRecordID>49</EventRecordID><Correlation/><Execution ProcessID='4004' ThreadID='2984'/><Channel>Microsoft-Windows-Sysmon/Operational</Channel><Computer>a23aada3-29ba-41bd-8b71-d13f4f28bde3</Computer><Security UserID='S-1-5-18'/></System><EventData><Data Name='RuleName'>-</Data><Data Name='UtcTime'>2024-06-06 07:29:17.002</Data><Data Name='ProcessGuid'>{6c5fe7fc-654d-6661-7700-000000000200}</Data><Data Name='ProcessId'>5384</Data><Data Name='Image'>C:\Windows\System32\wbem\WMIADAP.exe</Data><Data Name='FileVersion'>10.0.19041.3996 (WinBuild.160101.0800)</Data><Data Name='Description'>WMI Reverse Performance Adapter Maintenance Utility</Data><Data Name='Product'>MicrosoftR WindowsR Operating System</Data><Data Name='Company'>Microsoft Corporation</Data><Data Name='OriginalFileName'>wmicookr.dll</Data><Data Name='CommandLine'>wmiadap.exe /R /T</Data><Data Name='CurrentDirectory'>C:\Windows\system32\</Data><Data Name='User'>NT AUTHORITY\SYSTEM</Data><Data Name='LogonGuid'>{6c5fe7fc-6ca8-6661-e703-000000000000}</Data><Data Name='LogonId'>0x3e7</Data><Data Name='TerminalSessionId'>0</Data><Data Name='IntegrityLevel'>System</Data><Data Name='Hashes'>MD5=7F0CA295F8F7420DD267DE97F09D8F96,SHA256=B8E6274D16BCF95347D223BB539764BB54E5746B3EEC9DE8ACEC41751724C059,IMPHASH=367D299428703C9A9715504BFE071C97</Data><Data Name='ParentProcessGuid'>{00000000-0000-0000-0000-000000000000}</Data><Data Name='ParentProcessId'>616</Data><Data Name='ParentImage'>-</Data><Data Name='ParentCommandLine'>-</Data><Data Name='ParentUser'>-</Data></EventData></Event>
<Event xmlns='http://schemas.microsoft.com/win/2004/08/events/event'><System><Provider Name='Microsoft-Windows-Sysmon' Guid='{5770385f-c22a-43e0-bf4c-06f5698ffbd9}'/><EventID>22</EventID><Version>5</Version><Level>4</Level><Task>22</Task><Opcode>0</Opcode><Keywords>0x8000000000000000</Keywords><TimeCreated SystemTime='2024-06-06T07:29:21.0096572Z'/><EventRecordID>50</EventRecordID><Correlation/><Execution ProcessID='4004' ThreadID='4624'/><Channel>Microsoft-Windows-Sysmon/Operational</Channel><Computer>a23aada3-29ba-41bd-8b71-d13f4f28bde3</Computer><Security UserID='S-1-5-18'/></System><EventData><Data Name='RuleName'>-</Data><Data Name='UtcTime'>2024-06-06 07:29:18.870</Data><Data Name='ProcessGuid'>{6c5fe7fc-6caa-6661-1000-000000000200}</Data><Data Name='ProcessId'>1100</Data><Data Name='QueryName'>wpad</Data><Data Name='QueryStatus'>123</Data><Data Name='QueryResults'>-</Data><Data Name='Image'>C:\Windows\system32\svchost.exe</Data><Data Name='User'>NT AUTHORITY\LOCAL SERVICE</Data></EventData></Event>
<Event xmlns='http://schemas.microsoft.com/win/2004/08/events/event'><System><Provider Name='Microsoft-Windows-Sysmon' Guid='{5770385f-c22a-43e0-bf4c-06f5698ffbd9}'/><EventID>1</EventID><Version>5</Version><Level>4</Level><Task>1</Task><Opcode>0</Opcode><Keywords>0x8000000000000000</Keywords><TimeCreated SystemTime='2024-06-06T07:29:23.1077148Z'/><EventRecordID>51</EventRecordID><Correlation/><Execution ProcessID='4004' ThreadID='2984'/><Channel>Microsoft-Windows-Sysmon/Operational</Channel><Computer>a23aada3-29ba-41bd-8b71-d13f4f28bde3</Computer><Security UserID='S-1-5-18'/></System><EventData><Data Name='RuleName'>-</Data><Data Name='UtcTime'>2024-06-06 07:29:23.106</Data><Data Name='ProcessGuid'>{6c5fe7fc-6553-6661-7800-000000000200}</Data><Data Name='ProcessId'>5420</Data><Data Name='Image'>C:\Windows\System32\taskhostw.exe</Data><Data Name='FileVersion'>10.0.19041.3636 (WinBuild.160101.0800)</Data><Data Name='Description'>Host Process for Windows Tasks</Data><Data Name='Product'>MicrosoftR WindowsR Operating System</Data><Data Name='Company'>Microsoft Corporation</Data><Data Name='OriginalFileName'>taskhostw.exe</Data><Data Name='CommandLine'>taskhostw.exe logon</Data><Data Name='CurrentDirectory'>C:\Windows\system32\</Data><Data Name='User'>A23AADA3-29BA-4\WDAGUtilityAccount</Data><Data Name='LogonGuid'>{6c5fe7fc-6514-6661-ccbc-030000000000}</Data><Data Name='LogonId'>0x3bccc</Data><Data Name='TerminalSessionId'>1</Data><Data Name='IntegrityLevel'>High</Data><Data Name='Hashes'>MD5=9D68EEF2D82A328F0ECE1B641E5728CC,SHA256=976BB3FB062818E9643EC7F65BE2F267B90F63BD9F8BE0E6212D131183136140,IMPHASH=3A0C6863CDE566AF997DB2DEFFF9D924</Data><Data Name='ParentProcessGuid'>{00000000-0000-0000-0000-000000000000}</Data><Data Name='ParentProcessId'>616</Data><Data Name='ParentImage'>-</Data><Data Name='ParentCommandLine'>-</Data><Data Name='ParentUser'>-</Data></EventData></Event>
<Event xmlns='http://schemas.microsoft.com/win/2004/08/events/event'><System><Provider Name='Microsoft-Windows-Sysmon' Guid='{5770385f-c22a-43e0-bf4c-06f5698ffbd9}'/><EventID>7</EventID><Version>3</Version><Level>4</Level><Task>7</Task><Opcode>0</Opcode><Keywords>0x8000000000000000</Keywords><TimeCreated SystemTime='2024-06-06T07:29:23.1301556Z'/><EventRecordID>52</EventRecordID><Correlation/><Execution ProcessID='4004' ThreadID='2984'/><Channel>Microsoft-Windows-Sysmon/Operational</Channel><Computer>a23aada3-29ba-41bd-8b71-d13f4f28bde3</Computer><Security UserID='S-1-5-18'/></System><EventData><Data Name='RuleName'>-</Data><Data Name='UtcTime'>2024-06-06 07:29:23.117</Data><Data Name='ProcessGuid'>{6c5fe7fc-6553-6661-7800-000000000200}</Data><Data Name='ProcessId'>5420</Data><Data Name='Image'>C:\Windows\System32\taskhostw.exe</Data><Data Name='ImageLoaded'>\\VSMB-{dcc079ae-60ba-4d07-847c-3493609c0870}\os\Windows\System32\WinSCard.dll</Data><Data Name='FileVersion'>-</Data><Data Name='Description'>-</Data><Data Name='Product'>-</Data><Data Name='Company'>-</Data><Data Name='OriginalFileName'>-</Data><Data Name='Hashes'>-</Data><Data Name='Signed'>failed: Invalid hash</Data><Data Name='Signature'>-</Data><Data Name='SignatureStatus'>-</Data><Data Name='User'>A23AADA3-29BA-4\WDAGUtilityAccount</Data></EventData></Event>
<Event xmlns='http://schemas.microsoft.com/win/2004/08/events/event'><System><Provider Name='Microsoft-Windows-Sysmon' Guid='{5770385f-c22a-43e0-bf4c-06f5698ffbd9}'/><EventID>1</EventID><Version>5</Version><Level>4</Level><Task>1</Task><Opcode>0</Opcode><Keywords>0x8000000000000000</Keywords><TimeCreated SystemTime='2024-06-06T07:29:24.1540753Z'/><EventRecordID>53</EventRecordID><Correlation/><Execution ProcessID='4004' ThreadID='2984'/><Channel>Microsoft-Windows-Sysmon/Operational</Channel><Computer>a23aada3-29ba-41bd-8b71-d13f4f28bde3</Computer><Security UserID='S-1-5-18'/></System><EventData><Data Name='RuleName'>-</Data><Data Name='UtcTime'>2024-06-06 07:29:24.153</Data><Data Name='ProcessGuid'>{6c5fe7fc-6554-6661-7900-000000000200}</Data><Data Name='ProcessId'>5452</Data><Data Name='Image'>C:\Windows\System32\taskhostw.exe</Data><Data Name='FileVersion'>10.0.19041.3636 (WinBuild.160101.0800)</Data><Data Name='Description'>Host Process for Windows Tasks</Data><Data Name='Product'>MicrosoftR WindowsR Operating System</Data><Data Name='Company'>Microsoft Corporation</Data><Data Name='OriginalFileName'>taskhostw.exe</Data><Data Name='CommandLine'>taskhostw.exe $(Arg0)</Data><Data Name='CurrentDirectory'>C:\Windows\system32\</Data><Data Name='User'>A23AADA3-29BA-4\WDAGUtilityAccount</Data><Data Name='LogonGuid'>{6c5fe7fc-6514-6661-ccbc-030000000000}</Data><Data Name='LogonId'>0x3bccc</Data><Data Name='TerminalSessionId'>1</Data><Data Name='IntegrityLevel'>High</Data><Data Name='Hashes'>MD5=9D68EEF2D82A328F0ECE1B641E5728CC,SHA256=976BB3FB062818E9643EC7F65BE2F267B90F63BD9F8BE0E6212D131183136140,IMPHASH=3A0C6863CDE566AF997DB2DEFFF9D924</Data><Data Name='ParentProcessGuid'>{00000000-0000-0000-0000-000000000000}</Data><Data Name='ParentProcessId'>616</Data><Data Name='ParentImage'>-</Data><Data Name='ParentCommandLine'>-</Data><Data Name='ParentUser'>-</Data></EventData></Event>
<Event xmlns='http://schemas.microsoft.com/win/2004/08/events/event'><System><Provider Name='Microsoft-Windows-Sysmon' Guid='{5770385f-c22a-43e0-bf4c-06f5698ffbd9}'/><EventID>7</EventID><Version>3</Version><Level>4</Level><Task>7</Task><Opcode>0</Opcode><Keywords>0x8000000000000000</Keywords><TimeCreated SystemTime='2024-06-06T07:29:24.3010078Z'/><EventRecordID>54</EventRecordID><Correlation/><Execution ProcessID='4004' ThreadID='2984'/><Channel>Microsoft-Windows-Sysmon/Operational</Channel><Computer>a23aada3-29ba-41bd-8b71-d13f4f28bde3</Computer><Security UserID='S-1-5-18'/></System><EventData><Data Name='RuleName'>-</Data><Data Name='UtcTime'>2024-06-06 07:29:24.289</Data><Data Name='ProcessGuid'>{6c5fe7fc-6554-6661-7a00-000000000200}</Data><Data Name='ProcessId'>5500</Data><Data Name='Image'>C:\Windows\System32\backgroundTaskHost.exe</Data><Data Name='ImageLoaded'>\\VSMB-{dcc079ae-60ba-4d07-847c-3493609c0870}\os\Windows\System32\logoncli.dll</Data><Data Name='FileVersion'>-</Data><Data Name='Description'>-</Data><Data Name='Product'>-</Data><Data Name='Company'>-</Data><Data Name='OriginalFileName'>-</Data><Data Name='Hashes'>-</Data><Data Name='Signed'>failed: Invalid hash</Data><Data Name='Signature'>-</Data><Data Name='SignatureStatus'>-</Data><Data Name='User'>A23AADA3-29BA-4\WDAGUtilityAccount</Data></EventData></Event>
<Event xmlns='http://schemas.microsoft.com/win/2004/08/events/event'><System><Provider Name='Microsoft-Windows-Sysmon' Guid='{5770385f-c22a-43e0-bf4c-06f5698ffbd9}'/><EventID>7</EventID><Version>3</Version><Level>4</Level><Task>7</Task><Opcode>0</Opcode><Keywords>0x8000000000000000</Keywords><TimeCreated SystemTime='2024-06-06T07:29:24.3580034Z'/><EventRecordID>55</EventRecordID><Correlation/><Execution ProcessID='4004' ThreadID='2984'/><Channel>Microsoft-Windows-Sysmon/Operational</Channel><Computer>a23aada3-29ba-41bd-8b71-d13f4f28bde3</Computer><Security UserID='S-1-5-18'/></System><EventData><Data Name='RuleName'>-</Data><Data Name='UtcTime'>2024-06-06 07:29:24.351</Data><Data Name='ProcessGuid'>{6c5fe7fc-6554-6661-7a00-000000000200}</Data><Data Name='ProcessId'>5500</Data><Data Name='Image'>C:\Windows\System32\backgroundTaskHost.exe</Data><Data Name='ImageLoaded'>\\VSMB-{dcc079ae-60ba-4d07-847c-3493609c0870}\os\Windows\System32\vaultcli.dll</Data><Data Name='FileVersion'>-</Data><Data Name='Description'>-</Data><Data Name='Product'>-</Data><Data Name='Company'>-</Data><Data Name='OriginalFileName'>-</Data><Data Name='Hashes'>-</Data><Data Name='Signed'>failed: Invalid hash</Data><Data Name='Signature'>-</Data><Data Name='SignatureStatus'>-</Data><Data Name='User'>A23AADA3-29BA-4\WDAGUtilityAccount</Data></EventData></Event>
<Event xmlns='http://schemas.microsoft.com/win/2004/08/events/event'><System><Provider Name='Microsoft-Windows-Sysmon' Guid='{5770385f-c22a-43e0-bf4c-06f5698ffbd9}'/><EventID>7</EventID><Version>3</Version><Level>4</Level><Task>7</Task><Opcode>0</Opcode><Keywords>0x8000000000000000</Keywords><TimeCreated SystemTime='2024-06-06T07:29:24.5023044Z'/><EventRecordID>56</EventRecordID><Correlation/><Execution ProcessID='4004' ThreadID='2984'/><Channel>Microsoft-Windows-Sysmon/Operational</Channel><Computer>a23aada3-29ba-41bd-8b71-d13f4f28bde3</Computer><Security UserID='S-1-5-18'/></System><EventData><Data Name='RuleName'>-</Data><Data Name='UtcTime'>2024-06-06 07:29:24.492</Data><Data Name='ProcessGuid'>{6c5fe7fc-6554-6661-7a00-000000000200}</Data><Data Name='ProcessId'>5500</Data><Data Name='Image'>C:\Windows\System32\backgroundTaskHost.exe</Data><Data Name='ImageLoaded'>\\VSMB-{dcc079ae-60ba-4d07-847c-3493609c0870}\os\Windows\System32\netapi32.dll</Data><Data Name='FileVersion'>-</Data><Data Name='Description'>-</Data><Data Name='Product'>-</Data><Data Name='Company'>-</Data><Data Name='OriginalFileName'>-</Data><Data Name='Hashes'>-</Data><Data Name='Signed'>failed: Invalid hash</Data><Data Name='Signature'>-</Data><Data Name='SignatureStatus'>-</Data><Data Name='User'>A23AADA3-29BA-4\WDAGUtilityAccount</Data></EventData></Event>
<Event xmlns='http://schemas.microsoft.com/win/2004/08/events/event'><System><Provider Name='Microsoft-Windows-Sysmon' Guid='{5770385f-c22a-43e0-bf4c-06f5698ffbd9}'/><EventID>1</EventID><Version>5</Version><Level>4</Level><Task>1</Task><Opcode>0</Opcode><Keywords>0x8000000000000000</Keywords><TimeCreated SystemTime='2024-06-06T07:29:24.5962479Z'/><EventRecordID>57</EventRecordID><Correlation/><Execution ProcessID='4004' ThreadID='2984'/><Channel>Microsoft-Windows-Sysmon/Operational</Channel><Computer>a23aada3-29ba-41bd-8b71-d13f4f28bde3</Computer><Security UserID='S-1-5-18'/></System><EventData><Data Name='RuleName'>-</Data><Data Name='UtcTime'>2024-06-06 07:29:24.594</Data><Data Name='ProcessGuid'>{6c5fe7fc-6554-6661-7b00-000000000200}</Data><Data Name='ProcessId'>5624</Data><Data Name='Image'>C:\Windows\System32\svchost.exe</Data><Data Name='FileVersion'>10.0.19041.4355 (WinBuild.160101.0800)</Data><Data Name='Description'>Host Process for Windows Services</Data><Data Name='Product'>MicrosoftR WindowsR Operating System</Data><Data Name='Company'>Microsoft Corporation</Data><Data Name='OriginalFileName'>svchost.exe</Data><Data Name='CommandLine'>C:\Windows\system32\svchost.exe -k wusvcs -p</Data><Data Name='CurrentDirectory'>C:\Windows\system32\</Data><Data Name='User'>NT AUTHORITY\SYSTEM</Data><Data Name='LogonGuid'>{6c5fe7fc-6ca8-6661-e703-000000000000}</Data><Data Name='LogonId'>0x3e7</Data><Data Name='TerminalSessionId'>0</Data><Data Name='IntegrityLevel'>System</Data><Data Name='Hashes'>MD5=7469CC568AD6821FD9D925542730A7D8,SHA256=6FC3BF1FDFD76860BE782554F8D25BD32F108DB934D70F4253F1E5F23522E503,IMPHASH=F9BBD96FAE53B7A31264A703CAFA0666</Data><Data Name='ParentProcessGuid'>{00000000-0000-0000-0000-000000000000}</Data><Data Name='ParentProcessId'>732</Data><Data Name='ParentImage'>-</Data><Data Name='ParentCommandLine'>-</Data><Data Name='ParentUser'>-</Data></EventData></Event>
<Event xmlns='http://schemas.microsoft.com/win/2004/08/events/event'><System><Provider Name='Microsoft-Windows-Sysmon' Guid='{5770385f-c22a-43e0-bf4c-06f5698ffbd9}'/><EventID>7</EventID><Version>3</Version><Level>4</Level><Task>7</Task><Opcode>0</Opcode><Keywords>0x8000000000000000</Keywords><TimeCreated SystemTime='2024-06-06T07:29:24.5971203Z'/><EventRecordID>58</EventRecordID><Correlation/><Execution ProcessID='4004' ThreadID='2984'/><Channel>Microsoft-Windows-Sysmon/Operational</Channel><Computer>a23aada3-29ba-41bd-8b71-d13f4f28bde3</Computer><Security UserID='S-1-5-18'/></System><EventData><Data Name='RuleName'>-</Data><Data Name='UtcTime'>2024-06-06 07:29:24.586</Data><Data Name='ProcessGuid'>{6c5fe7fc-6554-6661-7a00-000000000200}</Data><Data Name='ProcessId'>5500</Data><Data Name='Image'>C:\Windows\System32\backgroundTaskHost.exe</Data><Data Name='ImageLoaded'>\\VSMB-{dcc079ae-60ba-4d07-847c-3493609c0870}\os\Windows\System32\wintrust.dll</Data><Data Name='FileVersion'>-</Data><Data Name='Description'>-</Data><Data Name='Product'>-</Data><Data Name='Company'>-</Data><Data Name='OriginalFileName'>-</Data><Data Name='Hashes'>-</Data><Data Name='Signed'>failed: Invalid hash</Data><Data Name='Signature'>-</Data><Data Name='SignatureStatus'>-</Data><Data Name='User'>A23AADA3-29BA-4\WDAGUtilityAccount</Data></EventData></Event>
<Event xmlns='http://schemas.microsoft.com/win/2004/08/events/event'><System><Provider Name='Microsoft-Windows-Sysmon' Guid='{5770385f-c22a-43e0-bf4c-06f5698ffbd9}'/><EventID>22</EventID><Version>5</Version><Level>4</Level><Task>22</Task><Opcode>0</Opcode><Keywords>0x8000000000000000</Keywords><TimeCreated SystemTime='2024-06-06T07:29:25.1488593Z'/><EventRecordID>59</EventRecordID><Correlation/><Execution ProcessID='4004' ThreadID='4624'/><Channel>Microsoft-Windows-Sysmon/Operational</Channel><Computer>a23aada3-29ba-41bd-8b71-d13f4f28bde3</Computer><Security UserID='S-1-5-18'/></System><EventData><Data Name='RuleName'>-</Data><Data Name='UtcTime'>2024-06-06 07:29:23.129</Data><Data Name='ProcessGuid'>{6c5fe7fc-99ba-6660-1400-000000000200}</Data><Data Name='ProcessId'>1444</Data><Data Name='QueryName'>VSMB-{dcc079ae-60ba-4d07-847c-3493609c0870}</Data><Data Name='QueryStatus'>9560</Data><Data Name='QueryResults'>-</Data><Data Name='Image'>C:\Windows\System32\svchost.exe</Data><Data Name='User'>NT AUTHORITY\NETWORK SERVICE</Data></EventData></Event>
<Event xmlns='http://schemas.microsoft.com/win/2004/08/events/event'><System><Provider Name='Microsoft-Windows-Sysmon' Guid='{5770385f-c22a-43e0-bf4c-06f5698ffbd9}'/><EventID>7</EventID><Version>3</Version><Level>4</Level><Task>7</Task><Opcode>0</Opcode><Keywords>0x8000000000000000</Keywords><TimeCreated SystemTime='2024-06-06T07:29:25.8285387Z'/><EventRecordID>60</EventRecordID><Correlation/><Execution ProcessID='4004' ThreadID='2984'/><Channel>Microsoft-Windows-Sysmon/Operational</Channel><Computer>a23aada3-29ba-41bd-8b71-d13f4f28bde3</Computer><Security UserID='S-1-5-18'/></System><EventData><Data Name='RuleName'>-</Data><Data Name='UtcTime'>2024-06-06 07:29:25.820</Data><Data Name='ProcessGuid'>{6c5fe7fc-6555-6661-7d00-000000000200}</Data><Data Name='ProcessId'>5760</Data><Data Name='Image'>C:\Windows\System32\BackgroundTransferHost.exe</Data><Data Name='ImageLoaded'>\\VSMB-{dcc079ae-60ba-4d07-847c-3493609c0870}\os\Windows\System32\wintrust.dll</Data><Data Name='FileVersion'>-</Data><Data Name='Description'>-</Data><Data Name='Product'>-</Data><Data Name='Company'>-</Data><Data Name='OriginalFileName'>-</Data><Data Name='Hashes'>-</Data><Data Name='Signed'>failed: Invalid hash</Data><Data Name='Signature'>-</Data><Data Name='SignatureStatus'>-</Data><Data Name='User'>A23AADA3-29BA-4\WDAGUtilityAccount</Data></EventData></Event>
<Event xmlns='http://schemas.microsoft.com/win/2004/08/events/event'><System><Provider Name='Microsoft-Windows-Sysmon' Guid='{5770385f-c22a-43e0-bf4c-06f5698ffbd9}'/><EventID>22</EventID><Version>5</Version><Level>4</Level><Task>22</Task><Opcode>0</Opcode><Keywords>0x8000000000000000</Keywords><TimeCreated SystemTime='2024-06-06T07:29:27.1488952Z'/><EventRecordID>61</EventRecordID><Correlation/><Execution ProcessID='4004' ThreadID='4624'/><Channel>Microsoft-Windows-Sysmon/Operational</Channel><Computer>a23aada3-29ba-41bd-8b71-d13f4f28bde3</Computer><Security UserID='S-1-5-18'/></System><EventData><Data Name='RuleName'>-</Data><Data Name='UtcTime'>2024-06-06 07:29:25.794</Data><Data Name='ProcessGuid'>{6c5fe7fc-6555-6661-7d00-000000000200}</Data><Data Name='ProcessId'>5760</Data><Data Name='QueryName'>img-prod-cms-rt-microsoft-com.akamaized.net</Data><Data Name='QueryStatus'>0</Data><Data Name='QueryResults'>type:  5 a1449.dscg2.akamai.net;::ffff:23.210.215.72;::ffff:23.199.34.33;</Data><Data Name='Image'>C:\Windows\System32\BackgroundTransferHost.exe</Data><Data Name='User'>A23AADA3-29BA-4\WDAGUtilityAccount</Data></EventData></Event>
<Event xmlns='http://schemas.microsoft.com/win/2004/08/events/event'><System><Provider Name='Microsoft-Windows-Sysmon' Guid='{5770385f-c22a-43e0-bf4c-06f5698ffbd9}'/><EventID>22</EventID><Version>5</Version><Level>4</Level><Task>22</Task><Opcode>0</Opcode><Keywords>0x8000000000000000</Keywords><TimeCreated SystemTime='2024-06-06T07:29:27.1489197Z'/><EventRecordID>62</EventRecordID><Correlation/><Execution ProcessID='4004' ThreadID='4624'/><Channel>Microsoft-Windows-Sysmon/Operational</Channel><Computer>a23aada3-29ba-41bd-8b71-d13f4f28bde3</Computer><Security UserID='S-1-5-18'/></System><EventData><Data Name='RuleName'>-</Data><Data Name='UtcTime'>2024-06-06 07:29:25.808</Data><Data Name='ProcessGuid'>{6c5fe7fc-6555-6661-7d00-000000000200}</Data><Data Name='ProcessId'>5760</Data><Data Name='QueryName'>res.public.onecdn.static.microsoft</Data><Data Name='QueryStatus'>0</Data><Data Name='QueryResults'>type:  5 res-ocdi-public.trafficmanager.net;type:  5 res-1.public.onecdn.static.microsoft;type:  5 res-1.public.onecdn.static.microsoft.edgekey.net;type:  5 e2808.dscd.akamaiedge.net;::ffff:23.220.231.23;</Data><Data Name='Image'>C:\Windows\System32\BackgroundTransferHost.exe</Data><Data Name='User'>A23AADA3-29BA-4\WDAGUtilityAccount</Data></EventData></Event>
<Event xmlns='http://schemas.microsoft.com/win/2004/08/events/event'><System><Provider Name='Microsoft-Windows-Sysmon' Guid='{5770385f-c22a-43e0-bf4c-06f5698ffbd9}'/><EventID>7</EventID><Version>3</Version><Level>4</Level><Task>7</Task><Opcode>0</Opcode><Keywords>0x8000000000000000</Keywords><TimeCreated SystemTime='2024-06-06T07:29:27.6164893Z'/><EventRecordID>63</EventRecordID><Correlation/><Execution ProcessID='4004' ThreadID='2984'/><Channel>Microsoft-Windows-Sysmon/Operational</Channel><Computer>a23aada3-29ba-41bd-8b71-d13f4f28bde3</Computer><Security UserID='S-1-5-18'/></System><EventData><Data Name='RuleName'>-</Data><Data Name='UtcTime'>2024-06-06 07:29:27.601</Data><Data Name='ProcessGuid'>{6c5fe7fc-6557-6661-7e00-000000000200}</Data><Data Name='ProcessId'>5968</Data><Data Name='Image'>C:\Windows\System32\backgroundTaskHost.exe</Data><Data Name='ImageLoaded'>\\VSMB-{dcc079ae-60ba-4d07-847c-3493609c0870}\os\Windows\System32\logoncli.dll</Data><Data Name='FileVersion'>-</Data><Data Name='Description'>-</Data><Data Name='Product'>-</Data><Data Name='Company'>-</Data><Data Name='OriginalFileName'>-</Data><Data Name='Hashes'>-</Data><Data Name='Signed'>failed: Invalid hash</Data><Data Name='Signature'>-</Data><Data Name='SignatureStatus'>-</Data><Data Name='User'>A23AADA3-29BA-4\WDAGUtilityAccount</Data></EventData></Event>
<Event xmlns='http://schemas.microsoft.com/win/2004/08/events/event'><System><Provider Name='Microsoft-Windows-Sysmon' Guid='{5770385f-c22a-43e0-bf4c-06f5698ffbd9}'/><EventID>7</EventID><Version>3</Version><Level>4</Level><Task>7</Task><Opcode>0</Opcode><Keywords>0x8000000000000000</Keywords><TimeCreated SystemTime='2024-06-06T07:29:27.6797502Z'/><EventRecordID>64</EventRecordID><Correlation/><Execution ProcessID='4004' ThreadID='2984'/><Channel>Microsoft-Windows-Sysmon/Operational</Channel><Computer>a23aada3-29ba-41bd-8b71-d13f4f28bde3</Computer><Security UserID='S-1-5-18'/></System><EventData><Data Name='RuleName'>-</Data><Data Name='UtcTime'>2024-06-06 07:29:27.664</Data><Data Name='ProcessGuid'>{6c5fe7fc-6557-6661-7e00-000000000200}</Data><Data Name='ProcessId'>5968</Data><Data Name='Image'>C:\Windows\System32\backgroundTaskHost.exe</Data><Data Name='ImageLoaded'>\\VSMB-{dcc079ae-60ba-4d07-847c-3493609c0870}\os\Windows\System32\vaultcli.dll</Data><Data Name='FileVersion'>-</Data><Data Name='Description'>-</Data><Data Name='Product'>-</Data><Data Name='Company'>-</Data><Data Name='OriginalFileName'>-</Data><Data Name='Hashes'>-</Data><Data Name='Signed'>failed: Invalid hash</Data><Data Name='Signature'>-</Data><Data Name='SignatureStatus'>-</Data><Data Name='User'>A23AADA3-29BA-4\WDAGUtilityAccount</Data></EventData></Event>
</root>
