<Event xmlns='http://schemas.microsoft.com/win/2004/08/events/event'><System><Provider Name='Microsoft-Windows-Sysmon' Guid='{5770385f-c22a-43e0-bf4c-06f5698ffbd9}'/><EventID>1</EventID><Version>5</Version><Level>4</Level><Task>1</Task><Opcode>0</Opcode><Keywords>0x8000000000000000</Keywords><TimeCreated SystemTime='2024-06-13T02:44:38.3912623Z'/><EventRecordID>69</EventRecordID><Correlation/><Execution ProcessID='4796' ThreadID='4896'/><Channel>Microsoft-Windows-Sysmon/Operational</Channel><Computer>b04faea2-c797-4ff3-82a6-2312c432bdf7</Computer><Security UserID='S-1-5-18'/></System><EventData><Data Name='RuleName'>-</Data><Data Name='UtcTime'>2024-06-13 02:44:38.385</Data><Data Name='ProcessGuid'>{6c5fe7fc-5d16-666a-7800-000000000200}</Data><Data Name='ProcessId'>5800</Data><Data Name='Image'>C:\Windows\System32\svchost.exe</Data><Data Name='FileVersion'>10.0.19041.4355 (WinBuild.160101.0800)</Data><Data Name='Description'>Host Process for Windows Services</Data><Data Name='Product'>MicrosoftR WindowsR Operating System</Data><Data Name='Company'>Microsoft Corporation</Data><Data Name='OriginalFileName'>svchost.exe</Data><Data Name='CommandLine'>C:\Windows\system32\svchost.exe -k wusvcs -p</Data><Data Name='CurrentDirectory'>C:\Windows\system32\</Data><Data Name='User'>NT AUTHORITY\SYSTEM</Data><Data Name='LogonGuid'>{6c5fe7fc-2e64-666b-e703-000000000000}</Data><Data Name='LogonId'>0x3e7</Data><Data Name='TerminalSessionId'>0</Data><Data Name='IntegrityLevel'>System</Data><Data Name='Hashes'>MD5=7469CC568AD6821FD9D925542730A7D8,SHA256=6FC3BF1FDFD76860BE782554F8D25BD32F108DB934D70F4253F1E5F23522E503,IMPHASH=F9BBD96FAE53B7A31264A703CAFA0666</Data><Data Name='ParentProcessGuid'>{00000000-0000-0000-0000-000000000000}</Data><Data Name='ParentProcessId'>724</Data><Data Name='ParentImage'>-</Data><Data Name='ParentCommandLine'>-</Data><Data Name='ParentUser'>-</Data></EventData></Event>
<Event xmlns='http://schemas.microsoft.com/win/2004/08/events/event'><System><Provider Name='Microsoft-Windows-Sysmon' Guid='{5770385f-c22a-43e0-bf4c-06f5698ffbd9}'/><EventID>22</EventID><Version>5</Version><Level>4</Level><Task>22</Task><Opcode>0</Opcode><Keywords>0x8000000000000000</Keywords><TimeCreated SystemTime='2024-06-13T02:44:38.7818792Z'/><EventRecordID>70</EventRecordID><Correlation/><Execution ProcessID='4796' ThreadID='4920'/><Channel>Microsoft-Windows-Sysmon/Operational</Channel><Computer>b04faea2-c797-4ff3-82a6-2312c432bdf7</Computer><Security UserID='S-1-5-18'/></System><EventData><Data Name='RuleName'>-</Data><Data Name='UtcTime'>2024-06-13 02:44:37.058</Data><Data Name='ProcessGuid'>{6c5fe7fc-5d14-666a-7700-000000000200}</Data><Data Name='ProcessId'>5600</Data><Data Name='QueryName'>res.public.onecdn.static.microsoft</Data><Data Name='QueryStatus'>0</Data><Data Name='QueryResults'>type:  5 res-ocdi-public.trafficmanager.net;type:  5 res-1.public.onecdn.static.microsoft;type:  5 res-1.public.onecdn.static.microsoft.edgekey.net;type:  5 e2808.dscd.akamaiedge.net;::ffff:163.28.225.140;</Data><Data Name='Image'>C:\Windows\System32\BackgroundTransferHost.exe</Data><Data Name='User'>B04FAEA2-C797-4\WDAGUtilityAccount</Data></EventData></Event>
<Event xmlns='http://schemas.microsoft.com/win/2004/08/events/event'><System><Provider Name='Microsoft-Windows-Sysmon' Guid='{5770385f-c22a-43e0-bf4c-06f5698ffbd9}'/><EventID>22</EventID><Version>5</Version><Level>4</Level><Task>22</Task><Opcode>0</Opcode><Keywords>0x8000000000000000</Keywords><TimeCreated SystemTime='2024-06-13T02:44:38.7819233Z'/><EventRecordID>71</EventRecordID><Correlation/><Execution ProcessID='4796' ThreadID='4920'/><Channel>Microsoft-Windows-Sysmon/Operational</Channel><Computer>b04faea2-c797-4ff3-82a6-2312c432bdf7</Computer><Security UserID='S-1-5-18'/></System><EventData><Data Name='RuleName'>-</Data><Data Name='UtcTime'>2024-06-13 02:44:37.060</Data><Data Name='ProcessGuid'>{6c5fe7fc-5d14-666a-7700-000000000200}</Data><Data Name='ProcessId'>5600</Data><Data Name='QueryName'>img-prod-cms-rt-microsoft-com.akamaized.net</Data><Data Name='QueryStatus'>0</Data><Data Name='QueryResults'>type:  5 a1449.dscg2.akamai.net;::ffff:163.28.5.32;::ffff:163.28.5.8;</Data><Data Name='Image'>C:\Windows\System32\BackgroundTransferHost.exe</Data><Data Name='User'>B04FAEA2-C797-4\WDAGUtilityAccount</Data></EventData></Event>
<Event xmlns='http://schemas.microsoft.com/win/2004/08/events/event'><System><Provider Name='Microsoft-Windows-Sysmon' Guid='{5770385f-c22a-43e0-bf4c-06f5698ffbd9}'/><EventID>7</EventID><Version>3</Version><Level>4</Level><Task>7</Task><Opcode>0</Opcode><Keywords>0x8000000000000000</Keywords><TimeCreated SystemTime='2024-06-13T02:44:39.2835714Z'/><EventRecordID>72</EventRecordID><Correlation/><Execution ProcessID='4796' ThreadID='4896'/><Channel>Microsoft-Windows-Sysmon/Operational</Channel><Computer>b04faea2-c797-4ff3-82a6-2312c432bdf7</Computer><Security UserID='S-1-5-18'/></System><EventData><Data Name='RuleName'>-</Data><Data Name='UtcTime'>2024-06-13 02:44:39.281</Data><Data Name='ProcessGuid'>{6c5fe7fc-5d12-666a-7500-000000000200}</Data><Data Name='ProcessId'>5372</Data><Data Name='Image'>C:\Windows\System32\MoUsoCoreWorker.exe</Data><Data Name='ImageLoaded'>\\VSMB-{dcc079ae-60ba-4d07-847c-3493609c0870}\os\Windows\System32\logoncli.dll</Data><Data Name='FileVersion'>-</Data><Data Name='Description'>-</Data><Data Name='Product'>-</Data><Data Name='Company'>-</Data><Data Name='OriginalFileName'>-</Data><Data Name='Hashes'>-</Data><Data Name='Signed'>failed: Invalid hash</Data><Data Name='Signature'>-</Data><Data Name='SignatureStatus'>-</Data><Data Name='User'>NT AUTHORITY\SYSTEM</Data></EventData></Event>
<Event xmlns='http://schemas.microsoft.com/win/2004/08/events/event'><System><Provider Name='Microsoft-Windows-Sysmon' Guid='{5770385f-c22a-43e0-bf4c-06f5698ffbd9}'/><EventID>7</EventID><Version>3</Version><Level>4</Level><Task>7</Task><Opcode>0</Opcode><Keywords>0x8000000000000000</Keywords><TimeCreated SystemTime='2024-06-13T02:44:39.3604622Z'/><EventRecordID>73</EventRecordID><Correlation/><Execution ProcessID='4796' ThreadID='4896'/><Channel>Microsoft-Windows-Sysmon/Operational</Channel><Computer>b04faea2-c797-4ff3-82a6-2312c432bdf7</Computer><Security UserID='S-1-5-18'/></System><EventData><Data Name='RuleName'>-</Data><Data Name='UtcTime'>2024-06-13 02:44:39.344</Data><Data Name='ProcessGuid'>{6c5fe7fc-5d12-666a-7500-000000000200}</Data><Data Name='ProcessId'>5372</Data><Data Name='Image'>C:\Windows\System32\MoUsoCoreWorker.exe</Data><Data Name='ImageLoaded'>\\VSMB-{dcc079ae-60ba-4d07-847c-3493609c0870}\os\Windows\System32\logoncli.dll</Data><Data Name='FileVersion'>-</Data><Data Name='Description'>-</Data><Data Name='Product'>-</Data><Data Name='Company'>-</Data><Data Name='OriginalFileName'>-</Data><Data Name='Hashes'>-</Data><Data Name='Signed'>failed: Invalid hash</Data><Data Name='Signature'>-</Data><Data Name='SignatureStatus'>-</Data><Data Name='User'>NT AUTHORITY\SYSTEM</Data></EventData></Event>
<Event xmlns='http://schemas.microsoft.com/win/2004/08/events/event'><System><Provider Name='Microsoft-Windows-Sysmon' Guid='{5770385f-c22a-43e0-bf4c-06f5698ffbd9}'/><EventID>11</EventID><Version>2</Version><Level>4</Level><Task>11</Task><Opcode>0</Opcode><Keywords>0x8000000000000000</Keywords><TimeCreated SystemTime='2024-06-13T02:44:39.3855199Z'/><EventRecordID>74</EventRecordID><Correlation/><Execution ProcessID='4796' ThreadID='4896'/><Channel>Microsoft-Windows-Sysmon/Operational</Channel><Computer>b04faea2-c797-4ff3-82a6-2312c432bdf7</Computer><Security UserID='S-1-5-18'/></System><EventData><Data Name='RuleName'>T1053</Data><Data Name='UtcTime'>2024-06-13 02:44:39.375</Data><Data Name='ProcessGuid'>{6c5fe7fc-2e64-666b-0c00-000000000200}</Data><Data Name='ProcessId'>564</Data><Data Name='Image'>C:\Windows\system32\svchost.exe</Data><Data Name='TargetFilename'>C:\Windows\System32\Tasks\Microsoft\Windows\UpdateOrchestrator\Schedule Wake To Work</Data><Data Name='CreationUtcTime'>2024-06-13 02:44:39.375</Data><Data Name='User'>NT AUTHORITY\SYSTEM</Data></EventData></Event>
<Event xmlns='http://schemas.microsoft.com/win/2004/08/events/event'><System><Provider Name='Microsoft-Windows-Sysmon' Guid='{5770385f-c22a-43e0-bf4c-06f5698ffbd9}'/><EventID>7</EventID><Version>3</Version><Level>4</Level><Task>7</Task><Opcode>0</Opcode><Keywords>0x8000000000000000</Keywords><TimeCreated SystemTime='2024-06-13T02:44:39.3976725Z'/><EventRecordID>75</EventRecordID><Correlation/><Execution ProcessID='4796' ThreadID='4896'/><Channel>Microsoft-Windows-Sysmon/Operational</Channel><Computer>b04faea2-c797-4ff3-82a6-2312c432bdf7</Computer><Security UserID='S-1-5-18'/></System><EventData><Data Name='RuleName'>-</Data><Data Name='UtcTime'>2024-06-13 02:44:39.391</Data><Data Name='ProcessGuid'>{6c5fe7fc-5d12-666a-7500-000000000200}</Data><Data Name='ProcessId'>5372</Data><Data Name='Image'>C:\Windows\System32\MoUsoCoreWorker.exe</Data><Data Name='ImageLoaded'>\\VSMB-{dcc079ae-60ba-4d07-847c-3493609c0870}\os\Windows\System32\netapi32.dll</Data><Data Name='FileVersion'>-</Data><Data Name='Description'>-</Data><Data Name='Product'>-</Data><Data Name='Company'>-</Data><Data Name='OriginalFileName'>-</Data><Data Name='Hashes'>-</Data><Data Name='Signed'>failed: Invalid hash</Data><Data Name='Signature'>-</Data><Data Name='SignatureStatus'>-</Data><Data Name='User'>NT AUTHORITY\SYSTEM</Data></EventData></Event>
<Event xmlns='http://schemas.microsoft.com/win/2004/08/events/event'><System><Provider Name='Microsoft-Windows-Sysmon' Guid='{5770385f-c22a-43e0-bf4c-06f5698ffbd9}'/><EventID>7</EventID><Version>3</Version><Level>4</Level><Task>7</Task><Opcode>0</Opcode><Keywords>0x8000000000000000</Keywords><TimeCreated SystemTime='2024-06-13T02:44:39.4157499Z'/><EventRecordID>76</EventRecordID><Correlation/><Execution ProcessID='4796' ThreadID='4896'/><Channel>Microsoft-Windows-Sysmon/Operational</Channel><Computer>b04faea2-c797-4ff3-82a6-2312c432bdf7</Computer><Security UserID='S-1-5-18'/></System><EventData><Data Name='RuleName'>-</Data><Data Name='UtcTime'>2024-06-13 02:44:39.406</Data><Data Name='ProcessGuid'>{6c5fe7fc-5d12-666a-7500-000000000200}</Data><Data Name='ProcessId'>5372</Data><Data Name='Image'>C:\Windows\System32\MoUsoCoreWorker.exe</Data><Data Name='ImageLoaded'>\\VSMB-{dcc079ae-60ba-4d07-847c-3493609c0870}\os\Windows\System32\samlib.dll</Data><Data Name='FileVersion'>-</Data><Data Name='Description'>-</Data><Data Name='Product'>-</Data><Data Name='Company'>-</Data><Data Name='OriginalFileName'>-</Data><Data Name='Hashes'>-</Data><Data Name='Signed'>failed: Invalid hash</Data><Data Name='Signature'>-</Data><Data Name='SignatureStatus'>-</Data><Data Name='User'>NT AUTHORITY\SYSTEM</Data></EventData></Event>
<Event xmlns='http://schemas.microsoft.com/win/2004/08/events/event'><System><Provider Name='Microsoft-Windows-Sysmon' Guid='{5770385f-c22a-43e0-bf4c-06f5698ffbd9}'/><EventID>7</EventID><Version>3</Version><Level>4</Level><Task>7</Task><Opcode>0</Opcode><Keywords>0x8000000000000000</Keywords><TimeCreated SystemTime='2024-06-13T02:44:39.4310777Z'/><EventRecordID>77</EventRecordID><Correlation/><Execution ProcessID='4796' ThreadID='4896'/><Channel>Microsoft-Windows-Sysmon/Operational</Channel><Computer>b04faea2-c797-4ff3-82a6-2312c432bdf7</Computer><Security UserID='S-1-5-18'/></System><EventData><Data Name='RuleName'>-</Data><Data Name='UtcTime'>2024-06-13 02:44:39.422</Data><Data Name='ProcessGuid'>{6c5fe7fc-5d12-666a-7500-000000000200}</Data><Data Name='ProcessId'>5372</Data><Data Name='Image'>C:\Windows\System32\MoUsoCoreWorker.exe</Data><Data Name='ImageLoaded'>\\VSMB-{dcc079ae-60ba-4d07-847c-3493609c0870}\os\Windows\System32\netapi32.dll</Data><Data Name='FileVersion'>-</Data><Data Name='Description'>-</Data><Data Name='Product'>-</Data><Data Name='Company'>-</Data><Data Name='OriginalFileName'>-</Data><Data Name='Hashes'>-</Data><Data Name='Signed'>failed: Invalid hash</Data><Data Name='Signature'>-</Data><Data Name='SignatureStatus'>-</Data><Data Name='User'>NT AUTHORITY\SYSTEM</Data></EventData></Event>
<Event xmlns='http://schemas.microsoft.com/win/2004/08/events/event'><System><Provider Name='Microsoft-Windows-Sysmon' Guid='{5770385f-c22a-43e0-bf4c-06f5698ffbd9}'/><EventID>11</EventID><Version>2</Version><Level>4</Level><Task>11</Task><Opcode>0</Opcode><Keywords>0x8000000000000000</Keywords><TimeCreated SystemTime='2024-06-13T02:44:39.6507646Z'/><EventRecordID>78</EventRecordID><Correlation/><Execution ProcessID='4796' ThreadID='4896'/><Channel>Microsoft-Windows-Sysmon/Operational</Channel><Computer>b04faea2-c797-4ff3-82a6-2312c432bdf7</Computer><Security UserID='S-1-5-18'/></System><EventData><Data Name='RuleName'>T1053</Data><Data Name='UtcTime'>2024-06-13 02:44:39.641</Data><Data Name='ProcessGuid'>{6c5fe7fc-2e64-666b-0c00-000000000200}</Data><Data Name='ProcessId'>564</Data><Data Name='Image'>C:\Windows\system32\svchost.exe</Data><Data Name='TargetFilename'>C:\Windows\System32\Tasks\Microsoft\Windows\UpdateOrchestrator\Schedule Maintenance Work</Data><Data Name='CreationUtcTime'>2024-06-13 02:44:39.641</Data><Data Name='User'>NT AUTHORITY\SYSTEM</Data></EventData></Event>
<Event xmlns='http://schemas.microsoft.com/win/2004/08/events/event'><System><Provider Name='Microsoft-Windows-Sysmon' Guid='{5770385f-c22a-43e0-bf4c-06f5698ffbd9}'/><EventID>7</EventID><Version>3</Version><Level>4</Level><Task>7</Task><Opcode>0</Opcode><Keywords>0x8000000000000000</Keywords><TimeCreated SystemTime='2024-06-13T02:44:39.9319973Z'/><EventRecordID>79</EventRecordID><Correlation/><Execution ProcessID='4796' ThreadID='4896'/><Channel>Microsoft-Windows-Sysmon/Operational</Channel><Computer>b04faea2-c797-4ff3-82a6-2312c432bdf7</Computer><Security UserID='S-1-5-18'/></System><EventData><Data Name='RuleName'>-</Data><Data Name='UtcTime'>2024-06-13 02:44:39.922</Data><Data Name='ProcessGuid'>{6c5fe7fc-2e64-666b-0c00-000000000200}</Data><Data Name='ProcessId'>564</Data><Data Name='Image'>C:\Windows\System32\svchost.exe</Data><Data Name='ImageLoaded'>\\VSMB-{dcc079ae-60ba-4d07-847c-3493609c0870}\os\Windows\System32\netapi32.dll</Data><Data Name='FileVersion'>-</Data><Data Name='Description'>-</Data><Data Name='Product'>-</Data><Data Name='Company'>-</Data><Data Name='OriginalFileName'>-</Data><Data Name='Hashes'>-</Data><Data Name='Signed'>failed: Invalid hash</Data><Data Name='Signature'>-</Data><Data Name='SignatureStatus'>-</Data><Data Name='User'>NT AUTHORITY\SYSTEM</Data></EventData></Event>
<Event xmlns='http://schemas.microsoft.com/win/2004/08/events/event'><System><Provider Name='Microsoft-Windows-Sysmon' Guid='{5770385f-c22a-43e0-bf4c-06f5698ffbd9}'/><EventID>1</EventID><Version>5</Version><Level>4</Level><Task>1</Task><Opcode>0</Opcode><Keywords>0x8000000000000000</Keywords><TimeCreated SystemTime='2024-06-13T02:44:57.1099583Z'/><EventRecordID>80</EventRecordID><Correlation/><Execution ProcessID='4796' ThreadID='4896'/><Channel>Microsoft-Windows-Sysmon/Operational</Channel><Computer>b04faea2-c797-4ff3-82a6-2312c432bdf7</Computer><Security UserID='S-1-5-18'/></System><EventData><Data Name='RuleName'>-</Data><Data Name='UtcTime'>2024-06-13 02:44:57.103</Data><Data Name='ProcessGuid'>{6c5fe7fc-5d29-666a-7900-000000000200}</Data><Data Name='ProcessId'>5976</Data><Data Name='Image'>C:\Windows\System32\wbem\WMIADAP.exe</Data><Data Name='FileVersion'>10.0.19041.4474 (WinBuild.160101.0800)</Data><Data Name='Description'>WMI Reverse Performance Adapter Maintenance Utility</Data><Data Name='Product'>MicrosoftR WindowsR Operating System</Data><Data Name='Company'>Microsoft Corporation</Data><Data Name='OriginalFileName'>wmicookr.dll</Data><Data Name='CommandLine'>wmiadap.exe /R /T</Data><Data Name='CurrentDirectory'>C:\Windows\system32\</Data><Data Name='User'>NT AUTHORITY\SYSTEM</Data><Data Name='LogonGuid'>{6c5fe7fc-2e64-666b-e703-000000000000}</Data><Data Name='LogonId'>0x3e7</Data><Data Name='TerminalSessionId'>0</Data><Data Name='IntegrityLevel'>System</Data><Data Name='Hashes'>MD5=9A2D42258163720034A335CD1AC80110,SHA256=1C646A86183FEEDC20E41B9DF7263308E2936BDF690E421D64AAB9FFCB0FA922,IMPHASH=367D299428703C9A9715504BFE071C97</Data><Data Name='ParentProcessGuid'>{00000000-0000-0000-0000-000000000000}</Data><Data Name='ParentProcessId'>564</Data><Data Name='ParentImage'>-</Data><Data Name='ParentCommandLine'>-</Data><Data Name='ParentUser'>-</Data></EventData></Event>
<Event xmlns='http://schemas.microsoft.com/win/2004/08/events/event'><System><Provider Name='Microsoft-Windows-Sysmon' Guid='{5770385f-c22a-43e0-bf4c-06f5698ffbd9}'/><EventID>1</EventID><Version>5</Version><Level>4</Level><Task>1</Task><Opcode>0</Opcode><Keywords>0x8000000000000000</Keywords><TimeCreated SystemTime='2024-06-13T02:44:58.7280533Z'/><EventRecordID>81</EventRecordID><Correlation/><Execution ProcessID='4796' ThreadID='4896'/><Channel>Microsoft-Windows-Sysmon/Operational</Channel><Computer>b04faea2-c797-4ff3-82a6-2312c432bdf7</Computer><Security UserID='S-1-5-18'/></System><EventData><Data Name='RuleName'>-</Data><Data Name='UtcTime'>2024-06-13 02:44:58.727</Data><Data Name='ProcessGuid'>{6c5fe7fc-5d2a-666a-7a00-000000000200}</Data><Data Name='ProcessId'>6020</Data><Data Name='Image'>C:\Windows\System32\taskhostw.exe</Data><Data Name='FileVersion'>10.0.19041.4474 (WinBuild.160101.0800)</Data><Data Name='Description'>Host Process for Windows Tasks</Data><Data Name='Product'>MicrosoftR WindowsR Operating System</Data><Data Name='Company'>Microsoft Corporation</Data><Data Name='OriginalFileName'>taskhostw.exe</Data><Data Name='CommandLine'>taskhostw.exe network</Data><Data Name='CurrentDirectory'>C:\Windows\system32\</Data><Data Name='User'>NT AUTHORITY\NETWORK SERVICE</Data><Data Name='LogonGuid'>{6c5fe7fc-2e64-666b-e403-000000000000}</Data><Data Name='LogonId'>0x3e4</Data><Data Name='TerminalSessionId'>0</Data><Data Name='IntegrityLevel'>System</Data><Data Name='Hashes'>MD5=933581DCB7B289D61B63F08544540BA5,SHA256=1C7B7E7026EF8307BF33AFDADF1D49E7C1EE4C829260B4F6988185D22D7BCC3A,IMPHASH=3A0C6863CDE566AF997DB2DEFFF9D924</Data><Data Name='ParentProcessGuid'>{00000000-0000-0000-0000-000000000000}</Data><Data Name='ParentProcessId'>564</Data><Data Name='ParentImage'>-</Data><Data Name='ParentCommandLine'>-</Data><Data Name='ParentUser'>-</Data></EventData></Event>
<Event xmlns='http://schemas.microsoft.com/win/2004/08/events/event'><System><Provider Name='Microsoft-Windows-Sysmon' Guid='{5770385f-c22a-43e0-bf4c-06f5698ffbd9}'/><EventID>7</EventID><Version>3</Version><Level>4</Level><Task>7</Task><Opcode>0</Opcode><Keywords>0x8000000000000000</Keywords><TimeCreated SystemTime='2024-06-13T02:44:58.7505846Z'/><EventRecordID>82</EventRecordID><Correlation/><Execution ProcessID='4796' ThreadID='4896'/><Channel>Microsoft-Windows-Sysmon/Operational</Channel><Computer>b04faea2-c797-4ff3-82a6-2312c432bdf7</Computer><Security UserID='S-1-5-18'/></System><EventData><Data Name='RuleName'>-</Data><Data Name='UtcTime'>2024-06-13 02:44:58.735</Data><Data Name='ProcessGuid'>{6c5fe7fc-5d2a-666a-7a00-000000000200}</Data><Data Name='ProcessId'>6020</Data><Data Name='Image'>C:\Windows\System32\taskhostw.exe</Data><Data Name='ImageLoaded'>\\VSMB-{dcc079ae-60ba-4d07-847c-3493609c0870}\os\Windows\System32\WinSCard.dll</Data><Data Name='FileVersion'>-</Data><Data Name='Description'>-</Data><Data Name='Product'>-</Data><Data Name='Company'>-</Data><Data Name='OriginalFileName'>-</Data><Data Name='Hashes'>-</Data><Data Name='Signed'>failed: Invalid hash</Data><Data Name='Signature'>-</Data><Data Name='SignatureStatus'>-</Data><Data Name='User'>NT AUTHORITY\NETWORK SERVICE</Data></EventData></Event>
<Event xmlns='http://schemas.microsoft.com/win/2004/08/events/event'><System><Provider Name='Microsoft-Windows-Sysmon' Guid='{5770385f-c22a-43e0-bf4c-06f5698ffbd9}'/><EventID>1</EventID><Version>5</Version><Level>4</Level><Task>1</Task><Opcode>0</Opcode><Keywords>0x8000000000000000</Keywords><TimeCreated SystemTime='2024-06-13T02:44:59.9304274Z'/><EventRecordID>83</EventRecordID><Correlation/><Execution ProcessID='4796' ThreadID='4896'/><Channel>Microsoft-Windows-Sysmon/Operational</Channel><Computer>b04faea2-c797-4ff3-82a6-2312c432bdf7</Computer><Security UserID='S-1-5-18'/></System><EventData><Data Name='RuleName'>-</Data><Data Name='UtcTime'>2024-06-13 02:44:59.929</Data><Data Name='ProcessGuid'>{6c5fe7fc-5d2b-666a-7b00-000000000200}</Data><Data Name='ProcessId'>6052</Data><Data Name='Image'>C:\Windows\System32\taskhostw.exe</Data><Data Name='FileVersion'>10.0.19041.4474 (WinBuild.160101.0800)</Data><Data Name='Description'>Host Process for Windows Tasks</Data><Data Name='Product'>MicrosoftR WindowsR Operating System</Data><Data Name='Company'>Microsoft Corporation</Data><Data Name='OriginalFileName'>taskhostw.exe</Data><Data Name='CommandLine'>taskhostw.exe network</Data><Data Name='CurrentDirectory'>C:\Windows\system32\</Data><Data Name='User'>NT AUTHORITY\NETWORK SERVICE</Data><Data Name='LogonGuid'>{6c5fe7fc-2e64-666b-e403-000000000000}</Data><Data Name='LogonId'>0x3e4</Data><Data Name='TerminalSessionId'>0</Data><Data Name='IntegrityLevel'>System</Data><Data Name='Hashes'>MD5=933581DCB7B289D61B63F08544540BA5,SHA256=1C7B7E7026EF8307BF33AFDADF1D49E7C1EE4C829260B4F6988185D22D7BCC3A,IMPHASH=3A0C6863CDE566AF997DB2DEFFF9D924</Data><Data Name='ParentProcessGuid'>{00000000-0000-0000-0000-000000000000}</Data><Data Name='ParentProcessId'>564</Data><Data Name='ParentImage'>-</Data><Data Name='ParentCommandLine'>-</Data><Data Name='ParentUser'>-</Data></EventData></Event>
<Event xmlns='http://schemas.microsoft.com/win/2004/08/events/event'><System><Provider Name='Microsoft-Windows-Sysmon' Guid='{5770385f-c22a-43e0-bf4c-06f5698ffbd9}'/><EventID>7</EventID><Version>3</Version><Level>4</Level><Task>7</Task><Opcode>0</Opcode><Keywords>0x8000000000000000</Keywords><TimeCreated SystemTime='2024-06-13T02:44:59.9522581Z'/><EventRecordID>84</EventRecordID><Correlation/><Execution ProcessID='4796' ThreadID='4896'/><Channel>Microsoft-Windows-Sysmon/Operational</Channel><Computer>b04faea2-c797-4ff3-82a6-2312c432bdf7</Computer><Security UserID='S-1-5-18'/></System><EventData><Data Name='RuleName'>-</Data><Data Name='UtcTime'>2024-06-13 02:44:59.938</Data><Data Name='ProcessGuid'>{6c5fe7fc-5d2b-666a-7b00-000000000200}</Data><Data Name='ProcessId'>6052</Data><Data Name='Image'>C:\Windows\System32\taskhostw.exe</Data><Data Name='ImageLoaded'>\\VSMB-{dcc079ae-60ba-4d07-847c-3493609c0870}\os\Windows\System32\WinSCard.dll</Data><Data Name='FileVersion'>-</Data><Data Name='Description'>-</Data><Data Name='Product'>-</Data><Data Name='Company'>-</Data><Data Name='OriginalFileName'>-</Data><Data Name='Hashes'>-</Data><Data Name='Signed'>failed: Invalid hash</Data><Data Name='Signature'>-</Data><Data Name='SignatureStatus'>-</Data><Data Name='User'>NT AUTHORITY\NETWORK SERVICE</Data></EventData></Event>
<Event xmlns='http://schemas.microsoft.com/win/2004/08/events/event'><System><Provider Name='Microsoft-Windows-Sysmon' Guid='{5770385f-c22a-43e0-bf4c-06f5698ffbd9}'/><EventID>1</EventID><Version>5</Version><Level>4</Level><Task>1</Task><Opcode>0</Opcode><Keywords>0x8000000000000000</Keywords><TimeCreated SystemTime='2024-06-13T02:45:00.0103172Z'/><EventRecordID>85</EventRecordID><Correlation/><Execution ProcessID='4796' ThreadID='4896'/><Channel>Microsoft-Windows-Sysmon/Operational</Channel><Computer>b04faea2-c797-4ff3-82a6-2312c432bdf7</Computer><Security UserID='S-1-5-18'/></System><EventData><Data Name='RuleName'>-</Data><Data Name='UtcTime'>2024-06-13 02:45:00.004</Data><Data Name='ProcessGuid'>{6c5fe7fc-5d2c-666a-7c00-000000000200}</Data><Data Name='ProcessId'>6080</Data><Data Name='Image'>C:\Windows\System32\notepad.exe</Data><Data Name='FileVersion'>10.0.19041.4355 (WinBuild.160101.0800)</Data><Data Name='Description'>Notepad</Data><Data Name='Product'>MicrosoftR WindowsR Operating System</Data><Data Name='Company'>Microsoft Corporation</Data><Data Name='OriginalFileName'>NOTEPAD.EXE</Data><Data Name='CommandLine'>"notepad.exe"</Data><Data Name='CurrentDirectory'>C:\Windows\system32\</Data><Data Name='User'>B04FAEA2-C797-4\WDAGUtilityAccount</Data><Data Name='LogonGuid'>{6c5fe7fc-5cf2-666a-f483-030000000000}</Data><Data Name='LogonId'>0x383f4</Data><Data Name='TerminalSessionId'>1</Data><Data Name='IntegrityLevel'>High</Data><Data Name='Hashes'>MD5=BD33AA772F4751C5A79F94636088774E,SHA256=C286747D319818C1205FD487040840353C5F4542FAFFDABAE9131481BDFEB92A,IMPHASH=09ED737A03DB7295BF734A9953F6EB5E</Data><Data Name='ParentProcessGuid'>{00000000-0000-0000-0000-000000000000}</Data><Data Name='ParentProcessId'>564</Data><Data Name='ParentImage'>-</Data><Data Name='ParentCommandLine'>-</Data><Data Name='ParentUser'>-</Data></EventData></Event>
<Event xmlns='http://schemas.microsoft.com/win/2004/08/events/event'><System><Provider Name='Microsoft-Windows-Sysmon' Guid='{5770385f-c22a-43e0-bf4c-06f5698ffbd9}'/><EventID>22</EventID><Version>5</Version><Level>4</Level><Task>22</Task><Opcode>0</Opcode><Keywords>0x8000000000000000</Keywords><TimeCreated SystemTime='2024-06-13T02:45:00.7509568Z'/><EventRecordID>86</EventRecordID><Correlation/><Execution ProcessID='4796' ThreadID='4920'/><Channel>Microsoft-Windows-Sysmon/Operational</Channel><Computer>b04faea2-c797-4ff3-82a6-2312c432bdf7</Computer><Security UserID='S-1-5-18'/></System><EventData><Data Name='RuleName'>-</Data><Data Name='UtcTime'>2024-06-13 02:44:58.748</Data><Data Name='ProcessGuid'>{6c5fe7fc-5b75-666a-1400-000000000200}</Data><Data Name='ProcessId'>1396</Data><Data Name='QueryName'>VSMB-{dcc079ae-60ba-4d07-847c-3493609c0870}</Data><Data Name='QueryStatus'>9560</Data><Data Name='QueryResults'>-</Data><Data Name='Image'>C:\Windows\System32\svchost.exe</Data><Data Name='User'>NT AUTHORITY\NETWORK SERVICE</Data></EventData></Event>
<Event xmlns='http://schemas.microsoft.com/win/2004/08/events/event'><System><Provider Name='Microsoft-Windows-Sysmon' Guid='{5770385f-c22a-43e0-bf4c-06f5698ffbd9}'/><EventID>22</EventID><Version>5</Version><Level>4</Level><Task>22</Task><Opcode>0</Opcode><Keywords>0x8000000000000000</Keywords><TimeCreated SystemTime='2024-06-13T02:45:00.7528307Z'/><EventRecordID>87</EventRecordID><Correlation/><Execution ProcessID='4796' ThreadID='4920'/><Channel>Microsoft-Windows-Sysmon/Operational</Channel><Computer>b04faea2-c797-4ff3-82a6-2312c432bdf7</Computer><Security UserID='S-1-5-18'/></System><EventData><Data Name='RuleName'>-</Data><Data Name='UtcTime'>2024-06-13 02:44:58.882</Data><Data Name='ProcessGuid'>{6c5fe7fc-2e65-666b-1000-000000000200}</Data><Data Name='ProcessId'>1100</Data><Data Name='QueryName'>wpad</Data><Data Name='QueryStatus'>123</Data><Data Name='QueryResults'>-</Data><Data Name='Image'>C:\Windows\system32\svchost.exe</Data><Data Name='User'>NT AUTHORITY\LOCAL SERVICE</Data></EventData></Event>
<Event xmlns='http://schemas.microsoft.com/win/2004/08/events/event'><System><Provider Name='Microsoft-Windows-Sysmon' Guid='{5770385f-c22a-43e0-bf4c-06f5698ffbd9}'/><EventID>1</EventID><Version>5</Version><Level>4</Level><Task>1</Task><Opcode>0</Opcode><Keywords>0x8000000000000000</Keywords><TimeCreated SystemTime='2024-06-13T02:45:05.2865516Z'/><EventRecordID>88</EventRecordID><Correlation/><Execution ProcessID='4796' ThreadID='4896'/><Channel>Microsoft-Windows-Sysmon/Operational</Channel><Computer>b04faea2-c797-4ff3-82a6-2312c432bdf7</Computer><Security UserID='S-1-5-18'/></System><EventData><Data Name='RuleName'>-</Data><Data Name='UtcTime'>2024-06-13 02:45:05.285</Data><Data Name='ProcessGuid'>{6c5fe7fc-5d31-666a-7d00-000000000200}</Data><Data Name='ProcessId'>6124</Data><Data Name='Image'>C:\Windows\System32\taskhostw.exe</Data><Data Name='FileVersion'>10.0.19041.4474 (WinBuild.160101.0800)</Data><Data Name='Description'>Host Process for Windows Tasks</Data><Data Name='Product'>MicrosoftR WindowsR Operating System</Data><Data Name='Company'>Microsoft Corporation</Data><Data Name='OriginalFileName'>taskhostw.exe</Data><Data Name='CommandLine'>taskhostw.exe logon</Data><Data Name='CurrentDirectory'>C:\Windows\system32\</Data><Data Name='User'>B04FAEA2-C797-4\WDAGUtilityAccount</Data><Data Name='LogonGuid'>{6c5fe7fc-5cf2-666a-f483-030000000000}</Data><Data Name='LogonId'>0x383f4</Data><Data Name='TerminalSessionId'>1</Data><Data Name='IntegrityLevel'>High</Data><Data Name='Hashes'>MD5=933581DCB7B289D61B63F08544540BA5,SHA256=1C7B7E7026EF8307BF33AFDADF1D49E7C1EE4C829260B4F6988185D22D7BCC3A,IMPHASH=3A0C6863CDE566AF997DB2DEFFF9D924</Data><Data Name='ParentProcessGuid'>{00000000-0000-0000-0000-000000000000}</Data><Data Name='ParentProcessId'>564</Data><Data Name='ParentImage'>-</Data><Data Name='ParentCommandLine'>-</Data><Data Name='ParentUser'>-</Data></EventData></Event>
<Event xmlns='http://schemas.microsoft.com/win/2004/08/events/event'><System><Provider Name='Microsoft-Windows-Sysmon' Guid='{5770385f-c22a-43e0-bf4c-06f5698ffbd9}'/><EventID>7</EventID><Version>3</Version><Level>4</Level><Task>7</Task><Opcode>0</Opcode><Keywords>0x8000000000000000</Keywords><TimeCreated SystemTime='2024-06-13T02:45:05.3088565Z'/><EventRecordID>89</EventRecordID><Correlation/><Execution ProcessID='4796' ThreadID='4896'/><Channel>Microsoft-Windows-Sysmon/Operational</Channel><Computer>b04faea2-c797-4ff3-82a6-2312c432bdf7</Computer><Security UserID='S-1-5-18'/></System><EventData><Data Name='RuleName'>-</Data><Data Name='UtcTime'>2024-06-13 02:45:05.297</Data><Data Name='ProcessGuid'>{6c5fe7fc-5d31-666a-7d00-000000000200}</Data><Data Name='ProcessId'>6124</Data><Data Name='Image'>C:\Windows\System32\taskhostw.exe</Data><Data Name='ImageLoaded'>\\VSMB-{dcc079ae-60ba-4d07-847c-3493609c0870}\os\Windows\System32\WinSCard.dll</Data><Data Name='FileVersion'>-</Data><Data Name='Description'>-</Data><Data Name='Product'>-</Data><Data Name='Company'>-</Data><Data Name='OriginalFileName'>-</Data><Data Name='Hashes'>-</Data><Data Name='Signed'>failed: Invalid hash</Data><Data Name='Signature'>-</Data><Data Name='SignatureStatus'>-</Data><Data Name='User'>B04FAEA2-C797-4\WDAGUtilityAccount</Data></EventData></Event>
<Event xmlns='http://schemas.microsoft.com/win/2004/08/events/event'><System><Provider Name='Microsoft-Windows-Sysmon' Guid='{5770385f-c22a-43e0-bf4c-06f5698ffbd9}'/><EventID>1</EventID><Version>5</Version><Level>4</Level><Task>1</Task><Opcode>0</Opcode><Keywords>0x8000000000000000</Keywords><TimeCreated SystemTime='2024-06-13T02:45:05.5233962Z'/><EventRecordID>90</EventRecordID><Correlation/><Execution ProcessID='4796' ThreadID='4896'/><Channel>Microsoft-Windows-Sysmon/Operational</Channel><Computer>b04faea2-c797-4ff3-82a6-2312c432bdf7</Computer><Security UserID='S-1-5-18'/></System><EventData><Data Name='RuleName'>-</Data><Data Name='UtcTime'>2024-06-13 02:45:05.522</Data><Data Name='ProcessGuid'>{6c5fe7fc-5d31-666a-7e00-000000000200}</Data><Data Name='ProcessId'>1988</Data><Data Name='Image'>C:\Windows\System32\taskhostw.exe</Data><Data Name='FileVersion'>10.0.19041.4474 (WinBuild.160101.0800)</Data><Data Name='Description'>Host Process for Windows Tasks</Data><Data Name='Product'>MicrosoftR WindowsR Operating System</Data><Data Name='Company'>Microsoft Corporation</Data><Data Name='OriginalFileName'>taskhostw.exe</Data><Data Name='CommandLine'>taskhostw.exe network</Data><Data Name='CurrentDirectory'>C:\Windows\system32\</Data><Data Name='User'>NT AUTHORITY\NETWORK SERVICE</Data><Data Name='LogonGuid'>{6c5fe7fc-2e64-666b-e403-000000000000}</Data><Data Name='LogonId'>0x3e4</Data><Data Name='TerminalSessionId'>0</Data><Data Name='IntegrityLevel'>System</Data><Data Name='Hashes'>MD5=933581DCB7B289D61B63F08544540BA5,SHA256=1C7B7E7026EF8307BF33AFDADF1D49E7C1EE4C829260B4F6988185D22D7BCC3A,IMPHASH=3A0C6863CDE566AF997DB2DEFFF9D924</Data><Data Name='ParentProcessGuid'>{00000000-0000-0000-0000-000000000000}</Data><Data Name='ParentProcessId'>564</Data><Data Name='ParentImage'>-</Data><Data Name='ParentCommandLine'>-</Data><Data Name='ParentUser'>-</Data></EventData></Event>
<Event xmlns='http://schemas.microsoft.com/win/2004/08/events/event'><System><Provider Name='Microsoft-Windows-Sysmon' Guid='{5770385f-c22a-43e0-bf4c-06f5698ffbd9}'/><EventID>7</EventID><Version>3</Version><Level>4</Level><Task>7</Task><Opcode>0</Opcode><Keywords>0x8000000000000000</Keywords><TimeCreated SystemTime='2024-06-13T02:45:05.5460398Z'/><EventRecordID>91</EventRecordID><Correlation/><Execution ProcessID='4796' ThreadID='4896'/><Channel>Microsoft-Windows-Sysmon/Operational</Channel><Computer>b04faea2-c797-4ff3-82a6-2312c432bdf7</Computer><Security UserID='S-1-5-18'/></System><EventData><Data Name='RuleName'>-</Data><Data Name='UtcTime'>2024-06-13 02:45:05.531</Data><Data Name='ProcessGuid'>{6c5fe7fc-5d31-666a-7e00-000000000200}</Data><Data Name='ProcessId'>1988</Data><Data Name='Image'>C:\Windows\System32\taskhostw.exe</Data><Data Name='ImageLoaded'>\\VSMB-{dcc079ae-60ba-4d07-847c-3493609c0870}\os\Windows\System32\WinSCard.dll</Data><Data Name='FileVersion'>-</Data><Data Name='Description'>-</Data><Data Name='Product'>-</Data><Data Name='Company'>-</Data><Data Name='OriginalFileName'>-</Data><Data Name='Hashes'>-</Data><Data Name='Signed'>failed: Invalid hash</Data><Data Name='Signature'>-</Data><Data Name='SignatureStatus'>-</Data><Data Name='User'>NT AUTHORITY\NETWORK SERVICE</Data></EventData></Event>
<Event xmlns='http://schemas.microsoft.com/win/2004/08/events/event'><System><Provider Name='Microsoft-Windows-Sysmon' Guid='{5770385f-c22a-43e0-bf4c-06f5698ffbd9}'/><EventID>1</EventID><Version>5</Version><Level>4</Level><Task>1</Task><Opcode>0</Opcode><Keywords>0x8000000000000000</Keywords><TimeCreated SystemTime='2024-06-13T02:45:06.1490946Z'/><EventRecordID>92</EventRecordID><Correlation/><Execution ProcessID='4796' ThreadID='4896'/><Channel>Microsoft-Windows-Sysmon/Operational</Channel><Computer>b04faea2-c797-4ff3-82a6-2312c432bdf7</Computer><Security UserID='S-1-5-18'/></System><EventData><Data Name='RuleName'>-</Data><Data Name='UtcTime'>2024-06-13 02:45:06.148</Data><Data Name='ProcessGuid'>{6c5fe7fc-5d32-666a-7f00-000000000200}</Data><Data Name='ProcessId'>2556</Data><Data Name='Image'>C:\Windows\System32\taskhostw.exe</Data><Data Name='FileVersion'>10.0.19041.4474 (WinBuild.160101.0800)</Data><Data Name='Description'>Host Process for Windows Tasks</Data><Data Name='Product'>MicrosoftR WindowsR Operating System</Data><Data Name='Company'>Microsoft Corporation</Data><Data Name='OriginalFileName'>taskhostw.exe</Data><Data Name='CommandLine'>taskhostw.exe $(Arg0)</Data><Data Name='CurrentDirectory'>C:\Windows\system32\</Data><Data Name='User'>B04FAEA2-C797-4\WDAGUtilityAccount</Data><Data Name='LogonGuid'>{6c5fe7fc-5cf2-666a-f483-030000000000}</Data><Data Name='LogonId'>0x383f4</Data><Data Name='TerminalSessionId'>1</Data><Data Name='IntegrityLevel'>High</Data><Data Name='Hashes'>MD5=933581DCB7B289D61B63F08544540BA5,SHA256=1C7B7E7026EF8307BF33AFDADF1D49E7C1EE4C829260B4F6988185D22D7BCC3A,IMPHASH=3A0C6863CDE566AF997DB2DEFFF9D924</Data><Data Name='ParentProcessGuid'>{00000000-0000-0000-0000-000000000000}</Data><Data Name='ParentProcessId'>564</Data><Data Name='ParentImage'>-</Data><Data Name='ParentCommandLine'>-</Data><Data Name='ParentUser'>-</Data></EventData></Event>
<Event xmlns='http://schemas.microsoft.com/win/2004/08/events/event'><System><Provider Name='Microsoft-Windows-Sysmon' Guid='{5770385f-c22a-43e0-bf4c-06f5698ffbd9}'/><EventID>7</EventID><Version>3</Version><Level>4</Level><Task>7</Task><Opcode>0</Opcode><Keywords>0x8000000000000000</Keywords><TimeCreated SystemTime='2024-06-13T02:45:06.2707936Z'/><EventRecordID>93</EventRecordID><Correlation/><Execution ProcessID='4796' ThreadID='4896'/><Channel>Microsoft-Windows-Sysmon/Operational</Channel><Computer>b04faea2-c797-4ff3-82a6-2312c432bdf7</Computer><Security UserID='S-1-5-18'/></System><EventData><Data Name='RuleName'>-</Data><Data Name='UtcTime'>2024-06-13 02:45:06.268</Data><Data Name='ProcessGuid'>{6c5fe7fc-5d32-666a-8000-000000000200}</Data><Data Name='ProcessId'>5160</Data><Data Name='Image'>C:\Windows\System32\backgroundTaskHost.exe</Data><Data Name='ImageLoaded'>\\VSMB-{dcc079ae-60ba-4d07-847c-3493609c0870}\os\Windows\System32\logoncli.dll</Data><Data Name='FileVersion'>-</Data><Data Name='Description'>-</Data><Data Name='Product'>-</Data><Data Name='Company'>-</Data><Data Name='OriginalFileName'>-</Data><Data Name='Hashes'>-</Data><Data Name='Signed'>failed: Invalid hash</Data><Data Name='Signature'>-</Data><Data Name='SignatureStatus'>-</Data><Data Name='User'>B04FAEA2-C797-4\WDAGUtilityAccount</Data></EventData></Event>
<Event xmlns='http://schemas.microsoft.com/win/2004/08/events/event'><System><Provider Name='Microsoft-Windows-Sysmon' Guid='{5770385f-c22a-43e0-bf4c-06f5698ffbd9}'/><EventID>7</EventID><Version>3</Version><Level>4</Level><Task>7</Task><Opcode>0</Opcode><Keywords>0x8000000000000000</Keywords><TimeCreated SystemTime='2024-06-13T02:45:06.3263907Z'/><EventRecordID>94</EventRecordID><Correlation/><Execution ProcessID='4796' ThreadID='4896'/><Channel>Microsoft-Windows-Sysmon/Operational</Channel><Computer>b04faea2-c797-4ff3-82a6-2312c432bdf7</Computer><Security UserID='S-1-5-18'/></System><EventData><Data Name='RuleName'>-</Data><Data Name='UtcTime'>2024-06-13 02:45:06.315</Data><Data Name='ProcessGuid'>{6c5fe7fc-5d32-666a-8000-000000000200}</Data><Data Name='ProcessId'>5160</Data><Data Name='Image'>C:\Windows\System32\backgroundTaskHost.exe</Data><Data Name='ImageLoaded'>\\VSMB-{dcc079ae-60ba-4d07-847c-3493609c0870}\os\Windows\System32\vaultcli.dll</Data><Data Name='FileVersion'>-</Data><Data Name='Description'>-</Data><Data Name='Product'>-</Data><Data Name='Company'>-</Data><Data Name='OriginalFileName'>-</Data><Data Name='Hashes'>-</Data><Data Name='Signed'>failed: Invalid hash</Data><Data Name='Signature'>-</Data><Data Name='SignatureStatus'>-</Data><Data Name='User'>B04FAEA2-C797-4\WDAGUtilityAccount</Data></EventData></Event>
</root>
