<Event xmlns='http://schemas.microsoft.com/win/2004/08/events/event'><System><Provider Name='Microsoft-Windows-Sysmon' Guid='{5770385f-c22a-43e0-bf4c-06f5698ffbd9}'/><EventID>1</EventID><Version>5</Version><Level>4</Level><Task>1</Task><Opcode>0</Opcode><Keywords>0x8000000000000000</Keywords><TimeCreated SystemTime='2024-06-13T02:44:18.9467541Z'/><EventRecordID>35</EventRecordID><Correlation/><Execution ProcessID='4796' ThreadID='4896'/><Channel>Microsoft-Windows-Sysmon/Operational</Channel><Computer>b04faea2-c797-4ff3-82a6-2312c432bdf7</Computer><Security UserID='S-1-5-18'/></System><EventData><Data Name='RuleName'>-</Data><Data Name='UtcTime'>2024-06-13 02:44:18.945</Data><Data Name='ProcessGuid'>{6c5fe7fc-5d02-666a-6700-000000000200}</Data><Data Name='ProcessId'>4448</Data><Data Name='Image'>C:\Windows\System32\PING.EXE</Data><Data Name='FileVersion'>10.0.19041.1 (WinBuild.160101.0800)</Data><Data Name='Description'>TCP/IP Ping Command</Data><Data Name='Product'>MicrosoftR WindowsR Operating System</Data><Data Name='Company'>Microsoft Corporation</Data><Data Name='OriginalFileName'>ping.exe</Data><Data Name='CommandLine'>ping  127.0.0.1 -n 71 </Data><Data Name='CurrentDirectory'>C:\Users\WDAGUtilityAccount\Desktop\</Data><Data Name='User'>B04FAEA2-C797-4\WDAGUtilityAccount</Data><Data Name='LogonGuid'>{6c5fe7fc-5cf2-666a-f483-030000000000}</Data><Data Name='LogonId'>0x383f4</Data><Data Name='TerminalSessionId'>1</Data><Data Name='IntegrityLevel'>High</Data><Data Name='Hashes'>MD5=2F46799D79D22AC72C241EC0322B011D,SHA256=7AF50FA112932EA3284F7821B2EEA2B7582F558DBA897231BB82182003C29F8B,IMPHASH=8C3BE1286CDAD6AC1136D0BB6C83FF41</Data><Data Name='ParentProcessGuid'>{6c5fe7fc-5cf8-666a-4d00-000000000200}</Data><Data Name='ParentProcessId'>4184</Data><Data Name='ParentImage'>C:\Windows\System32\cmd.exe</Data><Data Name='ParentCommandLine'>C:\Windows\system32\cmd.exe /c C:\Users\WDAGUtilityAccount\Desktop\SandboxFiles\install_and_run.bat</Data><Data Name='ParentUser'>B04FAEA2-C797-4\WDAGUtilityAccount</Data></EventData></Event>
<Event xmlns='http://schemas.microsoft.com/win/2004/08/events/event'><System><Provider Name='Microsoft-Windows-Sysmon' Guid='{5770385f-c22a-43e0-bf4c-06f5698ffbd9}'/><EventID>7</EventID><Version>3</Version><Level>4</Level><Task>7</Task><Opcode>0</Opcode><Keywords>0x8000000000000000</Keywords><TimeCreated SystemTime='2024-06-13T02:44:18.9923670Z'/><EventRecordID>36</EventRecordID><Correlation/><Execution ProcessID='4796' ThreadID='4896'/><Channel>Microsoft-Windows-Sysmon/Operational</Channel><Computer>b04faea2-c797-4ff3-82a6-2312c432bdf7</Computer><Security UserID='S-1-5-18'/></System><EventData><Data Name='RuleName'>-</Data><Data Name='UtcTime'>2024-06-13 02:44:18.984</Data><Data Name='ProcessGuid'>{6c5fe7fc-2e64-666b-0b00-000000000200}</Data><Data Name='ProcessId'>936</Data><Data Name='Image'>C:\Windows\System32\svchost.exe</Data><Data Name='ImageLoaded'>\\VSMB-{dcc079ae-60ba-4d07-847c-3493609c0870}\os\Windows\System32\wintrust.dll</Data><Data Name='FileVersion'>-</Data><Data Name='Description'>-</Data><Data Name='Product'>-</Data><Data Name='Company'>-</Data><Data Name='OriginalFileName'>-</Data><Data Name='Hashes'>-</Data><Data Name='Signed'>failed: Invalid hash</Data><Data Name='Signature'>-</Data><Data Name='SignatureStatus'>-</Data><Data Name='User'>NT AUTHORITY\NETWORK SERVICE</Data></EventData></Event>
<Event xmlns='http://schemas.microsoft.com/win/2004/08/events/event'><System><Provider Name='Microsoft-Windows-Sysmon' Guid='{5770385f-c22a-43e0-bf4c-06f5698ffbd9}'/><EventID>12</EventID><Version>2</Version><Level>4</Level><Task>12</Task><Opcode>0</Opcode><Keywords>0x8000000000000000</Keywords><TimeCreated SystemTime='2024-06-13T02:44:19.1971434Z'/><EventRecordID>37</EventRecordID><Correlation/><Execution ProcessID='4796' ThreadID='4896'/><Channel>Microsoft-Windows-Sysmon/Operational</Channel><Computer>b04faea2-c797-4ff3-82a6-2312c432bdf7</Computer><Security UserID='S-1-5-18'/></System><EventData><Data Name='RuleName'>T1060,RunKey</Data><Data Name='EventType'>DeleteValue</Data><Data Name='UtcTime'>2024-06-13 02:44:19.188</Data><Data Name='ProcessGuid'>{6c5fe7fc-5cf4-666a-4600-000000000200}</Data><Data Name='ProcessId'>3792</Data><Data Name='Image'>C:\Windows\Explorer.EXE</Data><Data Name='TargetObject'>HKU\S-1-5-21-2047949552-857980807-821054962-504\SOFTWARE\Microsoft\Windows\CurrentVersion\Runonce\ctfmon.exe</Data><Data Name='User'>B04FAEA2-C797-4\WDAGUtilityAccount</Data></EventData></Event>
<Event xmlns='http://schemas.microsoft.com/win/2004/08/events/event'><System><Provider Name='Microsoft-Windows-Sysmon' Guid='{5770385f-c22a-43e0-bf4c-06f5698ffbd9}'/><EventID>7</EventID><Version>3</Version><Level>4</Level><Task>7</Task><Opcode>0</Opcode><Keywords>0x8000000000000000</Keywords><TimeCreated SystemTime='2024-06-13T02:44:19.2056068Z'/><EventRecordID>38</EventRecordID><Correlation/><Execution ProcessID='4796' ThreadID='4896'/><Channel>Microsoft-Windows-Sysmon/Operational</Channel><Computer>b04faea2-c797-4ff3-82a6-2312c432bdf7</Computer><Security UserID='S-1-5-18'/></System><EventData><Data Name='RuleName'>-</Data><Data Name='UtcTime'>2024-06-13 02:44:19.203</Data><Data Name='ProcessGuid'>{6c5fe7fc-5d02-666a-6600-000000000200}</Data><Data Name='ProcessId'>4780</Data><Data Name='Image'>C:\Windows\SystemApps\Microsoft.Windows.Search_cw5n1h2txyewy\SearchApp.exe</Data><Data Name='ImageLoaded'>\\VSMB-{dcc079ae-60ba-4d07-847c-3493609c0870}\os\Windows\System32\logoncli.dll</Data><Data Name='FileVersion'>-</Data><Data Name='Description'>-</Data><Data Name='Product'>-</Data><Data Name='Company'>-</Data><Data Name='OriginalFileName'>-</Data><Data Name='Hashes'>-</Data><Data Name='Signed'>failed: Invalid hash</Data><Data Name='Signature'>-</Data><Data Name='SignatureStatus'>-</Data><Data Name='User'>B04FAEA2-C797-4\WDAGUtilityAccount</Data></EventData></Event>
<Event xmlns='http://schemas.microsoft.com/win/2004/08/events/event'><System><Provider Name='Microsoft-Windows-Sysmon' Guid='{5770385f-c22a-43e0-bf4c-06f5698ffbd9}'/><EventID>1</EventID><Version>5</Version><Level>4</Level><Task>1</Task><Opcode>0</Opcode><Keywords>0x8000000000000000</Keywords><TimeCreated SystemTime='2024-06-13T02:44:19.3975641Z'/><EventRecordID>39</EventRecordID><Correlation/><Execution ProcessID='4796' ThreadID='4896'/><Channel>Microsoft-Windows-Sysmon/Operational</Channel><Computer>b04faea2-c797-4ff3-82a6-2312c432bdf7</Computer><Security UserID='S-1-5-18'/></System><EventData><Data Name='RuleName'>-</Data><Data Name='UtcTime'>2024-06-13 02:44:19.396</Data><Data Name='ProcessGuid'>{6c5fe7fc-5d03-666a-6900-000000000200}</Data><Data Name='ProcessId'>3912</Data><Data Name='Image'>C:\Windows\System32\ctfmon.exe</Data><Data Name='FileVersion'>10.0.19041.1 (WinBuild.160101.0800)</Data><Data Name='Description'>CTF Loader</Data><Data Name='Product'>MicrosoftR WindowsR Operating System</Data><Data Name='Company'>Microsoft Corporation</Data><Data Name='OriginalFileName'>CTFMON.EXE</Data><Data Name='CommandLine'>"C:\Windows\System32\ctfmon.exe" /n</Data><Data Name='CurrentDirectory'>C:\Windows\system32\</Data><Data Name='User'>B04FAEA2-C797-4\WDAGUtilityAccount</Data><Data Name='LogonGuid'>{6c5fe7fc-5cf2-666a-f483-030000000000}</Data><Data Name='LogonId'>0x383f4</Data><Data Name='TerminalSessionId'>1</Data><Data Name='IntegrityLevel'>High</Data><Data Name='Hashes'>MD5=B625C18E177D5BEB5A6F6432CCF46FB3,SHA256=484FED5F039F429ED933931BA607B7EFDA7D1A343D79CFAB60910E1843147012,IMPHASH=6FD43544FB51C12382CAD7C88F550240</Data><Data Name='ParentProcessGuid'>{6c5fe7fc-5cf4-666a-4600-000000000200}</Data><Data Name='ParentProcessId'>3792</Data><Data Name='ParentImage'>C:\Windows\explorer.exe</Data><Data Name='ParentCommandLine'>C:\Windows\Explorer.EXE</Data><Data Name='ParentUser'>B04FAEA2-C797-4\WDAGUtilityAccount</Data></EventData></Event>
<Event xmlns='http://schemas.microsoft.com/win/2004/08/events/event'><System><Provider Name='Microsoft-Windows-Sysmon' Guid='{5770385f-c22a-43e0-bf4c-06f5698ffbd9}'/><EventID>7</EventID><Version>3</Version><Level>4</Level><Task>7</Task><Opcode>0</Opcode><Keywords>0x8000000000000000</Keywords><TimeCreated SystemTime='2024-06-13T02:44:33.5428900Z'/><EventRecordID>40</EventRecordID><Correlation/><Execution ProcessID='4796' ThreadID='4896'/><Channel>Microsoft-Windows-Sysmon/Operational</Channel><Computer>b04faea2-c797-4ff3-82a6-2312c432bdf7</Computer><Security UserID='S-1-5-18'/></System><EventData><Data Name='RuleName'>-</Data><Data Name='UtcTime'>2024-06-13 02:44:33.531</Data><Data Name='ProcessGuid'>{6c5fe7fc-5d11-666a-6e00-000000000200}</Data><Data Name='ProcessId'>4248</Data><Data Name='Image'>C:\Windows\System32\backgroundTaskHost.exe</Data><Data Name='ImageLoaded'>\\VSMB-{dcc079ae-60ba-4d07-847c-3493609c0870}\os\Windows\System32\logoncli.dll</Data><Data Name='FileVersion'>-</Data><Data Name='Description'>-</Data><Data Name='Product'>-</Data><Data Name='Company'>-</Data><Data Name='OriginalFileName'>-</Data><Data Name='Hashes'>-</Data><Data Name='Signed'>failed: Invalid hash</Data><Data Name='Signature'>-</Data><Data Name='SignatureStatus'>-</Data><Data Name='User'>B04FAEA2-C797-4\WDAGUtilityAccount</Data></EventData></Event>
<Event xmlns='http://schemas.microsoft.com/win/2004/08/events/event'><System><Provider Name='Microsoft-Windows-Sysmon' Guid='{5770385f-c22a-43e0-bf4c-06f5698ffbd9}'/><EventID>7</EventID><Version>3</Version><Level>4</Level><Task>7</Task><Opcode>0</Opcode><Keywords>0x8000000000000000</Keywords><TimeCreated SystemTime='2024-06-13T02:44:33.5761766Z'/><EventRecordID>41</EventRecordID><Correlation/><Execution ProcessID='4796' ThreadID='4896'/><Channel>Microsoft-Windows-Sysmon/Operational</Channel><Computer>b04faea2-c797-4ff3-82a6-2312c432bdf7</Computer><Security UserID='S-1-5-18'/></System><EventData><Data Name='RuleName'>-</Data><Data Name='UtcTime'>2024-06-13 02:44:33.562</Data><Data Name='ProcessGuid'>{6c5fe7fc-5d11-666a-6f00-000000000200}</Data><Data Name='ProcessId'>4884</Data><Data Name='Image'>C:\Windows\System32\RuntimeBroker.exe</Data><Data Name='ImageLoaded'>\\VSMB-{dcc079ae-60ba-4d07-847c-3493609c0870}\os\Windows\System32\samlib.dll</Data><Data Name='FileVersion'>-</Data><Data Name='Description'>-</Data><Data Name='Product'>-</Data><Data Name='Company'>-</Data><Data Name='OriginalFileName'>-</Data><Data Name='Hashes'>-</Data><Data Name='Signed'>failed: Invalid hash</Data><Data Name='Signature'>-</Data><Data Name='SignatureStatus'>-</Data><Data Name='User'>B04FAEA2-C797-4\WDAGUtilityAccount</Data></EventData></Event>
<Event xmlns='http://schemas.microsoft.com/win/2004/08/events/event'><System><Provider Name='Microsoft-Windows-Sysmon' Guid='{5770385f-c22a-43e0-bf4c-06f5698ffbd9}'/><EventID>7</EventID><Version>3</Version><Level>4</Level><Task>7</Task><Opcode>0</Opcode><Keywords>0x8000000000000000</Keywords><TimeCreated SystemTime='2024-06-13T02:44:33.6315887Z'/><EventRecordID>42</EventRecordID><Correlation/><Execution ProcessID='4796' ThreadID='4896'/><Channel>Microsoft-Windows-Sysmon/Operational</Channel><Computer>b04faea2-c797-4ff3-82a6-2312c432bdf7</Computer><Security UserID='S-1-5-18'/></System><EventData><Data Name='RuleName'>-</Data><Data Name='UtcTime'>2024-06-13 02:44:33.625</Data><Data Name='ProcessGuid'>{6c5fe7fc-5d11-666a-6d00-000000000200}</Data><Data Name='ProcessId'>4440</Data><Data Name='Image'>C:\Windows\System32\backgroundTaskHost.exe</Data><Data Name='ImageLoaded'>\\VSMB-{dcc079ae-60ba-4d07-847c-3493609c0870}\os\Windows\System32\logoncli.dll</Data><Data Name='FileVersion'>-</Data><Data Name='Description'>-</Data><Data Name='Product'>-</Data><Data Name='Company'>-</Data><Data Name='OriginalFileName'>-</Data><Data Name='Hashes'>-</Data><Data Name='Signed'>failed: Invalid hash</Data><Data Name='Signature'>-</Data><Data Name='SignatureStatus'>-</Data><Data Name='User'>B04FAEA2-C797-4\WDAGUtilityAccount</Data></EventData></Event>
<Event xmlns='http://schemas.microsoft.com/win/2004/08/events/event'><System><Provider Name='Microsoft-Windows-Sysmon' Guid='{5770385f-c22a-43e0-bf4c-06f5698ffbd9}'/><EventID>7</EventID><Version>3</Version><Level>4</Level><Task>7</Task><Opcode>0</Opcode><Keywords>0x8000000000000000</Keywords><TimeCreated SystemTime='2024-06-13T02:44:33.6613465Z'/><EventRecordID>43</EventRecordID><Correlation/><Execution ProcessID='4796' ThreadID='4896'/><Channel>Microsoft-Windows-Sysmon/Operational</Channel><Computer>b04faea2-c797-4ff3-82a6-2312c432bdf7</Computer><Security UserID='S-1-5-18'/></System><EventData><Data Name='RuleName'>-</Data><Data Name='UtcTime'>2024-06-13 02:44:33.656</Data><Data Name='ProcessGuid'>{6c5fe7fc-5d11-666a-6c00-000000000200}</Data><Data Name='ProcessId'>5092</Data><Data Name='Image'>C:\Windows\System32\backgroundTaskHost.exe</Data><Data Name='ImageLoaded'>\\VSMB-{dcc079ae-60ba-4d07-847c-3493609c0870}\os\Windows\System32\logoncli.dll</Data><Data Name='FileVersion'>-</Data><Data Name='Description'>-</Data><Data Name='Product'>-</Data><Data Name='Company'>-</Data><Data Name='OriginalFileName'>-</Data><Data Name='Hashes'>-</Data><Data Name='Signed'>failed: Invalid hash</Data><Data Name='Signature'>-</Data><Data Name='SignatureStatus'>-</Data><Data Name='User'>B04FAEA2-C797-4\WDAGUtilityAccount</Data></EventData></Event>
<Event xmlns='http://schemas.microsoft.com/win/2004/08/events/event'><System><Provider Name='Microsoft-Windows-Sysmon' Guid='{5770385f-c22a-43e0-bf4c-06f5698ffbd9}'/><EventID>7</EventID><Version>3</Version><Level>4</Level><Task>7</Task><Opcode>0</Opcode><Keywords>0x8000000000000000</Keywords><TimeCreated SystemTime='2024-06-13T02:44:33.7963441Z'/><EventRecordID>44</EventRecordID><Correlation/><Execution ProcessID='4796' ThreadID='4896'/><Channel>Microsoft-Windows-Sysmon/Operational</Channel><Computer>b04faea2-c797-4ff3-82a6-2312c432bdf7</Computer><Security UserID='S-1-5-18'/></System><EventData><Data Name='RuleName'>-</Data><Data Name='UtcTime'>2024-06-13 02:44:33.781</Data><Data Name='ProcessGuid'>{6c5fe7fc-5d11-666a-6e00-000000000200}</Data><Data Name='ProcessId'>4248</Data><Data Name='Image'>C:\Windows\System32\backgroundTaskHost.exe</Data><Data Name='ImageLoaded'>\\VSMB-{dcc079ae-60ba-4d07-847c-3493609c0870}\os\Windows\System32\wintrust.dll</Data><Data Name='FileVersion'>-</Data><Data Name='Description'>-</Data><Data Name='Product'>-</Data><Data Name='Company'>-</Data><Data Name='OriginalFileName'>-</Data><Data Name='Hashes'>-</Data><Data Name='Signed'>failed: Invalid hash</Data><Data Name='Signature'>-</Data><Data Name='SignatureStatus'>-</Data><Data Name='User'>B04FAEA2-C797-4\WDAGUtilityAccount</Data></EventData></Event>
<Event xmlns='http://schemas.microsoft.com/win/2004/08/events/event'><System><Provider Name='Microsoft-Windows-Sysmon' Guid='{5770385f-c22a-43e0-bf4c-06f5698ffbd9}'/><EventID>7</EventID><Version>3</Version><Level>4</Level><Task>7</Task><Opcode>0</Opcode><Keywords>0x8000000000000000</Keywords><TimeCreated SystemTime='2024-06-13T02:44:33.8630359Z'/><EventRecordID>45</EventRecordID><Correlation/><Execution ProcessID='4796' ThreadID='4896'/><Channel>Microsoft-Windows-Sysmon/Operational</Channel><Computer>b04faea2-c797-4ff3-82a6-2312c432bdf7</Computer><Security UserID='S-1-5-18'/></System><EventData><Data Name='RuleName'>-</Data><Data Name='UtcTime'>2024-06-13 02:44:33.859</Data><Data Name='ProcessGuid'>{6c5fe7fc-5d11-666a-6d00-000000000200}</Data><Data Name='ProcessId'>4440</Data><Data Name='Image'>C:\Windows\System32\backgroundTaskHost.exe</Data><Data Name='ImageLoaded'>\\VSMB-{dcc079ae-60ba-4d07-847c-3493609c0870}\os\Windows\System32\vaultcli.dll</Data><Data Name='FileVersion'>-</Data><Data Name='Description'>-</Data><Data Name='Product'>-</Data><Data Name='Company'>-</Data><Data Name='OriginalFileName'>-</Data><Data Name='Hashes'>-</Data><Data Name='Signed'>failed: Invalid hash</Data><Data Name='Signature'>-</Data><Data Name='SignatureStatus'>-</Data><Data Name='User'>B04FAEA2-C797-4\WDAGUtilityAccount</Data></EventData></Event>
<Event xmlns='http://schemas.microsoft.com/win/2004/08/events/event'><System><Provider Name='Microsoft-Windows-Sysmon' Guid='{5770385f-c22a-43e0-bf4c-06f5698ffbd9}'/><EventID>7</EventID><Version>3</Version><Level>4</Level><Task>7</Task><Opcode>0</Opcode><Keywords>0x8000000000000000</Keywords><TimeCreated SystemTime='2024-06-13T02:44:34.1741654Z'/><EventRecordID>46</EventRecordID><Correlation/><Execution ProcessID='4796' ThreadID='4896'/><Channel>Microsoft-Windows-Sysmon/Operational</Channel><Computer>b04faea2-c797-4ff3-82a6-2312c432bdf7</Computer><Security UserID='S-1-5-18'/></System><EventData><Data Name='RuleName'>-</Data><Data Name='UtcTime'>2024-06-13 02:44:34.172</Data><Data Name='ProcessGuid'>{6c5fe7fc-5d12-666a-7000-000000000200}</Data><Data Name='ProcessId'>5008</Data><Data Name='Image'>C:\Windows\System32\backgroundTaskHost.exe</Data><Data Name='ImageLoaded'>\\VSMB-{dcc079ae-60ba-4d07-847c-3493609c0870}\os\Windows\System32\vaultcli.dll</Data><Data Name='FileVersion'>-</Data><Data Name='Description'>-</Data><Data Name='Product'>-</Data><Data Name='Company'>-</Data><Data Name='OriginalFileName'>-</Data><Data Name='Hashes'>-</Data><Data Name='Signed'>failed: Invalid hash</Data><Data Name='Signature'>-</Data><Data Name='SignatureStatus'>-</Data><Data Name='User'>B04FAEA2-C797-4\WDAGUtilityAccount</Data></EventData></Event>
<Event xmlns='http://schemas.microsoft.com/win/2004/08/events/event'><System><Provider Name='Microsoft-Windows-Sysmon' Guid='{5770385f-c22a-43e0-bf4c-06f5698ffbd9}'/><EventID>7</EventID><Version>3</Version><Level>4</Level><Task>7</Task><Opcode>0</Opcode><Keywords>0x8000000000000000</Keywords><TimeCreated SystemTime='2024-06-13T02:44:34.2296322Z'/><EventRecordID>47</EventRecordID><Correlation/><Execution ProcessID='4796' ThreadID='4896'/><Channel>Microsoft-Windows-Sysmon/Operational</Channel><Computer>b04faea2-c797-4ff3-82a6-2312c432bdf7</Computer><Security UserID='S-1-5-18'/></System><EventData><Data Name='RuleName'>-</Data><Data Name='UtcTime'>2024-06-13 02:44:34.219</Data><Data Name='ProcessGuid'>{6c5fe7fc-5d12-666a-7000-000000000200}</Data><Data Name='ProcessId'>5008</Data><Data Name='Image'>C:\Windows\System32\backgroundTaskHost.exe</Data><Data Name='ImageLoaded'>\\VSMB-{dcc079ae-60ba-4d07-847c-3493609c0870}\os\Windows\System32\logoncli.dll</Data><Data Name='FileVersion'>-</Data><Data Name='Description'>-</Data><Data Name='Product'>-</Data><Data Name='Company'>-</Data><Data Name='OriginalFileName'>-</Data><Data Name='Hashes'>-</Data><Data Name='Signed'>failed: Invalid hash</Data><Data Name='Signature'>-</Data><Data Name='SignatureStatus'>-</Data><Data Name='User'>B04FAEA2-C797-4\WDAGUtilityAccount</Data></EventData></Event>
<Event xmlns='http://schemas.microsoft.com/win/2004/08/events/event'><System><Provider Name='Microsoft-Windows-Sysmon' Guid='{5770385f-c22a-43e0-bf4c-06f5698ffbd9}'/><EventID>1</EventID><Version>5</Version><Level>4</Level><Task>1</Task><Opcode>0</Opcode><Keywords>0x8000000000000000</Keywords><TimeCreated SystemTime='2024-06-13T02:44:34.3940781Z'/><EventRecordID>48</EventRecordID><Correlation/><Execution ProcessID='4796' ThreadID='4896'/><Channel>Microsoft-Windows-Sysmon/Operational</Channel><Computer>b04faea2-c797-4ff3-82a6-2312c432bdf7</Computer><Security UserID='S-1-5-18'/></System><EventData><Data Name='RuleName'>-</Data><Data Name='UtcTime'>2024-06-13 02:44:34.390</Data><Data Name='ProcessGuid'>{6c5fe7fc-5d12-666a-7200-000000000200}</Data><Data Name='ProcessId'>5160</Data><Data Name='Image'>C:\Windows\System32\wlrmdr.exe</Data><Data Name='FileVersion'>10.0.19041.3636 (WinBuild.160101.0800)</Data><Data Name='Description'>Windows logon reminder</Data><Data Name='Product'>MicrosoftR WindowsR Operating System</Data><Data Name='Company'>Microsoft Corporation</Data><Data Name='OriginalFileName'>WLRMNDR.EXE</Data><Data Name='CommandLine'> -c -s 0 -f 0 -t Empty -m Empty -a 0 -u Empty</Data><Data Name='CurrentDirectory'>C:\Windows\system32\</Data><Data Name='User'>B04FAEA2-C797-4\WDAGUtilityAccount</Data><Data Name='LogonGuid'>{6c5fe7fc-5cf2-666a-f483-030000000000}</Data><Data Name='LogonId'>0x383f4</Data><Data Name='TerminalSessionId'>1</Data><Data Name='IntegrityLevel'>High</Data><Data Name='Hashes'>MD5=59BD6F822956E54CDEDD0C441372C289,SHA256=2F89115E1081C91BABAF2961CEF0BCF9C8F4EE803D3BE6E88ACE23B383FE7324,IMPHASH=0C029EF03BE0DFE4324558843609A28E</Data><Data Name='ParentProcessGuid'>{6c5fe7fc-5cef-666a-3500-000000000200}</Data><Data Name='ParentProcessId'>1144</Data><Data Name='ParentImage'>C:\Windows\System32\winlogon.exe</Data><Data Name='ParentCommandLine'>winlogon.exe</Data><Data Name='ParentUser'>NT AUTHORITY\SYSTEM</Data></EventData></Event>
<Event xmlns='http://schemas.microsoft.com/win/2004/08/events/event'><System><Provider Name='Microsoft-Windows-Sysmon' Guid='{5770385f-c22a-43e0-bf4c-06f5698ffbd9}'/><EventID>1</EventID><Version>5</Version><Level>4</Level><Task>1</Task><Opcode>0</Opcode><Keywords>0x8000000000000000</Keywords><TimeCreated SystemTime='2024-06-13T02:44:34.5953232Z'/><EventRecordID>49</EventRecordID><Correlation/><Execution ProcessID='4796' ThreadID='4896'/><Channel>Microsoft-Windows-Sysmon/Operational</Channel><Computer>b04faea2-c797-4ff3-82a6-2312c432bdf7</Computer><Security UserID='S-1-5-18'/></System><EventData><Data Name='RuleName'>-</Data><Data Name='UtcTime'>2024-06-13 02:44:34.588</Data><Data Name='ProcessGuid'>{6c5fe7fc-5d12-666a-7400-000000000200}</Data><Data Name='ProcessId'>5252</Data><Data Name='Image'>C:\Windows\System32\taskhostw.exe</Data><Data Name='FileVersion'>10.0.19041.4474 (WinBuild.160101.0800)</Data><Data Name='Description'>Host Process for Windows Tasks</Data><Data Name='Product'>MicrosoftR WindowsR Operating System</Data><Data Name='Company'>Microsoft Corporation</Data><Data Name='OriginalFileName'>taskhostw.exe</Data><Data Name='CommandLine'>taskhostw.exe SyncFromCloud</Data><Data Name='CurrentDirectory'>C:\Windows\system32\</Data><Data Name='User'>B04FAEA2-C797-4\WDAGUtilityAccount</Data><Data Name='LogonGuid'>{6c5fe7fc-5cf2-666a-f483-030000000000}</Data><Data Name='LogonId'>0x383f4</Data><Data Name='TerminalSessionId'>1</Data><Data Name='IntegrityLevel'>High</Data><Data Name='Hashes'>MD5=933581DCB7B289D61B63F08544540BA5,SHA256=1C7B7E7026EF8307BF33AFDADF1D49E7C1EE4C829260B4F6988185D22D7BCC3A,IMPHASH=3A0C6863CDE566AF997DB2DEFFF9D924</Data><Data Name='ParentProcessGuid'>{00000000-0000-0000-0000-000000000000}</Data><Data Name='ParentProcessId'>564</Data><Data Name='ParentImage'>-</Data><Data Name='ParentCommandLine'>-</Data><Data Name='ParentUser'>-</Data></EventData></Event>
<Event xmlns='http://schemas.microsoft.com/win/2004/08/events/event'><System><Provider Name='Microsoft-Windows-Sysmon' Guid='{5770385f-c22a-43e0-bf4c-06f5698ffbd9}'/><EventID>1</EventID><Version>5</Version><Level>4</Level><Task>1</Task><Opcode>0</Opcode><Keywords>0x8000000000000000</Keywords><TimeCreated SystemTime='2024-06-13T02:44:34.8619338Z'/><EventRecordID>50</EventRecordID><Correlation/><Execution ProcessID='4796' ThreadID='4896'/><Channel>Microsoft-Windows-Sysmon/Operational</Channel><Computer>b04faea2-c797-4ff3-82a6-2312c432bdf7</Computer><Security UserID='S-1-5-18'/></System><EventData><Data Name='RuleName'>-</Data><Data Name='UtcTime'>2024-06-13 02:44:34.831</Data><Data Name='ProcessGuid'>{6c5fe7fc-5d12-666a-7500-000000000200}</Data><Data Name='ProcessId'>5372</Data><Data Name='Image'>C:\Windows\System32\MoUsoCoreWorker.exe</Data><Data Name='FileVersion'>10.0.19041.4355 (WinBuild.160101.0800)</Data><Data Name='Description'>MoUSO Core Worker Process</Data><Data Name='Product'>MicrosoftR WindowsR Operating System</Data><Data Name='Company'>Microsoft Corporation</Data><Data Name='OriginalFileName'>MoUSOCoreWorker.exe</Data><Data Name='CommandLine'>C:\Windows\System32\mousocoreworker.exe -Embedding</Data><Data Name='CurrentDirectory'>C:\Windows\system32\</Data><Data Name='User'>NT AUTHORITY\SYSTEM</Data><Data Name='LogonGuid'>{6c5fe7fc-2e64-666b-e703-000000000000}</Data><Data Name='LogonId'>0x3e7</Data><Data Name='TerminalSessionId'>0</Data><Data Name='IntegrityLevel'>System</Data><Data Name='Hashes'>MD5=12CFA013AB4E19F413B2A001DDDB586C,SHA256=FFC7037FB0CD77BFBDACA75C10714ECEFF6956A79FD1DE543B81093D4B238365,IMPHASH=517D061733F6C6DD355EF860B4AF63BE</Data><Data Name='ParentProcessGuid'>{00000000-0000-0000-0000-000000000000}</Data><Data Name='ParentProcessId'>856</Data><Data Name='ParentImage'>-</Data><Data Name='ParentCommandLine'>-</Data><Data Name='ParentUser'>-</Data></EventData></Event>
<Event xmlns='http://schemas.microsoft.com/win/2004/08/events/event'><System><Provider Name='Microsoft-Windows-Sysmon' Guid='{5770385f-c22a-43e0-bf4c-06f5698ffbd9}'/><EventID>7</EventID><Version>3</Version><Level>4</Level><Task>7</Task><Opcode>0</Opcode><Keywords>0x8000000000000000</Keywords><TimeCreated SystemTime='2024-06-13T02:44:34.8763223Z'/><EventRecordID>51</EventRecordID><Correlation/><Execution ProcessID='4796' ThreadID='4896'/><Channel>Microsoft-Windows-Sysmon/Operational</Channel><Computer>b04faea2-c797-4ff3-82a6-2312c432bdf7</Computer><Security UserID='S-1-5-18'/></System><EventData><Data Name='RuleName'>-</Data><Data Name='UtcTime'>2024-06-13 02:44:34.875</Data><Data Name='ProcessGuid'>{6c5fe7fc-5d12-666a-7500-000000000200}</Data><Data Name='ProcessId'>5372</Data><Data Name='Image'>C:\Windows\System32\MoUsoCoreWorker.exe</Data><Data Name='ImageLoaded'>\\VSMB-{dcc079ae-60ba-4d07-847c-3493609c0870}\os\Windows\System32\wintrust.dll</Data><Data Name='FileVersion'>-</Data><Data Name='Description'>-</Data><Data Name='Product'>-</Data><Data Name='Company'>-</Data><Data Name='OriginalFileName'>-</Data><Data Name='Hashes'>-</Data><Data Name='Signed'>failed: Invalid hash</Data><Data Name='Signature'>-</Data><Data Name='SignatureStatus'>-</Data><Data Name='User'>NT AUTHORITY\SYSTEM</Data></EventData></Event>
<Event xmlns='http://schemas.microsoft.com/win/2004/08/events/event'><System><Provider Name='Microsoft-Windows-Sysmon' Guid='{5770385f-c22a-43e0-bf4c-06f5698ffbd9}'/><EventID>7</EventID><Version>3</Version><Level>4</Level><Task>7</Task><Opcode>0</Opcode><Keywords>0x8000000000000000</Keywords><TimeCreated SystemTime='2024-06-13T02:44:35.0206997Z'/><EventRecordID>52</EventRecordID><Correlation/><Execution ProcessID='4796' ThreadID='4896'/><Channel>Microsoft-Windows-Sysmon/Operational</Channel><Computer>b04faea2-c797-4ff3-82a6-2312c432bdf7</Computer><Security UserID='S-1-5-18'/></System><EventData><Data Name='RuleName'>-</Data><Data Name='UtcTime'>2024-06-13 02:44:35.016</Data><Data Name='ProcessGuid'>{6c5fe7fc-5d12-666a-7500-000000000200}</Data><Data Name='ProcessId'>5372</Data><Data Name='Image'>C:\Windows\System32\MoUsoCoreWorker.exe</Data><Data Name='ImageLoaded'>\\VSMB-{dcc079ae-60ba-4d07-847c-3493609c0870}\os\Windows\System32\logoncli.dll</Data><Data Name='FileVersion'>-</Data><Data Name='Description'>-</Data><Data Name='Product'>-</Data><Data Name='Company'>-</Data><Data Name='OriginalFileName'>-</Data><Data Name='Hashes'>-</Data><Data Name='Signed'>failed: Invalid hash</Data><Data Name='Signature'>-</Data><Data Name='SignatureStatus'>-</Data><Data Name='User'>NT AUTHORITY\SYSTEM</Data></EventData></Event>
<Event xmlns='http://schemas.microsoft.com/win/2004/08/events/event'><System><Provider Name='Microsoft-Windows-Sysmon' Guid='{5770385f-c22a-43e0-bf4c-06f5698ffbd9}'/><EventID>7</EventID><Version>3</Version><Level>4</Level><Task>7</Task><Opcode>0</Opcode><Keywords>0x8000000000000000</Keywords><TimeCreated SystemTime='2024-06-13T02:44:35.5789173Z'/><EventRecordID>53</EventRecordID><Correlation/><Execution ProcessID='4796' ThreadID='4896'/><Channel>Microsoft-Windows-Sysmon/Operational</Channel><Computer>b04faea2-c797-4ff3-82a6-2312c432bdf7</Computer><Security UserID='S-1-5-18'/></System><EventData><Data Name='RuleName'>-</Data><Data Name='UtcTime'>2024-06-13 02:44:35.562</Data><Data Name='ProcessGuid'>{6c5fe7fc-5d11-666a-6d00-000000000200}</Data><Data Name='ProcessId'>4440</Data><Data Name='Image'>C:\Windows\System32\backgroundTaskHost.exe</Data><Data Name='ImageLoaded'>\\VSMB-{dcc079ae-60ba-4d07-847c-3493609c0870}\os\Windows\System32\wintrust.dll</Data><Data Name='FileVersion'>-</Data><Data Name='Description'>-</Data><Data Name='Product'>-</Data><Data Name='Company'>-</Data><Data Name='OriginalFileName'>-</Data><Data Name='Hashes'>-</Data><Data Name='Signed'>failed: Invalid hash</Data><Data Name='Signature'>-</Data><Data Name='SignatureStatus'>-</Data><Data Name='User'>B04FAEA2-C797-4\WDAGUtilityAccount</Data></EventData></Event>
<Event xmlns='http://schemas.microsoft.com/win/2004/08/events/event'><System><Provider Name='Microsoft-Windows-Sysmon' Guid='{5770385f-c22a-43e0-bf4c-06f5698ffbd9}'/><EventID>7</EventID><Version>3</Version><Level>4</Level><Task>7</Task><Opcode>0</Opcode><Keywords>0x8000000000000000</Keywords><TimeCreated SystemTime='2024-06-13T02:44:35.7055076Z'/><EventRecordID>54</EventRecordID><Correlation/><Execution ProcessID='4796' ThreadID='4896'/><Channel>Microsoft-Windows-Sysmon/Operational</Channel><Computer>b04faea2-c797-4ff3-82a6-2312c432bdf7</Computer><Security UserID='S-1-5-18'/></System><EventData><Data Name='RuleName'>-</Data><Data Name='UtcTime'>2024-06-13 02:44:35.703</Data><Data Name='ProcessGuid'>{6c5fe7fc-5d12-666a-7500-000000000200}</Data><Data Name='ProcessId'>5372</Data><Data Name='Image'>C:\Windows\System32\MoUsoCoreWorker.exe</Data><Data Name='ImageLoaded'>\\VSMB-{dcc079ae-60ba-4d07-847c-3493609c0870}\os\Windows\System32\logoncli.dll</Data><Data Name='FileVersion'>-</Data><Data Name='Description'>-</Data><Data Name='Product'>-</Data><Data Name='Company'>-</Data><Data Name='OriginalFileName'>-</Data><Data Name='Hashes'>-</Data><Data Name='Signed'>failed: Invalid hash</Data><Data Name='Signature'>-</Data><Data Name='SignatureStatus'>-</Data><Data Name='User'>NT AUTHORITY\SYSTEM</Data></EventData></Event>
<Event xmlns='http://schemas.microsoft.com/win/2004/08/events/event'><System><Provider Name='Microsoft-Windows-Sysmon' Guid='{5770385f-c22a-43e0-bf4c-06f5698ffbd9}'/><EventID>7</EventID><Version>3</Version><Level>4</Level><Task>7</Task><Opcode>0</Opcode><Keywords>0x8000000000000000</Keywords><TimeCreated SystemTime='2024-06-13T02:44:36.0019197Z'/><EventRecordID>55</EventRecordID><Correlation/><Execution ProcessID='4796' ThreadID='4896'/><Channel>Microsoft-Windows-Sysmon/Operational</Channel><Computer>b04faea2-c797-4ff3-82a6-2312c432bdf7</Computer><Security UserID='S-1-5-18'/></System><EventData><Data Name='RuleName'>-</Data><Data Name='UtcTime'>2024-06-13 02:44:36.000</Data><Data Name='ProcessGuid'>{6c5fe7fc-5d11-666a-6c00-000000000200}</Data><Data Name='ProcessId'>5092</Data><Data Name='Image'>C:\Windows\System32\backgroundTaskHost.exe</Data><Data Name='ImageLoaded'>\\VSMB-{dcc079ae-60ba-4d07-847c-3493609c0870}\os\Windows\System32\wintrust.dll</Data><Data Name='FileVersion'>-</Data><Data Name='Description'>-</Data><Data Name='Product'>-</Data><Data Name='Company'>-</Data><Data Name='OriginalFileName'>-</Data><Data Name='Hashes'>-</Data><Data Name='Signed'>failed: Invalid hash</Data><Data Name='Signature'>-</Data><Data Name='SignatureStatus'>-</Data><Data Name='User'>B04FAEA2-C797-4\WDAGUtilityAccount</Data></EventData></Event>
<Event xmlns='http://schemas.microsoft.com/win/2004/08/events/event'><System><Provider Name='Microsoft-Windows-Sysmon' Guid='{5770385f-c22a-43e0-bf4c-06f5698ffbd9}'/><EventID>13</EventID><Version>2</Version><Level>4</Level><Task>13</Task><Opcode>0</Opcode><Keywords>0x8000000000000000</Keywords><TimeCreated SystemTime='2024-06-13T02:44:36.4836305Z'/><EventRecordID>56</EventRecordID><Correlation/><Execution ProcessID='4796' ThreadID='4896'/><Channel>Microsoft-Windows-Sysmon/Operational</Channel><Computer>b04faea2-c797-4ff3-82a6-2312c432bdf7</Computer><Security UserID='S-1-5-18'/></System><EventData><Data Name='RuleName'>-</Data><Data Name='EventType'>SetValue</Data><Data Name='UtcTime'>2024-06-13 02:44:36.469</Data><Data Name='ProcessGuid'>{6c5fe7fc-5cf4-666a-4600-000000000200}</Data><Data Name='ProcessId'>3792</Data><Data Name='Image'>C:\Windows\Explorer.EXE</Data><Data Name='TargetObject'>HKU\S-1-5-21-2047949552-857980807-821054962-504\SOFTWARE\Microsoft\Windows\CurrentVersion\Shell Extensions\Cached\{289AF617-1CC3-42A6-926C-E6A863F0E3BA} {ADD8BA80-002B-11D0-8F0F-00C04FD7D062} 0xFFFF</Data><Data Name='Details'>Binary Data</Data><Data Name='User'>B04FAEA2-C797-4\WDAGUtilityAccount</Data></EventData></Event>
<Event xmlns='http://schemas.microsoft.com/win/2004/08/events/event'><System><Provider Name='Microsoft-Windows-Sysmon' Guid='{5770385f-c22a-43e0-bf4c-06f5698ffbd9}'/><EventID>13</EventID><Version>2</Version><Level>4</Level><Task>13</Task><Opcode>0</Opcode><Keywords>0x8000000000000000</Keywords><TimeCreated SystemTime='2024-06-13T02:44:36.4935505Z'/><EventRecordID>57</EventRecordID><Correlation/><Execution ProcessID='4796' ThreadID='4896'/><Channel>Microsoft-Windows-Sysmon/Operational</Channel><Computer>b04faea2-c797-4ff3-82a6-2312c432bdf7</Computer><Security UserID='S-1-5-18'/></System><EventData><Data Name='RuleName'>-</Data><Data Name='EventType'>SetValue</Data><Data Name='UtcTime'>2024-06-13 02:44:36.484</Data><Data Name='ProcessGuid'>{6c5fe7fc-5cf4-666a-4600-000000000200}</Data><Data Name='ProcessId'>3792</Data><Data Name='Image'>C:\Windows\Explorer.EXE</Data><Data Name='TargetObject'>HKU\S-1-5-21-2047949552-857980807-821054962-504\SOFTWARE\Microsoft\Windows\CurrentVersion\Shell Extensions\Cached\{35786D3C-B075-49B9-88DD-029876E11C01} {ADD8BA80-002B-11D0-8F0F-00C04FD7D062} 0xFFFF</Data><Data Name='Details'>Binary Data</Data><Data Name='User'>B04FAEA2-C797-4\WDAGUtilityAccount</Data></EventData></Event>
<Event xmlns='http://schemas.microsoft.com/win/2004/08/events/event'><System><Provider Name='Microsoft-Windows-Sysmon' Guid='{5770385f-c22a-43e0-bf4c-06f5698ffbd9}'/><EventID>7</EventID><Version>3</Version><Level>4</Level><Task>7</Task><Opcode>0</Opcode><Keywords>0x8000000000000000</Keywords><TimeCreated SystemTime='2024-06-13T02:44:36.6443910Z'/><EventRecordID>58</EventRecordID><Correlation/><Execution ProcessID='4796' ThreadID='4896'/><Channel>Microsoft-Windows-Sysmon/Operational</Channel><Computer>b04faea2-c797-4ff3-82a6-2312c432bdf7</Computer><Security UserID='S-1-5-18'/></System><EventData><Data Name='RuleName'>-</Data><Data Name='UtcTime'>2024-06-13 02:44:36.640</Data><Data Name='ProcessGuid'>{6c5fe7fc-5d11-666a-6f00-000000000200}</Data><Data Name='ProcessId'>4884</Data><Data Name='Image'>C:\Windows\System32\RuntimeBroker.exe</Data><Data Name='ImageLoaded'>\\VSMB-{dcc079ae-60ba-4d07-847c-3493609c0870}\os\Windows\System32\wintrust.dll</Data><Data Name='FileVersion'>-</Data><Data Name='Description'>-</Data><Data Name='Product'>-</Data><Data Name='Company'>-</Data><Data Name='OriginalFileName'>-</Data><Data Name='Hashes'>-</Data><Data Name='Signed'>failed: Invalid hash</Data><Data Name='Signature'>-</Data><Data Name='SignatureStatus'>-</Data><Data Name='User'>B04FAEA2-C797-4\WDAGUtilityAccount</Data></EventData></Event>
<Event xmlns='http://schemas.microsoft.com/win/2004/08/events/event'><System><Provider Name='Microsoft-Windows-Sysmon' Guid='{5770385f-c22a-43e0-bf4c-06f5698ffbd9}'/><EventID>7</EventID><Version>3</Version><Level>4</Level><Task>7</Task><Opcode>0</Opcode><Keywords>0x8000000000000000</Keywords><TimeCreated SystemTime='2024-06-13T02:44:36.8486832Z'/><EventRecordID>59</EventRecordID><Correlation/><Execution ProcessID='4796' ThreadID='4896'/><Channel>Microsoft-Windows-Sysmon/Operational</Channel><Computer>b04faea2-c797-4ff3-82a6-2312c432bdf7</Computer><Security UserID='S-1-5-18'/></System><EventData><Data Name='RuleName'>-</Data><Data Name='UtcTime'>2024-06-13 02:44:36.844</Data><Data Name='ProcessGuid'>{6c5fe7fc-5d12-666a-7500-000000000200}</Data><Data Name='ProcessId'>5372</Data><Data Name='Image'>C:\Windows\System32\MoUsoCoreWorker.exe</Data><Data Name='ImageLoaded'>\\VSMB-{dcc079ae-60ba-4d07-847c-3493609c0870}\os\Windows\System32\logoncli.dll</Data><Data Name='FileVersion'>-</Data><Data Name='Description'>-</Data><Data Name='Product'>-</Data><Data Name='Company'>-</Data><Data Name='OriginalFileName'>-</Data><Data Name='Hashes'>-</Data><Data Name='Signed'>failed: Invalid hash</Data><Data Name='Signature'>-</Data><Data Name='SignatureStatus'>-</Data><Data Name='User'>NT AUTHORITY\SYSTEM</Data></EventData></Event>
<Event xmlns='http://schemas.microsoft.com/win/2004/08/events/event'><System><Provider Name='Microsoft-Windows-Sysmon' Guid='{5770385f-c22a-43e0-bf4c-06f5698ffbd9}'/><EventID>7</EventID><Version>3</Version><Level>4</Level><Task>7</Task><Opcode>0</Opcode><Keywords>0x8000000000000000</Keywords><TimeCreated SystemTime='2024-06-13T02:44:37.1182358Z'/><EventRecordID>60</EventRecordID><Correlation/><Execution ProcessID='4796' ThreadID='4896'/><Channel>Microsoft-Windows-Sysmon/Operational</Channel><Computer>b04faea2-c797-4ff3-82a6-2312c432bdf7</Computer><Security UserID='S-1-5-18'/></System><EventData><Data Name='RuleName'>-</Data><Data Name='UtcTime'>2024-06-13 02:44:37.109</Data><Data Name='ProcessGuid'>{6c5fe7fc-5d14-666a-7700-000000000200}</Data><Data Name='ProcessId'>5600</Data><Data Name='Image'>C:\Windows\System32\BackgroundTransferHost.exe</Data><Data Name='ImageLoaded'>\\VSMB-{dcc079ae-60ba-4d07-847c-3493609c0870}\os\Windows\System32\wintrust.dll</Data><Data Name='FileVersion'>-</Data><Data Name='Description'>-</Data><Data Name='Product'>-</Data><Data Name='Company'>-</Data><Data Name='OriginalFileName'>-</Data><Data Name='Hashes'>-</Data><Data Name='Signed'>failed: Invalid hash</Data><Data Name='Signature'>-</Data><Data Name='SignatureStatus'>-</Data><Data Name='User'>B04FAEA2-C797-4\WDAGUtilityAccount</Data></EventData></Event>
<Event xmlns='http://schemas.microsoft.com/win/2004/08/events/event'><System><Provider Name='Microsoft-Windows-Sysmon' Guid='{5770385f-c22a-43e0-bf4c-06f5698ffbd9}'/><EventID>7</EventID><Version>3</Version><Level>4</Level><Task>7</Task><Opcode>0</Opcode><Keywords>0x8000000000000000</Keywords><TimeCreated SystemTime='2024-06-13T02:44:37.7313632Z'/><EventRecordID>61</EventRecordID><Correlation/><Execution ProcessID='4796' ThreadID='4896'/><Channel>Microsoft-Windows-Sysmon/Operational</Channel><Computer>b04faea2-c797-4ff3-82a6-2312c432bdf7</Computer><Security UserID='S-1-5-18'/></System><EventData><Data Name='RuleName'>-</Data><Data Name='UtcTime'>2024-06-13 02:44:37.719</Data><Data Name='ProcessGuid'>{6c5fe7fc-5d12-666a-7500-000000000200}</Data><Data Name='ProcessId'>5372</Data><Data Name='Image'>C:\Windows\System32\MoUsoCoreWorker.exe</Data><Data Name='ImageLoaded'>\\VSMB-{dcc079ae-60ba-4d07-847c-3493609c0870}\os\Windows\System32\logoncli.dll</Data><Data Name='FileVersion'>-</Data><Data Name='Description'>-</Data><Data Name='Product'>-</Data><Data Name='Company'>-</Data><Data Name='OriginalFileName'>-</Data><Data Name='Hashes'>-</Data><Data Name='Signed'>failed: Invalid hash</Data><Data Name='Signature'>-</Data><Data Name='SignatureStatus'>-</Data><Data Name='User'>NT AUTHORITY\SYSTEM</Data></EventData></Event>
<Event xmlns='http://schemas.microsoft.com/win/2004/08/events/event'><System><Provider Name='Microsoft-Windows-Sysmon' Guid='{5770385f-c22a-43e0-bf4c-06f5698ffbd9}'/><EventID>7</EventID><Version>3</Version><Level>4</Level><Task>7</Task><Opcode>0</Opcode><Keywords>0x8000000000000000</Keywords><TimeCreated SystemTime='2024-06-13T02:44:37.7539738Z'/><EventRecordID>62</EventRecordID><Correlation/><Execution ProcessID='4796' ThreadID='4896'/><Channel>Microsoft-Windows-Sysmon/Operational</Channel><Computer>b04faea2-c797-4ff3-82a6-2312c432bdf7</Computer><Security UserID='S-1-5-18'/></System><EventData><Data Name='RuleName'>-</Data><Data Name='UtcTime'>2024-06-13 02:44:37.750</Data><Data Name='ProcessGuid'>{6c5fe7fc-5d12-666a-7500-000000000200}</Data><Data Name='ProcessId'>5372</Data><Data Name='Image'>C:\Windows\System32\MoUsoCoreWorker.exe</Data><Data Name='ImageLoaded'>\\VSMB-{dcc079ae-60ba-4d07-847c-3493609c0870}\os\Windows\System32\netapi32.dll</Data><Data Name='FileVersion'>-</Data><Data Name='Description'>-</Data><Data Name='Product'>-</Data><Data Name='Company'>-</Data><Data Name='OriginalFileName'>-</Data><Data Name='Hashes'>-</Data><Data Name='Signed'>failed: Invalid hash</Data><Data Name='Signature'>-</Data><Data Name='SignatureStatus'>-</Data><Data Name='User'>NT AUTHORITY\SYSTEM</Data></EventData></Event>
<Event xmlns='http://schemas.microsoft.com/win/2004/08/events/event'><System><Provider Name='Microsoft-Windows-Sysmon' Guid='{5770385f-c22a-43e0-bf4c-06f5698ffbd9}'/><EventID>7</EventID><Version>3</Version><Level>4</Level><Task>7</Task><Opcode>0</Opcode><Keywords>0x8000000000000000</Keywords><TimeCreated SystemTime='2024-06-13T02:44:37.8542247Z'/><EventRecordID>63</EventRecordID><Correlation/><Execution ProcessID='4796' ThreadID='4896'/><Channel>Microsoft-Windows-Sysmon/Operational</Channel><Computer>b04faea2-c797-4ff3-82a6-2312c432bdf7</Computer><Security UserID='S-1-5-18'/></System><EventData><Data Name='RuleName'>-</Data><Data Name='UtcTime'>2024-06-13 02:44:37.844</Data><Data Name='ProcessGuid'>{6c5fe7fc-5d12-666a-7500-000000000200}</Data><Data Name='ProcessId'>5372</Data><Data Name='Image'>C:\Windows\System32\MoUsoCoreWorker.exe</Data><Data Name='ImageLoaded'>\\VSMB-{dcc079ae-60ba-4d07-847c-3493609c0870}\os\Windows\System32\logoncli.dll</Data><Data Name='FileVersion'>-</Data><Data Name='Description'>-</Data><Data Name='Product'>-</Data><Data Name='Company'>-</Data><Data Name='OriginalFileName'>-</Data><Data Name='Hashes'>-</Data><Data Name='Signed'>failed: Invalid hash</Data><Data Name='Signature'>-</Data><Data Name='SignatureStatus'>-</Data><Data Name='User'>NT AUTHORITY\SYSTEM</Data></EventData></Event>
<Event xmlns='http://schemas.microsoft.com/win/2004/08/events/event'><System><Provider Name='Microsoft-Windows-Sysmon' Guid='{5770385f-c22a-43e0-bf4c-06f5698ffbd9}'/><EventID>7</EventID><Version>3</Version><Level>4</Level><Task>7</Task><Opcode>0</Opcode><Keywords>0x8000000000000000</Keywords><TimeCreated SystemTime='2024-06-13T02:44:37.9305807Z'/><EventRecordID>64</EventRecordID><Correlation/><Execution ProcessID='4796' ThreadID='4896'/><Channel>Microsoft-Windows-Sysmon/Operational</Channel><Computer>b04faea2-c797-4ff3-82a6-2312c432bdf7</Computer><Security UserID='S-1-5-18'/></System><EventData><Data Name='RuleName'>-</Data><Data Name='UtcTime'>2024-06-13 02:44:37.922</Data><Data Name='ProcessGuid'>{6c5fe7fc-5d12-666a-7500-000000000200}</Data><Data Name='ProcessId'>5372</Data><Data Name='Image'>C:\Windows\System32\MoUsoCoreWorker.exe</Data><Data Name='ImageLoaded'>\\VSMB-{dcc079ae-60ba-4d07-847c-3493609c0870}\os\Windows\System32\logoncli.dll</Data><Data Name='FileVersion'>-</Data><Data Name='Description'>-</Data><Data Name='Product'>-</Data><Data Name='Company'>-</Data><Data Name='OriginalFileName'>-</Data><Data Name='Hashes'>-</Data><Data Name='Signed'>failed: Invalid hash</Data><Data Name='Signature'>-</Data><Data Name='SignatureStatus'>-</Data><Data Name='User'>NT AUTHORITY\SYSTEM</Data></EventData></Event>
<Event xmlns='http://schemas.microsoft.com/win/2004/08/events/event'><System><Provider Name='Microsoft-Windows-Sysmon' Guid='{5770385f-c22a-43e0-bf4c-06f5698ffbd9}'/><EventID>7</EventID><Version>3</Version><Level>4</Level><Task>7</Task><Opcode>0</Opcode><Keywords>0x8000000000000000</Keywords><TimeCreated SystemTime='2024-06-13T02:44:37.9488557Z'/><EventRecordID>65</EventRecordID><Correlation/><Execution ProcessID='4796' ThreadID='4896'/><Channel>Microsoft-Windows-Sysmon/Operational</Channel><Computer>b04faea2-c797-4ff3-82a6-2312c432bdf7</Computer><Security UserID='S-1-5-18'/></System><EventData><Data Name='RuleName'>-</Data><Data Name='UtcTime'>2024-06-13 02:44:37.937</Data><Data Name='ProcessGuid'>{6c5fe7fc-5d12-666a-7500-000000000200}</Data><Data Name='ProcessId'>5372</Data><Data Name='Image'>C:\Windows\System32\MoUsoCoreWorker.exe</Data><Data Name='ImageLoaded'>\\VSMB-{dcc079ae-60ba-4d07-847c-3493609c0870}\os\Windows\System32\netapi32.dll</Data><Data Name='FileVersion'>-</Data><Data Name='Description'>-</Data><Data Name='Product'>-</Data><Data Name='Company'>-</Data><Data Name='OriginalFileName'>-</Data><Data Name='Hashes'>-</Data><Data Name='Signed'>failed: Invalid hash</Data><Data Name='Signature'>-</Data><Data Name='SignatureStatus'>-</Data><Data Name='User'>NT AUTHORITY\SYSTEM</Data></EventData></Event>
<Event xmlns='http://schemas.microsoft.com/win/2004/08/events/event'><System><Provider Name='Microsoft-Windows-Sysmon' Guid='{5770385f-c22a-43e0-bf4c-06f5698ffbd9}'/><EventID>7</EventID><Version>3</Version><Level>4</Level><Task>7</Task><Opcode>0</Opcode><Keywords>0x8000000000000000</Keywords><TimeCreated SystemTime='2024-06-13T02:44:38.0248285Z'/><EventRecordID>66</EventRecordID><Correlation/><Execution ProcessID='4796' ThreadID='4896'/><Channel>Microsoft-Windows-Sysmon/Operational</Channel><Computer>b04faea2-c797-4ff3-82a6-2312c432bdf7</Computer><Security UserID='S-1-5-18'/></System><EventData><Data Name='RuleName'>-</Data><Data Name='UtcTime'>2024-06-13 02:44:38.015</Data><Data Name='ProcessGuid'>{6c5fe7fc-5d12-666a-7500-000000000200}</Data><Data Name='ProcessId'>5372</Data><Data Name='Image'>C:\Windows\System32\MoUsoCoreWorker.exe</Data><Data Name='ImageLoaded'>\\VSMB-{dcc079ae-60ba-4d07-847c-3493609c0870}\os\Windows\System32\logoncli.dll</Data><Data Name='FileVersion'>-</Data><Data Name='Description'>-</Data><Data Name='Product'>-</Data><Data Name='Company'>-</Data><Data Name='OriginalFileName'>-</Data><Data Name='Hashes'>-</Data><Data Name='Signed'>failed: Invalid hash</Data><Data Name='Signature'>-</Data><Data Name='SignatureStatus'>-</Data><Data Name='User'>NT AUTHORITY\SYSTEM</Data></EventData></Event>
<Event xmlns='http://schemas.microsoft.com/win/2004/08/events/event'><System><Provider Name='Microsoft-Windows-Sysmon' Guid='{5770385f-c22a-43e0-bf4c-06f5698ffbd9}'/><EventID>7</EventID><Version>3</Version><Level>4</Level><Task>7</Task><Opcode>0</Opcode><Keywords>0x8000000000000000</Keywords><TimeCreated SystemTime='2024-06-13T02:44:38.1272709Z'/><EventRecordID>67</EventRecordID><Correlation/><Execution ProcessID='4796' ThreadID='4896'/><Channel>Microsoft-Windows-Sysmon/Operational</Channel><Computer>b04faea2-c797-4ff3-82a6-2312c432bdf7</Computer><Security UserID='S-1-5-18'/></System><EventData><Data Name='RuleName'>-</Data><Data Name='UtcTime'>2024-06-13 02:44:38.109</Data><Data Name='ProcessGuid'>{6c5fe7fc-5d12-666a-7500-000000000200}</Data><Data Name='ProcessId'>5372</Data><Data Name='Image'>C:\Windows\System32\MoUsoCoreWorker.exe</Data><Data Name='ImageLoaded'>\\VSMB-{dcc079ae-60ba-4d07-847c-3493609c0870}\os\Windows\System32\logoncli.dll</Data><Data Name='FileVersion'>-</Data><Data Name='Description'>-</Data><Data Name='Product'>-</Data><Data Name='Company'>-</Data><Data Name='OriginalFileName'>-</Data><Data Name='Hashes'>-</Data><Data Name='Signed'>failed: Invalid hash</Data><Data Name='Signature'>-</Data><Data Name='SignatureStatus'>-</Data><Data Name='User'>NT AUTHORITY\SYSTEM</Data></EventData></Event>
<Event xmlns='http://schemas.microsoft.com/win/2004/08/events/event'><System><Provider Name='Microsoft-Windows-Sysmon' Guid='{5770385f-c22a-43e0-bf4c-06f5698ffbd9}'/><EventID>7</EventID><Version>3</Version><Level>4</Level><Task>7</Task><Opcode>0</Opcode><Keywords>0x8000000000000000</Keywords><TimeCreated SystemTime='2024-06-13T02:44:38.1532513Z'/><EventRecordID>68</EventRecordID><Correlation/><Execution ProcessID='4796' ThreadID='4896'/><Channel>Microsoft-Windows-Sysmon/Operational</Channel><Computer>b04faea2-c797-4ff3-82a6-2312c432bdf7</Computer><Security UserID='S-1-5-18'/></System><EventData><Data Name='RuleName'>-</Data><Data Name='UtcTime'>2024-06-13 02:44:38.125</Data><Data Name='ProcessGuid'>{6c5fe7fc-5d12-666a-7500-000000000200}</Data><Data Name='ProcessId'>5372</Data><Data Name='Image'>C:\Windows\System32\MoUsoCoreWorker.exe</Data><Data Name='ImageLoaded'>\\VSMB-{dcc079ae-60ba-4d07-847c-3493609c0870}\os\Windows\System32\netapi32.dll</Data><Data Name='FileVersion'>-</Data><Data Name='Description'>-</Data><Data Name='Product'>-</Data><Data Name='Company'>-</Data><Data Name='OriginalFileName'>-</Data><Data Name='Hashes'>-</Data><Data Name='Signed'>failed: Invalid hash</Data><Data Name='Signature'>-</Data><Data Name='SignatureStatus'>-</Data><Data Name='User'>NT AUTHORITY\SYSTEM</Data></EventData></Event>
